2023-01-10 17:20:18.413 [info] Validating found git in: git
2023-01-10 17:20:18.413 [info] Using git 2.39.0 from git
2023-01-10 17:20:18.420 [info] > git rev-parse --show-toplevel [221ms]
2023-01-10 17:20:18.437 [info] > git rev-parse --git-dir --git-common-dir [3ms]
2023-01-10 17:20:18.449 [info] Log level: Info
2023-01-10 17:20:18.449 [info] Open repository: /home/martin/.local/share/Trash/files
2023-01-10 17:20:18.620 [info] > git rev-parse --show-toplevel [40ms]
2023-01-10 17:20:18.642 [info] > git remote --verbose [174ms]
2023-01-10 17:20:18.657 [info] > git rev-parse --show-toplevel [20ms]
2023-01-10 17:20:18.666 [info] > git config --get commit.template [47ms]
2023-01-10 17:20:18.676 [info] > git rev-parse --show-toplevel [10ms]
2023-01-10 17:20:18.685 [info] > git for-each-ref --format=%(refname)%00%(upstream:short)%00%(objectname)%00%(upstream:track)%00%(upstream:remotename)%00%(upstream:remoteref) refs/heads/master refs/remotes/master [11ms]
2023-01-10 17:20:18.685 [info] > git rev-parse --show-toplevel [2ms]
2023-01-10 17:20:20.526 [info] > git for-each-ref --sort -committerdate --format %(refname) %(objectname) %(*objectname) [2073ms]
2023-01-10 17:20:20.527 [info] > git check-ignore -v -z --stdin [197ms]
2023-01-10 17:20:25.943 [info] > git status -z -uall [7473ms] (cancelled)
2023-01-10 17:22:03.402 [info] > git show --textconv :visual-fretboard-vite/package.json [6ms]
2023-01-10 17:22:03.403 [info] > git ls-files --stage -- /home/martin/.local/share/Trash/files/visual-fretboard-vite/package.json [2ms]
2023-01-10 17:22:11.734 [info] > git check-ignore -v -z --stdin [3ms]
2023-01-10 17:22:13.042 [info] > git check-ignore -v -z --stdin [2ms]
