["INFO" - 12:57:54 AM] Extension Name: esbenp.prettier-vscode.
["INFO" - 12:57:54 AM] Extension Version: 9.10.3.
["INFO" - 1:47:39 AM] Formatting file:///home/martin/projects/visual-fretboard-vite/src/store/index.js
["INFO" - 1:47:39 AM] Using config file at '/home/martin/projects/.prettierrc'
["INFO" - 1:47:39 AM] Using ignore file (if present) at /home/martin/projects/visual-fretboard-vite/.prettierignore
["INFO" - 1:47:39 AM] File Info:
{
  "ignored": false,
  "inferredParser": "babel"
}
["INFO" - 1:47:39 AM] Detected local configuration (i.e. .prettierrc or .editorconfig), VS Code configuration will not be used
["INFO" - 1:47:39 AM] Prettier Options:
{
  "filepath": "/home/martin/projects/visual-fretboard-vite/src/store/index.js",
  "parser": "babel",
  "rangeEnd": 1190,
  "rangeStart": 460,
  "trailingComma": "es5",
  "tabWidth": 4,
  "semi": true,
  "singleQuote": false
}
["INFO" - 1:47:39 AM] Formatting completed in 426ms.
["INFO" - 1:47:44 AM] Formatting file:///home/martin/projects/visual-fretboard-vite/src/store/index.js
["INFO" - 1:47:44 AM] Using config file at '/home/martin/projects/.prettierrc'
["INFO" - 1:47:44 AM] Using ignore file (if present) at /home/martin/projects/visual-fretboard-vite/.prettierignore
["INFO" - 1:47:44 AM] File Info:
{
  "ignored": false,
  "inferredParser": "babel"
}
["INFO" - 1:47:44 AM] Detected local configuration (i.e. .prettierrc or .editorconfig), VS Code configuration will not be used
["INFO" - 1:47:44 AM] Prettier Options:
{
  "filepath": "/home/martin/projects/visual-fretboard-vite/src/store/index.js",
  "parser": "babel",
  "trailingComma": "es5",
  "tabWidth": 4,
  "semi": true,
  "singleQuote": false
}
["INFO" - 1:47:44 AM] Formatting completed in 22ms.
["INFO" - 1:48:32 AM] Formatting file:///home/martin/projects/visual-fretboard-vite/src/store/index.js
["INFO" - 1:48:32 AM] Using config file at '/home/martin/projects/.prettierrc'
["INFO" - 1:48:32 AM] Using ignore file (if present) at /home/martin/projects/visual-fretboard-vite/.prettierignore
["INFO" - 1:48:32 AM] File Info:
{
  "ignored": false,
  "inferredParser": "babel"
}
["INFO" - 1:48:32 AM] Detected local configuration (i.e. .prettierrc or .editorconfig), VS Code configuration will not be used
["INFO" - 1:48:32 AM] Prettier Options:
{
  "filepath": "/home/martin/projects/visual-fretboard-vite/src/store/index.js",
  "parser": "babel",
  "trailingComma": "es5",
  "tabWidth": 4,
  "semi": true,
  "singleQuote": false
}
["INFO" - 1:48:32 AM] Formatting completed in 21ms.
["INFO" - 1:48:48 AM] Formatting file:///home/martin/projects/visual-fretboard-vite/src/store/index.js
["INFO" - 1:48:48 AM] Using config file at '/home/martin/projects/.prettierrc'
["INFO" - 1:48:48 AM] Using ignore file (if present) at /home/martin/projects/visual-fretboard-vite/.prettierignore
["INFO" - 1:48:48 AM] File Info:
{
  "ignored": false,
  "inferredParser": "babel"
}
["INFO" - 1:48:48 AM] Detected local configuration (i.e. .prettierrc or .editorconfig), VS Code configuration will not be used
["INFO" - 1:48:48 AM] Prettier Options:
{
  "filepath": "/home/martin/projects/visual-fretboard-vite/src/store/index.js",
  "parser": "babel",
  "trailingComma": "es5",
  "tabWidth": 4,
  "semi": true,
  "singleQuote": false
}
["INFO" - 1:48:48 AM] Formatting completed in 17ms.
["INFO" - 1:59:25 AM] Formatting file:///home/martin/projects/visual-fretboard-vite/src/store/index.js
["INFO" - 1:59:25 AM] Using config file at '/home/martin/projects/.prettierrc'
["INFO" - 1:59:25 AM] Using ignore file (if present) at /home/martin/projects/visual-fretboard-vite/.prettierignore
["INFO" - 1:59:25 AM] File Info:
{
  "ignored": false,
  "inferredParser": "babel"
}
["INFO" - 1:59:25 AM] Detected local configuration (i.e. .prettierrc or .editorconfig), VS Code configuration will not be used
["INFO" - 1:59:25 AM] Prettier Options:
{
  "filepath": "/home/martin/projects/visual-fretboard-vite/src/store/index.js",
  "parser": "babel",
  "trailingComma": "es5",
  "tabWidth": 4,
  "semi": true,
  "singleQuote": false
}
["INFO" - 1:59:25 AM] Formatting completed in 26ms.
["INFO" - 2:01:03 AM] Formatting file:///home/martin/projects/visual-fretboard-vite/src/store/index.js
["INFO" - 2:01:03 AM] Using config file at '/home/martin/projects/.prettierrc'
["INFO" - 2:01:03 AM] Using ignore file (if present) at /home/martin/projects/visual-fretboard-vite/.prettierignore
["INFO" - 2:01:03 AM] File Info:
{
  "ignored": false,
  "inferredParser": "babel"
}
["INFO" - 2:01:03 AM] Detected local configuration (i.e. .prettierrc or .editorconfig), VS Code configuration will not be used
["INFO" - 2:01:03 AM] Prettier Options:
{
  "filepath": "/home/martin/projects/visual-fretboard-vite/src/store/index.js",
  "parser": "babel",
  "trailingComma": "es5",
  "tabWidth": 4,
  "semi": true,
  "singleQuote": false
}
["INFO" - 2:01:03 AM] Formatting completed in 12ms.
["INFO" - 2:01:07 AM] Formatting file:///home/martin/projects/visual-fretboard-vite/src/store/index.js
["INFO" - 2:01:07 AM] Using config file at '/home/martin/projects/.prettierrc'
["INFO" - 2:01:07 AM] Using ignore file (if present) at /home/martin/projects/visual-fretboard-vite/.prettierignore
["INFO" - 2:01:07 AM] File Info:
{
  "ignored": false,
  "inferredParser": "babel"
}
["INFO" - 2:01:07 AM] Detected local configuration (i.e. .prettierrc or .editorconfig), VS Code configuration will not be used
["INFO" - 2:01:07 AM] Prettier Options:
{
  "filepath": "/home/martin/projects/visual-fretboard-vite/src/store/index.js",
  "parser": "babel",
  "trailingComma": "es5",
  "tabWidth": 4,
  "semi": true,
  "singleQuote": false
}
["INFO" - 2:01:07 AM] Formatting completed in 14ms.
["INFO" - 2:01:15 AM] Formatting file:///home/martin/projects/visual-fretboard-vite/src/store/index.js
["INFO" - 2:01:15 AM] Using config file at '/home/martin/projects/.prettierrc'
["INFO" - 2:01:15 AM] Using ignore file (if present) at /home/martin/projects/visual-fretboard-vite/.prettierignore
["INFO" - 2:01:15 AM] File Info:
{
  "ignored": false,
  "inferredParser": "babel"
}
["INFO" - 2:01:15 AM] Detected local configuration (i.e. .prettierrc or .editorconfig), VS Code configuration will not be used
["INFO" - 2:01:15 AM] Prettier Options:
{
  "filepath": "/home/martin/projects/visual-fretboard-vite/src/store/index.js",
  "parser": "babel",
  "trailingComma": "es5",
  "tabWidth": 4,
  "semi": true,
  "singleQuote": false
}
["INFO" - 2:01:15 AM] Formatting completed in 14ms.
["INFO" - 2:01:59 AM] Formatting file:///home/martin/projects/visual-fretboard-vite/src/store/index.js
["INFO" - 2:01:59 AM] Using config file at '/home/martin/projects/.prettierrc'
["INFO" - 2:01:59 AM] Using ignore file (if present) at /home/martin/projects/visual-fretboard-vite/.prettierignore
["INFO" - 2:01:59 AM] File Info:
{
  "ignored": false,
  "inferredParser": "babel"
}
["INFO" - 2:01:59 AM] Detected local configuration (i.e. .prettierrc or .editorconfig), VS Code configuration will not be used
["INFO" - 2:01:59 AM] Prettier Options:
{
  "filepath": "/home/martin/projects/visual-fretboard-vite/src/store/index.js",
  "parser": "babel",
  "trailingComma": "es5",
  "tabWidth": 4,
  "semi": true,
  "singleQuote": false
}
["INFO" - 2:01:59 AM] Formatting completed in 31ms.
["INFO" - 2:02:12 AM] Formatting file:///home/martin/projects/visual-fretboard-vite/src/store/index.js
["INFO" - 2:02:12 AM] Using config file at '/home/martin/projects/.prettierrc'
["INFO" - 2:02:12 AM] Using ignore file (if present) at /home/martin/projects/visual-fretboard-vite/.prettierignore
["INFO" - 2:02:12 AM] File Info:
{
  "ignored": false,
  "inferredParser": "babel"
}
["INFO" - 2:02:12 AM] Detected local configuration (i.e. .prettierrc or .editorconfig), VS Code configuration will not be used
["INFO" - 2:02:12 AM] Prettier Options:
{
  "filepath": "/home/martin/projects/visual-fretboard-vite/src/store/index.js",
  "parser": "babel",
  "trailingComma": "es5",
  "tabWidth": 4,
  "semi": true,
  "singleQuote": false
}
["INFO" - 2:02:12 AM] Formatting completed in 28ms.
["INFO" - 2:02:13 AM] Formatting file:///home/martin/projects/visual-fretboard-vite/src/store/index.js
["INFO" - 2:02:13 AM] Using config file at '/home/martin/projects/.prettierrc'
["INFO" - 2:02:13 AM] Using ignore file (if present) at /home/martin/projects/visual-fretboard-vite/.prettierignore
["INFO" - 2:02:13 AM] File Info:
{
  "ignored": false,
  "inferredParser": "babel"
}
["INFO" - 2:02:13 AM] Detected local configuration (i.e. .prettierrc or .editorconfig), VS Code configuration will not be used
["INFO" - 2:02:13 AM] Prettier Options:
{
  "filepath": "/home/martin/projects/visual-fretboard-vite/src/store/index.js",
  "parser": "babel",
  "trailingComma": "es5",
  "tabWidth": 4,
  "semi": true,
  "singleQuote": false
}
["INFO" - 2:02:13 AM] Formatting completed in 45ms.
["INFO" - 2:02:19 AM] Formatting file:///home/martin/projects/visual-fretboard-vite/src/store/index.js
["INFO" - 2:02:19 AM] Using config file at '/home/martin/projects/.prettierrc'
["INFO" - 2:02:19 AM] Using ignore file (if present) at /home/martin/projects/visual-fretboard-vite/.prettierignore
["INFO" - 2:02:19 AM] File Info:
{
  "ignored": false,
  "inferredParser": "babel"
}
["INFO" - 2:02:19 AM] Detected local configuration (i.e. .prettierrc or .editorconfig), VS Code configuration will not be used
["INFO" - 2:02:19 AM] Prettier Options:
{
  "filepath": "/home/martin/projects/visual-fretboard-vite/src/store/index.js",
  "parser": "babel",
  "trailingComma": "es5",
  "tabWidth": 4,
  "semi": true,
  "singleQuote": false
}
["INFO" - 2:02:19 AM] Formatting completed in 25ms.
["INFO" - 2:02:46 AM] Formatting file:///home/martin/projects/visual-fretboard-vite/src/store/index.js
["INFO" - 2:02:46 AM] Using config file at '/home/martin/projects/.prettierrc'
["INFO" - 2:02:46 AM] Using ignore file (if present) at /home/martin/projects/visual-fretboard-vite/.prettierignore
["INFO" - 2:02:46 AM] File Info:
{
  "ignored": false,
  "inferredParser": "babel"
}
["INFO" - 2:02:46 AM] Detected local configuration (i.e. .prettierrc or .editorconfig), VS Code configuration will not be used
["INFO" - 2:02:46 AM] Prettier Options:
{
  "filepath": "/home/martin/projects/visual-fretboard-vite/src/store/index.js",
  "parser": "babel",
  "trailingComma": "es5",
  "tabWidth": 4,
  "semi": true,
  "singleQuote": false
}
["INFO" - 2:02:46 AM] Formatting completed in 13ms.
["INFO" - 2:03:15 AM] Formatting file:///home/martin/projects/visual-fretboard-vite/src/store/index.js
["INFO" - 2:03:15 AM] Using config file at '/home/martin/projects/.prettierrc'
["INFO" - 2:03:15 AM] Using ignore file (if present) at /home/martin/projects/visual-fretboard-vite/.prettierignore
["INFO" - 2:03:15 AM] File Info:
{
  "ignored": false,
  "inferredParser": "babel"
}
["INFO" - 2:03:15 AM] Detected local configuration (i.e. .prettierrc or .editorconfig), VS Code configuration will not be used
["INFO" - 2:03:15 AM] Prettier Options:
{
  "filepath": "/home/martin/projects/visual-fretboard-vite/src/store/index.js",
  "parser": "babel",
  "trailingComma": "es5",
  "tabWidth": 4,
  "semi": true,
  "singleQuote": false
}
["INFO" - 2:03:15 AM] Formatting completed in 21ms.
["INFO" - 2:03:57 AM] Formatting file:///home/martin/projects/visual-fretboard-vite/src/store/index.js
["INFO" - 2:03:57 AM] Using config file at '/home/martin/projects/.prettierrc'
["INFO" - 2:03:57 AM] Using ignore file (if present) at /home/martin/projects/visual-fretboard-vite/.prettierignore
["INFO" - 2:03:57 AM] File Info:
{
  "ignored": false,
  "inferredParser": "babel"
}
["INFO" - 2:03:57 AM] Detected local configuration (i.e. .prettierrc or .editorconfig), VS Code configuration will not be used
["INFO" - 2:03:57 AM] Prettier Options:
{
  "filepath": "/home/martin/projects/visual-fretboard-vite/src/store/index.js",
  "parser": "babel",
  "trailingComma": "es5",
  "tabWidth": 4,
  "semi": true,
  "singleQuote": false
}
["INFO" - 2:03:57 AM] Formatting completed in 53ms.
["INFO" - 2:07:54 AM] Formatting file:///home/martin/projects/visual-fretboard-vite/src/store/index.js
["INFO" - 2:07:54 AM] Using config file at '/home/martin/projects/.prettierrc'
["INFO" - 2:07:54 AM] Using ignore file (if present) at /home/martin/projects/visual-fretboard-vite/.prettierignore
["INFO" - 2:07:54 AM] File Info:
{
  "ignored": false,
  "inferredParser": "babel"
}
["INFO" - 2:07:54 AM] Detected local configuration (i.e. .prettierrc or .editorconfig), VS Code configuration will not be used
["INFO" - 2:07:54 AM] Prettier Options:
{
  "filepath": "/home/martin/projects/visual-fretboard-vite/src/store/index.js",
  "parser": "babel",
  "trailingComma": "es5",
  "tabWidth": 4,
  "semi": true,
  "singleQuote": false
}
["INFO" - 2:07:54 AM] Formatting completed in 12ms.
["INFO" - 2:08:10 AM] Formatting file:///home/martin/projects/visual-fretboard-vite/src/store/index.js
["INFO" - 2:08:10 AM] Using config file at '/home/martin/projects/.prettierrc'
["INFO" - 2:08:10 AM] Using ignore file (if present) at /home/martin/projects/visual-fretboard-vite/.prettierignore
["INFO" - 2:08:10 AM] File Info:
{
  "ignored": false,
  "inferredParser": "babel"
}
["INFO" - 2:08:10 AM] Detected local configuration (i.e. .prettierrc or .editorconfig), VS Code configuration will not be used
["INFO" - 2:08:10 AM] Prettier Options:
{
  "filepath": "/home/martin/projects/visual-fretboard-vite/src/store/index.js",
  "parser": "babel",
  "trailingComma": "es5",
  "tabWidth": 4,
  "semi": true,
  "singleQuote": false
}
["INFO" - 2:08:10 AM] Formatting completed in 38ms.
["INFO" - 2:26:44 AM] Formatting vscode-userdata:/home/martin/.config/Code/User/settings.json
["INFO" - 2:26:45 AM] File Info:
{
  "ignored": false,
  "inferredParser": "json"
}
["INFO" - 2:26:45 AM] No local configuration (i.e. .prettierrc or .editorconfig) detected, falling back to VS Code configuration
["INFO" - 2:26:45 AM] Prettier Options:
{
  "arrowParens": "always",
  "bracketSpacing": true,
  "endOfLine": "lf",
  "htmlWhitespaceSensitivity": "css",
  "insertPragma": false,
  "singleAttributePerLine": false,
  "bracketSameLine": false,
  "jsxBracketSameLine": false,
  "jsxSingleQuote": false,
  "printWidth": 80,
  "proseWrap": "preserve",
  "quoteProps": "as-needed",
  "requirePragma": false,
  "semi": true,
  "singleQuote": false,
  "tabWidth": 2,
  "trailingComma": "es5",
  "useTabs": false,
  "vueIndentScriptAndStyle": false,
  "filepath": "/home/martin/.config/Code/User/settings.json",
  "parser": "json"
}
["INFO" - 2:26:45 AM] Formatting completed in 641ms.
["INFO" - 3:01:14 AM] Formatting file:///home/martin/projects/visual-fretboard-vite/src/store/index.js
["INFO" - 3:01:14 AM] Using config file at '/home/martin/projects/.prettierrc'
["INFO" - 3:01:14 AM] Using ignore file (if present) at /home/martin/projects/visual-fretboard-vite/.prettierignore
["INFO" - 3:01:14 AM] File Info:
{
  "ignored": false,
  "inferredParser": "babel"
}
["INFO" - 3:01:14 AM] Detected local configuration (i.e. .prettierrc or .editorconfig), VS Code configuration will not be used
["INFO" - 3:01:14 AM] Prettier Options:
{
  "filepath": "/home/martin/projects/visual-fretboard-vite/src/store/index.js",
  "parser": "babel",
  "trailingComma": "es5",
  "tabWidth": 4,
  "semi": true,
  "singleQuote": false
}
["INFO" - 3:01:14 AM] Formatting completed in 138ms.
["INFO" - 3:15:58 AM] Formatting file:///home/martin/projects/visual-fretboard-vite/src/store/index.js
["INFO" - 3:15:58 AM] Using config file at '/home/martin/projects/.prettierrc'
["INFO" - 3:15:58 AM] Using ignore file (if present) at /home/martin/projects/visual-fretboard-vite/.prettierignore
["INFO" - 3:15:58 AM] File Info:
{
  "ignored": false,
  "inferredParser": "babel"
}
["INFO" - 3:15:58 AM] Detected local configuration (i.e. .prettierrc or .editorconfig), VS Code configuration will not be used
["INFO" - 3:15:58 AM] Prettier Options:
{
  "filepath": "/home/martin/projects/visual-fretboard-vite/src/store/index.js",
  "parser": "babel",
  "rangeEnd": 230,
  "rangeStart": 212,
  "trailingComma": "es5",
  "tabWidth": 4,
  "semi": true,
  "singleQuote": false
}
["INFO" - 3:15:58 AM] Formatting completed in 182ms.
["INFO" - 3:15:59 AM] Formatting file:///home/martin/projects/visual-fretboard-vite/src/store/index.js
["INFO" - 3:15:59 AM] Using config file at '/home/martin/projects/.prettierrc'
["INFO" - 3:15:59 AM] Using ignore file (if present) at /home/martin/projects/visual-fretboard-vite/.prettierignore
["INFO" - 3:15:59 AM] File Info:
{
  "ignored": false,
  "inferredParser": "babel"
}
["INFO" - 3:15:59 AM] Detected local configuration (i.e. .prettierrc or .editorconfig), VS Code configuration will not be used
["INFO" - 3:15:59 AM] Prettier Options:
{
  "filepath": "/home/martin/projects/visual-fretboard-vite/src/store/index.js",
  "parser": "babel",
  "trailingComma": "es5",
  "tabWidth": 4,
  "semi": true,
  "singleQuote": false
}
["INFO" - 3:15:59 AM] Formatting completed in 14ms.
["INFO" - 3:17:08 AM] Formatting file:///home/martin/projects/visual-fretboard-vite/src/store/index.js
["INFO" - 3:17:08 AM] Using config file at '/home/martin/projects/.prettierrc'
["INFO" - 3:17:08 AM] Using ignore file (if present) at /home/martin/projects/visual-fretboard-vite/.prettierignore
["INFO" - 3:17:08 AM] File Info:
{
  "ignored": false,
  "inferredParser": "babel"
}
["INFO" - 3:17:08 AM] Detected local configuration (i.e. .prettierrc or .editorconfig), VS Code configuration will not be used
["INFO" - 3:17:08 AM] Prettier Options:
{
  "filepath": "/home/martin/projects/visual-fretboard-vite/src/store/index.js",
  "parser": "babel",
  "rangeEnd": 583,
  "rangeStart": 515,
  "trailingComma": "es5",
  "tabWidth": 4,
  "semi": true,
  "singleQuote": false
}
["INFO" - 3:17:08 AM] Formatting completed in 37ms.
["INFO" - 3:17:14 AM] Formatting file:///home/martin/projects/visual-fretboard-vite/src/store/index.js
["INFO" - 3:17:14 AM] Using config file at '/home/martin/projects/.prettierrc'
["INFO" - 3:17:14 AM] Using ignore file (if present) at /home/martin/projects/visual-fretboard-vite/.prettierignore
["INFO" - 3:17:14 AM] File Info:
{
  "ignored": false,
  "inferredParser": "babel"
}
["INFO" - 3:17:14 AM] Detected local configuration (i.e. .prettierrc or .editorconfig), VS Code configuration will not be used
["INFO" - 3:17:14 AM] Prettier Options:
{
  "filepath": "/home/martin/projects/visual-fretboard-vite/src/store/index.js",
  "parser": "babel",
  "trailingComma": "es5",
  "tabWidth": 4,
  "semi": true,
  "singleQuote": false
}
["INFO" - 3:17:14 AM] Formatting completed in 22ms.
["INFO" - 3:17:25 AM] Formatting file:///home/martin/projects/visual-fretboard-vite/src/store/index.js
["INFO" - 3:17:25 AM] Using config file at '/home/martin/projects/.prettierrc'
["INFO" - 3:17:25 AM] Using ignore file (if present) at /home/martin/projects/visual-fretboard-vite/.prettierignore
["INFO" - 3:17:25 AM] File Info:
{
  "ignored": false,
  "inferredParser": "babel"
}
["INFO" - 3:17:25 AM] Detected local configuration (i.e. .prettierrc or .editorconfig), VS Code configuration will not be used
["INFO" - 3:17:25 AM] Prettier Options:
{
  "filepath": "/home/martin/projects/visual-fretboard-vite/src/store/index.js",
  "parser": "babel",
  "trailingComma": "es5",
  "tabWidth": 4,
  "semi": true,
  "singleQuote": false
}
["INFO" - 3:17:25 AM] Formatting completed in 16ms.
["INFO" - 3:18:03 AM] Formatting file:///home/martin/projects/visual-fretboard-vite/src/store/index.js
["INFO" - 3:18:03 AM] Using config file at '/home/martin/projects/.prettierrc'
["INFO" - 3:18:03 AM] Using ignore file (if present) at /home/martin/projects/visual-fretboard-vite/.prettierignore
["INFO" - 3:18:03 AM] File Info:
{
  "ignored": false,
  "inferredParser": "babel"
}
["INFO" - 3:18:03 AM] Detected local configuration (i.e. .prettierrc or .editorconfig), VS Code configuration will not be used
["INFO" - 3:18:03 AM] Prettier Options:
{
  "filepath": "/home/martin/projects/visual-fretboard-vite/src/store/index.js",
  "parser": "babel",
  "trailingComma": "es5",
  "tabWidth": 4,
  "semi": true,
  "singleQuote": false
}
["INFO" - 3:18:03 AM] Formatting completed in 13ms.
["INFO" - 3:23:18 AM] Formatting file:///home/martin/projects/visual-fretboard-vite/src/store/index.js
["INFO" - 3:23:18 AM] Using config file at '/home/martin/projects/.prettierrc'
["INFO" - 3:23:18 AM] Using ignore file (if present) at /home/martin/projects/visual-fretboard-vite/.prettierignore
["INFO" - 3:23:18 AM] File Info:
{
  "ignored": false,
  "inferredParser": "babel"
}
["INFO" - 3:23:18 AM] Detected local configuration (i.e. .prettierrc or .editorconfig), VS Code configuration will not be used
["INFO" - 3:23:18 AM] Prettier Options:
{
  "filepath": "/home/martin/projects/visual-fretboard-vite/src/store/index.js",
  "parser": "babel",
  "trailingComma": "es5",
  "tabWidth": 4,
  "semi": true,
  "singleQuote": false
}
["INFO" - 3:23:18 AM] Formatting completed in 53ms.
["INFO" - 3:23:22 AM] Formatting file:///home/martin/projects/visual-fretboard-vite/src/store/index.js
["INFO" - 3:23:22 AM] Using config file at '/home/martin/projects/.prettierrc'
["INFO" - 3:23:22 AM] Using ignore file (if present) at /home/martin/projects/visual-fretboard-vite/.prettierignore
["INFO" - 3:23:22 AM] File Info:
{
  "ignored": false,
  "inferredParser": "babel"
}
["INFO" - 3:23:22 AM] Detected local configuration (i.e. .prettierrc or .editorconfig), VS Code configuration will not be used
["INFO" - 3:23:22 AM] Prettier Options:
{
  "filepath": "/home/martin/projects/visual-fretboard-vite/src/store/index.js",
  "parser": "babel",
  "trailingComma": "es5",
  "tabWidth": 4,
  "semi": true,
  "singleQuote": false
}
["INFO" - 3:23:22 AM] Formatting completed in 12ms.
["INFO" - 3:24:03 AM] Formatting file:///home/martin/projects/visual-fretboard-vite/src/store/index.js
["INFO" - 3:24:03 AM] Using config file at '/home/martin/projects/.prettierrc'
["INFO" - 3:24:03 AM] Using ignore file (if present) at /home/martin/projects/visual-fretboard-vite/.prettierignore
["INFO" - 3:24:03 AM] File Info:
{
  "ignored": false,
  "inferredParser": "babel"
}
["INFO" - 3:24:03 AM] Detected local configuration (i.e. .prettierrc or .editorconfig), VS Code configuration will not be used
["INFO" - 3:24:03 AM] Prettier Options:
{
  "filepath": "/home/martin/projects/visual-fretboard-vite/src/store/index.js",
  "parser": "babel",
  "trailingComma": "es5",
  "tabWidth": 4,
  "semi": true,
  "singleQuote": false
}
["INFO" - 3:24:03 AM] Formatting completed in 52ms.
["INFO" - 3:24:09 AM] Formatting file:///home/martin/projects/visual-fretboard-vite/src/store/index.js
["INFO" - 3:24:09 AM] Using config file at '/home/martin/projects/.prettierrc'
["INFO" - 3:24:09 AM] Using ignore file (if present) at /home/martin/projects/visual-fretboard-vite/.prettierignore
["INFO" - 3:24:09 AM] File Info:
{
  "ignored": false,
  "inferredParser": "babel"
}
["INFO" - 3:24:09 AM] Detected local configuration (i.e. .prettierrc or .editorconfig), VS Code configuration will not be used
["INFO" - 3:24:09 AM] Prettier Options:
{
  "filepath": "/home/martin/projects/visual-fretboard-vite/src/store/index.js",
  "parser": "babel",
  "trailingComma": "es5",
  "tabWidth": 4,
  "semi": true,
  "singleQuote": false
}
["INFO" - 3:24:09 AM] Formatting completed in 15ms.
["INFO" - 3:24:16 AM] Formatting file:///home/martin/projects/visual-fretboard-vite/src/store/index.js
["INFO" - 3:24:16 AM] Using config file at '/home/martin/projects/.prettierrc'
["INFO" - 3:24:16 AM] Using ignore file (if present) at /home/martin/projects/visual-fretboard-vite/.prettierignore
["INFO" - 3:24:16 AM] File Info:
{
  "ignored": false,
  "inferredParser": "babel"
}
["INFO" - 3:24:16 AM] Detected local configuration (i.e. .prettierrc or .editorconfig), VS Code configuration will not be used
["INFO" - 3:24:16 AM] Prettier Options:
{
  "filepath": "/home/martin/projects/visual-fretboard-vite/src/store/index.js",
  "parser": "babel",
  "trailingComma": "es5",
  "tabWidth": 4,
  "semi": true,
  "singleQuote": false
}
["INFO" - 3:24:16 AM] Formatting completed in 47ms.
["INFO" - 3:24:22 AM] Formatting file:///home/martin/projects/visual-fretboard-vite/src/store/index.js
["INFO" - 3:24:22 AM] Using config file at '/home/martin/projects/.prettierrc'
["INFO" - 3:24:22 AM] Using ignore file (if present) at /home/martin/projects/visual-fretboard-vite/.prettierignore
["INFO" - 3:24:22 AM] File Info:
{
  "ignored": false,
  "inferredParser": "babel"
}
["INFO" - 3:24:22 AM] Detected local configuration (i.e. .prettierrc or .editorconfig), VS Code configuration will not be used
["INFO" - 3:24:22 AM] Prettier Options:
{
  "filepath": "/home/martin/projects/visual-fretboard-vite/src/store/index.js",
  "parser": "babel",
  "trailingComma": "es5",
  "tabWidth": 4,
  "semi": true,
  "singleQuote": false
}
["INFO" - 3:24:22 AM] Formatting completed in 12ms.
["INFO" - 3:28:31 AM] Formatting file:///home/martin/projects/visual-fretboard-vite/src/store/index.js
["INFO" - 3:28:31 AM] Using config file at '/home/martin/projects/.prettierrc'
["INFO" - 3:28:31 AM] Using ignore file (if present) at /home/martin/projects/visual-fretboard-vite/.prettierignore
["INFO" - 3:28:31 AM] File Info:
{
  "ignored": false,
  "inferredParser": "babel"
}
["INFO" - 3:28:31 AM] Detected local configuration (i.e. .prettierrc or .editorconfig), VS Code configuration will not be used
["INFO" - 3:28:31 AM] Prettier Options:
{
  "filepath": "/home/martin/projects/visual-fretboard-vite/src/store/index.js",
  "parser": "babel",
  "trailingComma": "es5",
  "tabWidth": 4,
  "semi": true,
  "singleQuote": false
}
["INFO" - 3:28:31 AM] Formatting completed in 11ms.
