2023-01-11 03:41:47.295 [info] Validating found git in: git
2023-01-11 03:41:47.295 [info] Using git 2.39.0 from git
2023-01-11 03:41:47.295 [info] > git rev-parse --show-toplevel [12ms]
2023-01-11 03:41:47.298 [info] > git rev-parse --git-dir --git-common-dir [28ms]
2023-01-11 03:41:47.309 [info] Log level: Info
2023-01-11 03:41:47.309 [info] Open repository: /home/martin/projects/portfolio
2023-01-11 03:41:47.626 [info] > git config --get commit.template [201ms]
2023-01-11 03:41:47.626 [info] > git for-each-ref --sort -committerdate --format %(refname) %(objectname) %(*objectname) [304ms]
2023-01-11 03:41:47.626 [info] > git remote --verbose [296ms]
2023-01-11 03:41:47.626 [info] > git rev-parse --show-toplevel [273ms]
2023-01-11 03:41:47.646 [info] > git rev-parse --show-toplevel [13ms]
2023-01-11 03:41:47.660 [info] > git rev-parse --show-toplevel [3ms]
2023-01-11 03:41:47.674 [info] > git for-each-ref --format=%(refname)%00%(upstream:short)%00%(objectname)%00%(upstream:track)%00%(upstream:remotename)%00%(upstream:remoteref) refs/heads/main refs/remotes/main [29ms]
2023-01-11 03:41:47.677 [info] > git rev-parse --show-toplevel [4ms]
2023-01-11 03:41:47.689 [info] > git rev-parse --show-toplevel [6ms]
2023-01-11 03:41:47.699 [info] > git rev-parse --show-toplevel [3ms]
2023-01-11 03:41:47.709 [info] > git rev-parse --show-toplevel [3ms]
2023-01-11 03:41:47.718 [info] > git rev-parse --show-toplevel [2ms]
2023-01-11 03:41:49.204 [info] > git status -z -uall [1862ms]
2023-01-11 03:41:49.204 [info] > git show --textconv :public/data.json [1478ms]
2023-01-11 03:41:49.204 [info] > git check-ignore -v -z --stdin [126ms]
2023-01-11 03:41:49.265 [info] > git ls-files --stage -- /home/martin/projects/portfolio/public/data.json [1522ms]
2023-01-11 03:41:49.277 [info] > git status -z -uall [13ms]
2023-01-11 03:41:49.279 [info] > git remote --verbose [25ms]
2023-01-11 03:41:49.279 [info] > git for-each-ref --sort -committerdate --format %(refname) %(objectname) %(*objectname) [34ms]
2023-01-11 03:41:49.294 [info] > git config --get commit.template [17ms]
2023-01-11 03:41:49.294 [info] > git for-each-ref --format=%(refname)%00%(upstream:short)%00%(objectname)%00%(upstream:track)%00%(upstream:remotename)%00%(upstream:remoteref) refs/heads/main refs/remotes/main [3ms]
2023-01-11 03:42:12.281 [info] > git status -z -uall [17ms]
2023-01-11 03:42:12.282 [info] > git remote --verbose [32ms]
2023-01-11 03:42:12.282 [info] > git for-each-ref --sort -committerdate --format %(refname) %(objectname) %(*objectname) [40ms]
2023-01-11 03:42:12.286 [info] > git config --get commit.template [5ms]
2023-01-11 03:42:12.301 [info] > git for-each-ref --format=%(refname)%00%(upstream:short)%00%(objectname)%00%(upstream:track)%00%(upstream:remotename)%00%(upstream:remoteref) refs/heads/main refs/remotes/main [2ms]
