2023-01-10 16:52:30.818 [info] Validating found git in: git
2023-01-10 16:52:30.818 [info] Using git 2.39.0 from git
2023-01-10 16:52:30.818 [info] > git rev-parse --show-toplevel [10ms]
2023-01-10 16:52:30.818 [info] > git rev-parse --git-dir --git-common-dir [6ms]
2023-01-10 16:52:30.818 [info] Log level: Info
2023-01-10 16:52:30.818 [info] Open repository: /home/martin/projects/visual-fretboard
2023-01-10 16:52:30.894 [info] > git status -z -uall [131ms]
2023-01-10 16:52:30.895 [info] > git rev-parse --show-toplevel [122ms]
2023-01-10 16:52:30.910 [info] > git remote --verbose [153ms]
2023-01-10 16:52:30.910 [info] > git for-each-ref --sort -committerdate --format %(refname) %(objectname) %(*objectname) [163ms]
2023-01-10 16:52:30.941 [info] > git rev-parse --show-toplevel [32ms]
2023-01-10 16:52:30.955 [info] > git config --get commit.template [172ms]
2023-01-10 16:52:30.957 [info] > git rev-parse --show-toplevel [3ms]
2023-01-10 16:52:31.096 [info] > git for-each-ref --format=%(refname)%00%(upstream:short)%00%(objectname)%00%(upstream:track)%00%(upstream:remotename)%00%(upstream:remoteref) refs/heads/master refs/remotes/master [131ms]
2023-01-10 16:52:31.133 [info] > git status -z -uall [10ms]
2023-01-10 16:52:31.134 [info] > git remote --verbose [18ms]
2023-01-10 16:52:31.134 [info] > git for-each-ref --sort -committerdate --format %(refname) %(objectname) %(*objectname) [25ms]
2023-01-10 16:52:31.146 [info] > git config --get commit.template [14ms]
2023-01-10 16:52:31.163 [info] > git for-each-ref --format=%(refname)%00%(upstream:short)%00%(objectname)%00%(upstream:track)%00%(upstream:remotename)%00%(upstream:remoteref) refs/heads/master refs/remotes/master [5ms]
2023-01-10 16:52:31.320 [info] > git check-ignore -v -z --stdin [3ms]
2023-01-10 16:52:31.657 [info] > git ls-files --stage -- /home/martin/projects/visual-fretboard/package.json [20ms]
2023-01-10 16:52:31.687 [info] > git show --textconv :package.json [60ms]
2023-01-10 16:52:31.698 [info] > git cat-file -s a74002522b29814511663c0ae570fda1442d1b99 [12ms]
2023-01-10 16:53:17.344 [info] > git show --textconv :package.json [12ms]
2023-01-10 16:53:17.345 [info] > git ls-files --stage -- /home/martin/projects/visual-fretboard/package.json [2ms]
2023-01-10 16:53:17.355 [info] > git cat-file -s a74002522b29814511663c0ae570fda1442d1b99 [5ms]
2023-01-10 16:56:02.119 [info] > git show --textconv :src/components/Fretboard.vue [54ms]
2023-01-10 16:56:02.119 [info] > git ls-files --stage -- /home/martin/projects/visual-fretboard/src/components/Fretboard.vue [46ms]
2023-01-10 16:56:02.129 [info] > git cat-file -s 0653bb24845a69c08ea51f8dff56ee2a3644f072 [2ms]
2023-01-10 16:56:17.073 [info] > git check-ignore -v -z --stdin [2ms]
2023-01-10 16:56:19.027 [info] > git check-ignore -v -z --stdin [2ms]
2023-01-10 17:00:02.547 [info] > git show --textconv :src/App.vue [33ms]
2023-01-10 17:00:02.548 [info] > git ls-files --stage -- /home/martin/projects/visual-fretboard/src/App.vue [3ms]
2023-01-10 17:00:02.572 [info] > git cat-file -s 9eef5adcb310dbfe5d6280ab5410a1657338687e [6ms]
2023-01-10 17:06:42.318 [info] > git status -z -uall [18ms]
2023-01-10 17:06:42.319 [info] > git remote --verbose [37ms]
2023-01-10 17:06:42.320 [info] > git for-each-ref --sort -committerdate --format %(refname) %(objectname) %(*objectname) [57ms]
2023-01-10 17:06:42.324 [info] > git config --get commit.template [5ms]
2023-01-10 17:06:42.344 [info] > git for-each-ref --format=%(refname)%00%(upstream:short)%00%(objectname)%00%(upstream:track)%00%(upstream:remotename)%00%(upstream:remoteref) refs/heads/master refs/remotes/master [6ms]
2023-01-10 17:07:23.636 [info] > git status -z -uall [21ms]
2023-01-10 17:07:23.638 [info] > git remote --verbose [48ms]
2023-01-10 17:07:23.639 [info] > git for-each-ref --sort -committerdate --format %(refname) %(objectname) %(*objectname) [60ms]
2023-01-10 17:07:23.641 [info] > git config --get commit.template [10ms]
2023-01-10 17:07:23.647 [info] > git for-each-ref --format=%(refname)%00%(upstream:short)%00%(objectname)%00%(upstream:track)%00%(upstream:remotename)%00%(upstream:remoteref) refs/heads/master refs/remotes/master [1ms]
2023-01-10 17:07:53.965 [info] > git status -z -uall [30ms]
2023-01-10 17:07:53.965 [info] > git remote --verbose [44ms]
2023-01-10 17:07:53.965 [info] > git for-each-ref --sort -committerdate --format %(refname) %(objectname) %(*objectname) [54ms]
2023-01-10 17:07:53.966 [info] > git config --get commit.template [2ms]
2023-01-10 17:07:53.979 [info] > git for-each-ref --format=%(refname)%00%(upstream:short)%00%(objectname)%00%(upstream:track)%00%(upstream:remotename)%00%(upstream:remoteref) refs/heads/master refs/remotes/master [1ms]
2023-01-10 17:08:08.099 [info] > git status -z -uall [17ms]
2023-01-10 17:08:08.100 [info] > git remote --verbose [31ms]
2023-01-10 17:08:08.100 [info] > git for-each-ref --sort -committerdate --format %(refname) %(objectname) %(*objectname) [44ms]
2023-01-10 17:08:08.100 [info] > git config --get commit.template [1ms]
2023-01-10 17:08:08.117 [info] > git for-each-ref --format=%(refname)%00%(upstream:short)%00%(objectname)%00%(upstream:track)%00%(upstream:remotename)%00%(upstream:remoteref) refs/heads/master refs/remotes/master [1ms]
2023-01-10 17:08:13.158 [info] > git status -z -uall [11ms]
2023-01-10 17:08:13.159 [info] > git remote --verbose [19ms]
2023-01-10 17:08:13.159 [info] > git for-each-ref --sort -committerdate --format %(refname) %(objectname) %(*objectname) [28ms]
2023-01-10 17:08:13.160 [info] > git config --get commit.template [4ms]
2023-01-10 17:08:13.167 [info] > git for-each-ref --format=%(refname)%00%(upstream:short)%00%(objectname)%00%(upstream:track)%00%(upstream:remotename)%00%(upstream:remoteref) refs/heads/master refs/remotes/master [2ms]
2023-01-10 17:10:40.537 [info] > git status -z -uall [14ms]
2023-01-10 17:10:40.538 [info] > git for-each-ref --sort -committerdate --format %(refname) %(objectname) %(*objectname) [44ms]
2023-01-10 17:10:40.538 [info] > git remote --verbose [31ms]
2023-01-10 17:10:40.538 [info] > git config --get commit.template [3ms]
2023-01-10 17:10:40.553 [info] > git for-each-ref --format=%(refname)%00%(upstream:short)%00%(objectname)%00%(upstream:track)%00%(upstream:remotename)%00%(upstream:remoteref) refs/heads/master refs/remotes/master [4ms]
2023-01-10 17:10:43.444 [info] > git show --textconv :src/components/Fretboard.vue [64ms]
2023-01-10 17:10:43.464 [info] > git ls-files --stage -- /home/martin/projects/visual-fretboard/src/components/Fretboard.vue [26ms]
2023-01-10 17:10:43.479 [info] > git cat-file -s 0653bb24845a69c08ea51f8dff56ee2a3644f072 [5ms]
2023-01-10 17:11:30.097 [info] > git show --textconv :src/App.vue [11ms]
2023-01-10 17:11:30.098 [info] > git ls-files --stage -- /home/martin/projects/visual-fretboard/src/App.vue [3ms]
2023-01-10 17:11:30.112 [info] > git cat-file -s 9eef5adcb310dbfe5d6280ab5410a1657338687e [2ms]
2023-01-10 17:11:34.880 [info] > git status -z -uall [19ms]
2023-01-10 17:11:34.880 [info] > git remote --verbose [29ms]
2023-01-10 17:11:34.881 [info] > git for-each-ref --sort -committerdate --format %(refname) %(objectname) %(*objectname) [40ms]
2023-01-10 17:11:34.882 [info] > git config --get commit.template [3ms]
2023-01-10 17:11:34.902 [info] > git for-each-ref --format=%(refname)%00%(upstream:short)%00%(objectname)%00%(upstream:track)%00%(upstream:remotename)%00%(upstream:remoteref) refs/heads/master refs/remotes/master [4ms]
2023-01-10 17:11:54.570 [info] > git status -z -uall [20ms]
2023-01-10 17:11:54.571 [info] > git remote --verbose [35ms]
2023-01-10 17:11:54.572 [info] > git for-each-ref --sort -committerdate --format %(refname) %(objectname) %(*objectname) [52ms]
2023-01-10 17:11:54.576 [info] > git config --get commit.template [9ms]
2023-01-10 17:11:54.594 [info] > git for-each-ref --format=%(refname)%00%(upstream:short)%00%(objectname)%00%(upstream:track)%00%(upstream:remotename)%00%(upstream:remoteref) refs/heads/master refs/remotes/master [1ms]
2023-01-10 17:12:09.328 [info] > git status -z -uall [11ms]
2023-01-10 17:12:09.328 [info] > git remote --verbose [18ms]
2023-01-10 17:12:09.329 [info] > git for-each-ref --sort -committerdate --format %(refname) %(objectname) %(*objectname) [25ms]
2023-01-10 17:12:09.329 [info] > git config --get commit.template [2ms]
2023-01-10 17:12:09.340 [info] > git for-each-ref --format=%(refname)%00%(upstream:short)%00%(objectname)%00%(upstream:track)%00%(upstream:remotename)%00%(upstream:remoteref) refs/heads/master refs/remotes/master [1ms]
2023-01-10 17:13:02.647 [info] > git status -z -uall [46ms]
2023-01-10 17:13:02.647 [info] > git remote --verbose [68ms]
2023-01-10 17:13:02.647 [info] > git for-each-ref --sort -committerdate --format %(refname) %(objectname) %(*objectname) [99ms]
2023-01-10 17:13:02.647 [info] > git config --get commit.template [2ms]
2023-01-10 17:13:02.663 [info] > git for-each-ref --format=%(refname)%00%(upstream:short)%00%(objectname)%00%(upstream:track)%00%(upstream:remotename)%00%(upstream:remoteref) refs/heads/master refs/remotes/master [1ms]
2023-01-10 17:13:07.737 [info] > git status -z -uall [8ms]
2023-01-10 17:13:07.737 [info] > git remote --verbose [13ms]
2023-01-10 17:13:07.738 [info] > git for-each-ref --sort -committerdate --format %(refname) %(objectname) %(*objectname) [22ms]
2023-01-10 17:13:07.738 [info] > git config --get commit.template [2ms]
2023-01-10 17:13:07.745 [info] > git for-each-ref --format=%(refname)%00%(upstream:short)%00%(objectname)%00%(upstream:track)%00%(upstream:remotename)%00%(upstream:remoteref) refs/heads/master refs/remotes/master [2ms]
2023-01-10 17:13:24.960 [info] > git status -z -uall [5ms]
2023-01-10 17:13:24.960 [info] > git remote --verbose [9ms]
2023-01-10 17:13:24.960 [info] > git for-each-ref --sort -committerdate --format %(refname) %(objectname) %(*objectname) [13ms]
2023-01-10 17:13:24.961 [info] > git config --get commit.template [1ms]
2023-01-10 17:13:24.970 [info] > git for-each-ref --format=%(refname)%00%(upstream:short)%00%(objectname)%00%(upstream:track)%00%(upstream:remotename)%00%(upstream:remoteref) refs/heads/master refs/remotes/master [2ms]
2023-01-10 17:13:53.810 [info] > git show --textconv :src/components/Fretboard.vue [20ms]
2023-01-10 17:13:53.817 [info] > git ls-files --stage -- /home/martin/projects/visual-fretboard/src/components/Fretboard.vue [15ms]
2023-01-10 17:13:53.845 [info] > git cat-file -s 0653bb24845a69c08ea51f8dff56ee2a3644f072 [3ms]
2023-01-10 17:14:18.142 [info] > git status -z -uall [10ms]
2023-01-10 17:14:18.142 [info] > git remote --verbose [19ms]
2023-01-10 17:14:18.143 [info] > git for-each-ref --sort -committerdate --format %(refname) %(objectname) %(*objectname) [29ms]
2023-01-10 17:14:18.143 [info] > git config --get commit.template [2ms]
2023-01-10 17:14:18.170 [info] > git for-each-ref --format=%(refname)%00%(upstream:short)%00%(objectname)%00%(upstream:track)%00%(upstream:remotename)%00%(upstream:remoteref) refs/heads/master refs/remotes/master [13ms]
2023-01-10 17:14:18.495 [info] > git show --textconv :src/App.vue [8ms]
2023-01-10 17:14:18.495 [info] > git ls-files --stage -- /home/martin/projects/visual-fretboard/src/App.vue [1ms]
2023-01-10 17:14:18.510 [info] > git cat-file -s 9eef5adcb310dbfe5d6280ab5410a1657338687e [2ms]
2023-01-10 17:14:26.301 [info] > git status -z -uall [5ms]
2023-01-10 17:14:26.301 [info] > git remote --verbose [10ms]
2023-01-10 17:14:26.301 [info] > git for-each-ref --sort -committerdate --format %(refname) %(objectname) %(*objectname) [14ms]
2023-01-10 17:14:26.301 [info] > git config --get commit.template [1ms]
2023-01-10 17:14:26.307 [info] > git for-each-ref --format=%(refname)%00%(upstream:short)%00%(objectname)%00%(upstream:track)%00%(upstream:remotename)%00%(upstream:remoteref) refs/heads/master refs/remotes/master [1ms]
2023-01-10 17:15:45.567 [info] > git status -z -uall [16ms]
2023-01-10 17:15:45.567 [info] > git remote --verbose [40ms]
2023-01-10 17:15:45.568 [info] > git for-each-ref --sort -committerdate --format %(refname) %(objectname) %(*objectname) [54ms]
2023-01-10 17:15:45.571 [info] > git config --get commit.template [5ms]
2023-01-10 17:15:45.592 [info] > git for-each-ref --format=%(refname)%00%(upstream:short)%00%(objectname)%00%(upstream:track)%00%(upstream:remotename)%00%(upstream:remoteref) refs/heads/master refs/remotes/master [3ms]
2023-01-10 17:15:52.399 [info] > git status -z -uall [15ms]
2023-01-10 17:15:52.399 [info] > git remote --verbose [27ms]
2023-01-10 17:15:52.400 [info] > git for-each-ref --sort -committerdate --format %(refname) %(objectname) %(*objectname) [38ms]
2023-01-10 17:15:52.400 [info] > git config --get commit.template [3ms]
2023-01-10 17:15:52.411 [info] > git for-each-ref --format=%(refname)%00%(upstream:short)%00%(objectname)%00%(upstream:track)%00%(upstream:remotename)%00%(upstream:remoteref) refs/heads/master refs/remotes/master [2ms]
2023-01-10 17:15:57.683 [info] > git status -z -uall [6ms]
2023-01-10 17:15:57.683 [info] > git remote --verbose [11ms]
2023-01-10 17:15:57.683 [info] > git for-each-ref --sort -committerdate --format %(refname) %(objectname) %(*objectname) [19ms]
2023-01-10 17:15:57.683 [info] > git config --get commit.template [1ms]
2023-01-10 17:15:57.690 [info] > git for-each-ref --format=%(refname)%00%(upstream:short)%00%(objectname)%00%(upstream:track)%00%(upstream:remotename)%00%(upstream:remoteref) refs/heads/master refs/remotes/master [2ms]
2023-01-10 17:16:16.736 [info] > git status -z -uall [5ms]
2023-01-10 17:16:16.736 [info] > git remote --verbose [11ms]
2023-01-10 17:16:16.736 [info] > git for-each-ref --sort -committerdate --format %(refname) %(objectname) %(*objectname) [16ms]
2023-01-10 17:16:16.737 [info] > git config --get commit.template [2ms]
2023-01-10 17:16:16.744 [info] > git for-each-ref --format=%(refname)%00%(upstream:short)%00%(objectname)%00%(upstream:track)%00%(upstream:remotename)%00%(upstream:remoteref) refs/heads/master refs/remotes/master [1ms]
