[2022-08-23T00:00:46.574Z] Log level: Info
[2022-08-23T00:00:46.577Z] [info] Validating found git in: git
[2022-08-23T00:00:46.614Z] [info] Using git 2.37.2 from git
[2022-08-23T00:00:46.628Z] > git rev-parse --show-toplevel [4ms]
[2022-08-23T00:00:46.641Z] > git rev-parse --git-dir --git-common-dir [2ms]
[2022-08-23T00:00:46.645Z] [info] Open repository: /home/martin/projects/visual-fretboard
[2022-08-23T00:00:47.227Z] > git status -z -uall [573ms]
[2022-08-23T00:00:47.253Z] > git symbolic-ref --short HEAD [21ms]
[2022-08-23T00:00:47.260Z] > git check-ignore -v -z --stdin [19ms]
[2022-08-23T00:00:47.264Z] > git for-each-ref --format=%(refname)%00%(upstream:short)%00%(objectname)%00%(upstream:track)%00%(upstream:remotename)%00%(upstream:remoteref) refs/heads/main refs/remotes/main [5ms]
[2022-08-23T00:00:47.302Z] > git show --textconv :components/String.js [15ms]
[2022-08-23T00:00:47.302Z] > git for-each-ref --sort -committerdate --format %(refname) %(objectname) %(*objectname) [31ms]
[2022-08-23T00:00:47.307Z] > git ls-files --stage -- /home/martin/projects/visual-fretboard/components/String.js [9ms]
[2022-08-23T00:00:47.309Z] > git remote --verbose [31ms]
[2022-08-23T00:00:48.870Z] > git config --get commit.template [84ms]
[2022-08-23T00:00:48.883Z] > git check-ignore -v -z --stdin [75ms]
[2022-08-23T00:00:48.884Z] > git status -z -uall [6ms]
[2022-08-23T00:00:48.893Z] > git symbolic-ref --short HEAD [2ms]
[2022-08-23T00:00:48.909Z] > git for-each-ref --format=%(refname)%00%(upstream:short)%00%(objectname)%00%(upstream:track)%00%(upstream:remotename)%00%(upstream:remoteref) refs/heads/main refs/remotes/main [4ms]
[2022-08-23T00:00:48.941Z] > git for-each-ref --sort -committerdate --format %(refname) %(objectname) %(*objectname) [19ms]
[2022-08-23T00:00:48.942Z] > git remote --verbose [14ms]
[2022-08-23T00:00:48.959Z] > git config --get commit.template [1ms]
[2022-08-23T00:01:28.880Z] > git show --textconv :components/Fretboard.js [7ms]
[2022-08-23T00:01:28.881Z] > git ls-files --stage -- /home/martin/projects/visual-fretboard/components/Fretboard.js [3ms]
[2022-08-23T00:01:38.617Z] > git show --textconv :pages/index.js [5ms]
[2022-08-23T00:01:38.617Z] > git ls-files --stage -- /home/martin/projects/visual-fretboard/pages/index.js [1ms]
[2022-08-23T00:01:38.623Z] > git cat-file -s dc4b64035213fbc364af5421d19f9fb2f8249f7c [1ms]
[2022-08-23T00:01:49.052Z] > git show --textconv :components/String.js [12ms]
[2022-08-23T00:01:49.053Z] > git ls-files --stage -- /home/martin/projects/visual-fretboard/components/String.js [3ms]
[2022-08-23T00:33:41.849Z] > git status -z -uall [8ms]
[2022-08-23T00:33:41.875Z] > git symbolic-ref --short HEAD [7ms]
[2022-08-23T00:33:41.897Z] > git for-each-ref --format=%(refname)%00%(upstream:short)%00%(objectname)%00%(upstream:track)%00%(upstream:remotename)%00%(upstream:remoteref) refs/heads/main refs/remotes/main [2ms]
[2022-08-23T00:33:41.917Z] > git for-each-ref --sort -committerdate --format %(refname) %(objectname) %(*objectname) [13ms]
[2022-08-23T00:33:41.917Z] > git remote --verbose [3ms]
[2022-08-23T00:33:41.943Z] > git config --get commit.template [7ms]
[2022-08-23T00:33:46.961Z] > git status -z -uall [2ms]
[2022-08-23T00:33:46.967Z] > git symbolic-ref --short HEAD [1ms]
[2022-08-23T00:33:46.973Z] > git for-each-ref --format=%(refname)%00%(upstream:short)%00%(objectname)%00%(upstream:track)%00%(upstream:remotename)%00%(upstream:remoteref) refs/heads/main refs/remotes/main [2ms]
[2022-08-23T00:33:46.982Z] > git for-each-ref --sort -committerdate --format %(refname) %(objectname) %(*objectname) [5ms]
[2022-08-23T00:33:46.982Z] > git remote --verbose [1ms]
[2022-08-23T00:33:46.989Z] > git config --get commit.template [1ms]
[2022-08-23T01:11:52.262Z] > git status -z -uall [2ms]
[2022-08-23T01:11:52.269Z] > git symbolic-ref --short HEAD [2ms]
[2022-08-23T01:11:52.275Z] > git for-each-ref --format=%(refname)%00%(upstream:short)%00%(objectname)%00%(upstream:track)%00%(upstream:remotename)%00%(upstream:remoteref) refs/heads/main refs/remotes/main [1ms]
[2022-08-23T01:11:52.286Z] > git for-each-ref --sort -committerdate --format %(refname) %(objectname) %(*objectname) [6ms]
[2022-08-23T01:11:52.286Z] > git remote --verbose [1ms]
[2022-08-23T01:11:52.293Z] > git config --get commit.template [1ms]
[2022-08-23T01:11:57.417Z] > git show --textconv :components/Metronome.js [7ms]
[2022-08-23T01:11:57.418Z] > git ls-files --stage -- /home/martin/projects/visual-fretboard/components/Metronome.js [2ms]
[2022-08-23T01:11:58.329Z] > git show --textconv :components/Fretboard.js [12ms]
[2022-08-23T01:11:58.331Z] > git ls-files --stage -- /home/martin/projects/visual-fretboard/components/Fretboard.js [3ms]
[2022-08-23T01:12:13.763Z] > git ls-files --stage -- /home/martin/projects/visual-fretboard/styles/globals.css [5ms]
[2022-08-23T01:12:13.800Z] > git show --textconv :styles/globals.css [75ms]
[2022-08-23T01:12:13.800Z] > git cat-file -s 4f1842163d2220cc7c9df3acbad206328c6648fb [25ms]
[2022-08-23T01:12:38.392Z] > git status -z -uall [3ms]
[2022-08-23T01:12:38.422Z] > git symbolic-ref --short HEAD [5ms]
[2022-08-23T01:12:38.442Z] > git for-each-ref --format=%(refname)%00%(upstream:short)%00%(objectname)%00%(upstream:track)%00%(upstream:remotename)%00%(upstream:remoteref) refs/heads/main refs/remotes/main [1ms]
[2022-08-23T01:12:38.482Z] > git for-each-ref --sort -committerdate --format %(refname) %(objectname) %(*objectname) [21ms]
[2022-08-23T01:12:38.483Z] > git remote --verbose [2ms]
[2022-08-23T01:12:38.499Z] > git config --get commit.template [4ms]
[2022-08-23T01:12:43.513Z] > git status -z -uall [2ms]
[2022-08-23T01:12:43.520Z] > git symbolic-ref --short HEAD [2ms]
[2022-08-23T01:12:43.526Z] > git for-each-ref --format=%(refname)%00%(upstream:short)%00%(objectname)%00%(upstream:track)%00%(upstream:remotename)%00%(upstream:remoteref) refs/heads/main refs/remotes/main [1ms]
[2022-08-23T01:12:43.537Z] > git for-each-ref --sort -committerdate --format %(refname) %(objectname) %(*objectname) [6ms]
[2022-08-23T01:12:43.537Z] > git remote --verbose [1ms]
[2022-08-23T01:12:43.544Z] > git config --get commit.template [1ms]
[2022-08-23T02:04:35.209Z] > git status -z -uall [18ms]
[2022-08-23T02:04:35.234Z] > git symbolic-ref --short HEAD [4ms]
[2022-08-23T02:04:35.257Z] > git for-each-ref --format=%(refname)%00%(upstream:short)%00%(objectname)%00%(upstream:track)%00%(upstream:remotename)%00%(upstream:remoteref) refs/heads/main refs/remotes/main [5ms]
[2022-08-23T02:04:35.297Z] > git for-each-ref --sort -committerdate --format %(refname) %(objectname) %(*objectname) [17ms]
[2022-08-23T02:04:35.300Z] > git remote --verbose [4ms]
[2022-08-23T02:04:35.337Z] > git config --get commit.template [10ms]
[2022-08-23T02:06:05.366Z] > git status -z -uall [13ms]
[2022-08-23T02:06:05.405Z] > git symbolic-ref --short HEAD [11ms]
[2022-08-23T02:06:05.429Z] > git for-each-ref --format=%(refname)%00%(upstream:short)%00%(objectname)%00%(upstream:track)%00%(upstream:remotename)%00%(upstream:remoteref) refs/heads/main refs/remotes/main [6ms]
[2022-08-23T02:06:05.469Z] > git for-each-ref --sort -committerdate --format %(refname) %(objectname) %(*objectname) [21ms]
[2022-08-23T02:06:05.470Z] > git remote --verbose [4ms]
[2022-08-23T02:06:05.495Z] > git config --get commit.template [1ms]
[2022-08-23T02:06:19.905Z] > git status -z -uall [3ms]
[2022-08-23T02:06:19.934Z] > git symbolic-ref --short HEAD [4ms]
[2022-08-23T02:06:19.959Z] > git for-each-ref --format=%(refname)%00%(upstream:short)%00%(objectname)%00%(upstream:track)%00%(upstream:remotename)%00%(upstream:remoteref) refs/heads/main refs/remotes/main [3ms]
[2022-08-23T02:06:19.988Z] > git remote --verbose [1ms]
[2022-08-23T02:06:19.988Z] > git for-each-ref --sort -committerdate --format %(refname) %(objectname) %(*objectname) [11ms]
[2022-08-23T02:06:20.001Z] > git config --get commit.template [3ms]
[2022-08-23T02:08:02.612Z] > git status -z -uall [3ms]
[2022-08-23T02:08:02.639Z] > git symbolic-ref --short HEAD [9ms]
[2022-08-23T02:08:02.663Z] > git for-each-ref --format=%(refname)%00%(upstream:short)%00%(objectname)%00%(upstream:track)%00%(upstream:remotename)%00%(upstream:remoteref) refs/heads/main refs/remotes/main [1ms]
[2022-08-23T02:08:02.690Z] > git for-each-ref --sort -committerdate --format %(refname) %(objectname) %(*objectname) [17ms]
[2022-08-23T02:08:02.690Z] > git remote --verbose [3ms]
[2022-08-23T02:08:02.713Z] > git config --get commit.template [1ms]
[2022-08-23T02:08:07.730Z] > git status -z -uall [3ms]
[2022-08-23T02:08:07.738Z] > git symbolic-ref --short HEAD [2ms]
[2022-08-23T02:08:07.745Z] > git for-each-ref --format=%(refname)%00%(upstream:short)%00%(objectname)%00%(upstream:track)%00%(upstream:remotename)%00%(upstream:remoteref) refs/heads/main refs/remotes/main [2ms]
[2022-08-23T02:08:07.762Z] > git for-each-ref --sort -committerdate --format %(refname) %(objectname) %(*objectname) [11ms]
[2022-08-23T02:08:07.763Z] > git remote --verbose [3ms]
[2022-08-23T02:08:07.772Z] > git config --get commit.template [1ms]
[2022-08-23T02:09:48.418Z] > git status -z -uall [10ms]
[2022-08-23T02:09:48.456Z] > git symbolic-ref --short HEAD [8ms]
[2022-08-23T02:09:48.484Z] > git for-each-ref --format=%(refname)%00%(upstream:short)%00%(objectname)%00%(upstream:track)%00%(upstream:remotename)%00%(upstream:remoteref) refs/heads/main refs/remotes/main [5ms]
[2022-08-23T02:09:48.514Z] > git for-each-ref --sort -committerdate --format %(refname) %(objectname) %(*objectname) [7ms]
[2022-08-23T02:09:48.514Z] > git remote --verbose [1ms]
[2022-08-23T02:09:48.545Z] > git config --get commit.template [4ms]
[2022-08-23T02:09:53.556Z] > git status -z -uall [2ms]
[2022-08-23T02:09:53.562Z] > git symbolic-ref --short HEAD [2ms]
[2022-08-23T02:09:53.570Z] > git for-each-ref --format=%(refname)%00%(upstream:short)%00%(objectname)%00%(upstream:track)%00%(upstream:remotename)%00%(upstream:remoteref) refs/heads/main refs/remotes/main [2ms]
[2022-08-23T02:09:53.582Z] > git for-each-ref --sort -committerdate --format %(refname) %(objectname) %(*objectname) [6ms]
[2022-08-23T02:09:53.582Z] > git remote --verbose [1ms]
[2022-08-23T02:09:53.593Z] > git config --get commit.template [2ms]
[2022-08-23T02:11:00.621Z] > git status -z -uall [10ms]
[2022-08-23T02:11:00.669Z] > git symbolic-ref --short HEAD [8ms]
[2022-08-23T02:11:00.704Z] > git for-each-ref --format=%(refname)%00%(upstream:short)%00%(objectname)%00%(upstream:track)%00%(upstream:remotename)%00%(upstream:remoteref) refs/heads/main refs/remotes/main [7ms]
[2022-08-23T02:11:00.772Z] > git remote --verbose [9ms]
[2022-08-23T02:11:00.781Z] > git for-each-ref --sort -committerdate --format %(refname) %(objectname) %(*objectname) [40ms]
[2022-08-23T02:11:00.829Z] > git config --get commit.template [5ms]
[2022-08-23T02:11:05.837Z] > git status -z -uall [2ms]
[2022-08-23T02:11:05.842Z] > git symbolic-ref --short HEAD [0ms]
[2022-08-23T02:11:05.848Z] > git for-each-ref --format=%(refname)%00%(upstream:short)%00%(objectname)%00%(upstream:track)%00%(upstream:remotename)%00%(upstream:remoteref) refs/heads/main refs/remotes/main [1ms]
[2022-08-23T02:11:05.858Z] > git for-each-ref --sort -committerdate --format %(refname) %(objectname) %(*objectname) [6ms]
[2022-08-23T02:11:05.858Z] > git remote --verbose [2ms]
[2022-08-23T02:11:05.867Z] > git config --get commit.template [1ms]
[2022-08-23T02:11:17.313Z] > git status -z -uall [7ms]
[2022-08-23T02:11:17.347Z] > git symbolic-ref --short HEAD [8ms]
[2022-08-23T02:11:17.380Z] > git for-each-ref --format=%(refname)%00%(upstream:short)%00%(objectname)%00%(upstream:track)%00%(upstream:remotename)%00%(upstream:remoteref) refs/heads/main refs/remotes/main [5ms]
[2022-08-23T02:11:17.421Z] > git for-each-ref --sort -committerdate --format %(refname) %(objectname) %(*objectname) [22ms]
[2022-08-23T02:11:17.421Z] > git remote --verbose [1ms]
[2022-08-23T02:11:17.454Z] > git config --get commit.template [1ms]
[2022-08-23T02:11:30.793Z] > git status -z -uall [3ms]
[2022-08-23T02:11:30.817Z] > git symbolic-ref --short HEAD [4ms]
[2022-08-23T02:11:30.842Z] > git for-each-ref --format=%(refname)%00%(upstream:short)%00%(objectname)%00%(upstream:track)%00%(upstream:remotename)%00%(upstream:remoteref) refs/heads/main refs/remotes/main [6ms]
[2022-08-23T02:11:30.886Z] > git for-each-ref --sort -committerdate --format %(refname) %(objectname) %(*objectname) [21ms]
[2022-08-23T02:11:30.886Z] > git remote --verbose [2ms]
[2022-08-23T02:11:30.899Z] > git config --get commit.template [1ms]
[2022-08-23T02:13:01.910Z] > git status -z -uall [33ms]
[2022-08-23T02:13:01.979Z] > git symbolic-ref --short HEAD [19ms]
[2022-08-23T02:13:02.017Z] > git for-each-ref --format=%(refname)%00%(upstream:short)%00%(objectname)%00%(upstream:track)%00%(upstream:remotename)%00%(upstream:remoteref) refs/heads/main refs/remotes/main [6ms]
[2022-08-23T02:13:02.041Z] > git for-each-ref --sort -committerdate --format %(refname) %(objectname) %(*objectname) [12ms]
[2022-08-23T02:13:02.043Z] > git remote --verbose [4ms]
[2022-08-23T02:13:02.097Z] > git config --get commit.template [2ms]
[2022-08-23T02:14:58.290Z] > git status -z -uall [3ms]
[2022-08-23T02:14:58.313Z] > git symbolic-ref --short HEAD [6ms]
[2022-08-23T02:14:58.343Z] > git for-each-ref --format=%(refname)%00%(upstream:short)%00%(objectname)%00%(upstream:track)%00%(upstream:remotename)%00%(upstream:remoteref) refs/heads/main refs/remotes/main [5ms]
[2022-08-23T02:14:58.372Z] > git for-each-ref --sort -committerdate --format %(refname) %(objectname) %(*objectname) [16ms]
[2022-08-23T02:14:58.374Z] > git remote --verbose [3ms]
[2022-08-23T02:14:58.397Z] > git config --get commit.template [4ms]
[2022-08-23T02:15:11.286Z] > git status -z -uall [4ms]
[2022-08-23T02:15:11.349Z] > git symbolic-ref --short HEAD [3ms]
[2022-08-23T02:15:11.402Z] > git for-each-ref --format=%(refname)%00%(upstream:short)%00%(objectname)%00%(upstream:track)%00%(upstream:remotename)%00%(upstream:remoteref) refs/heads/main refs/remotes/main [2ms]
[2022-08-23T02:15:11.455Z] > git for-each-ref --sort -committerdate --format %(refname) %(objectname) %(*objectname) [31ms]
[2022-08-23T02:15:11.457Z] > git remote --verbose [6ms]
[2022-08-23T02:15:11.495Z] > git config --get commit.template [6ms]
[2022-08-23T02:15:17.048Z] > git status -z -uall [3ms]
[2022-08-23T02:15:17.061Z] > git symbolic-ref --short HEAD [2ms]
[2022-08-23T02:15:17.082Z] > git for-each-ref --format=%(refname)%00%(upstream:short)%00%(objectname)%00%(upstream:track)%00%(upstream:remotename)%00%(upstream:remoteref) refs/heads/main refs/remotes/main [1ms]
[2022-08-23T02:15:17.114Z] > git for-each-ref --sort -committerdate --format %(refname) %(objectname) %(*objectname) [18ms]
[2022-08-23T02:15:17.115Z] > git remote --verbose [2ms]
[2022-08-23T02:15:17.140Z] > git config --get commit.template [6ms]
[2022-08-23T02:15:47.461Z] > git status -z -uall [4ms]
[2022-08-23T02:15:47.474Z] > git symbolic-ref --short HEAD [1ms]
[2022-08-23T02:15:47.490Z] > git for-each-ref --format=%(refname)%00%(upstream:short)%00%(objectname)%00%(upstream:track)%00%(upstream:remotename)%00%(upstream:remoteref) refs/heads/main refs/remotes/main [4ms]
[2022-08-23T02:15:47.517Z] > git for-each-ref --sort -committerdate --format %(refname) %(objectname) %(*objectname) [16ms]
[2022-08-23T02:15:47.517Z] > git remote --verbose [5ms]
[2022-08-23T02:15:47.542Z] > git config --get commit.template [6ms]
[2022-08-23T02:16:00.082Z] > git status -z -uall [8ms]
[2022-08-23T02:16:00.116Z] > git symbolic-ref --short HEAD [6ms]
[2022-08-23T02:16:00.163Z] > git for-each-ref --format=%(refname)%00%(upstream:short)%00%(objectname)%00%(upstream:track)%00%(upstream:remotename)%00%(upstream:remoteref) refs/heads/main refs/remotes/main [9ms]
[2022-08-23T02:16:00.216Z] > git for-each-ref --sort -committerdate --format %(refname) %(objectname) %(*objectname) [34ms]
[2022-08-23T02:16:00.218Z] > git remote --verbose [8ms]
[2022-08-23T02:16:00.265Z] > git config --get commit.template [14ms]
[2022-08-23T02:16:07.479Z] > git status -z -uall [13ms]
[2022-08-23T02:16:07.508Z] > git symbolic-ref --short HEAD [5ms]
[2022-08-23T02:16:07.543Z] > git for-each-ref --format=%(refname)%00%(upstream:short)%00%(objectname)%00%(upstream:track)%00%(upstream:remotename)%00%(upstream:remoteref) refs/heads/main refs/remotes/main [5ms]
[2022-08-23T02:16:07.594Z] > git for-each-ref --sort -committerdate --format %(refname) %(objectname) %(*objectname) [29ms]
[2022-08-23T02:16:07.594Z] > git remote --verbose [1ms]
[2022-08-23T02:16:07.623Z] > git config --get commit.template [5ms]
[2022-08-23T02:16:18.240Z] > git status -z -uall [10ms]
[2022-08-23T02:16:18.268Z] > git symbolic-ref --short HEAD [2ms]
[2022-08-23T02:16:18.302Z] > git for-each-ref --format=%(refname)%00%(upstream:short)%00%(objectname)%00%(upstream:track)%00%(upstream:remotename)%00%(upstream:remoteref) refs/heads/main refs/remotes/main [8ms]
[2022-08-23T02:16:18.359Z] > git remote --verbose [2ms]
[2022-08-23T02:16:18.360Z] > git for-each-ref --sort -committerdate --format %(refname) %(objectname) %(*objectname) [31ms]
[2022-08-23T02:16:18.395Z] > git config --get commit.template [3ms]
[2022-08-23T02:16:25.739Z] > git status -z -uall [6ms]
[2022-08-23T02:16:25.771Z] > git symbolic-ref --short HEAD [6ms]
[2022-08-23T02:16:25.808Z] > git for-each-ref --format=%(refname)%00%(upstream:short)%00%(objectname)%00%(upstream:track)%00%(upstream:remotename)%00%(upstream:remoteref) refs/heads/main refs/remotes/main [6ms]
[2022-08-23T02:16:25.889Z] > git for-each-ref --sort -committerdate --format %(refname) %(objectname) %(*objectname) [38ms]
[2022-08-23T02:16:25.902Z] > git remote --verbose [14ms]
[2022-08-23T02:16:25.953Z] > git config --get commit.template [5ms]
[2022-08-23T02:16:32.296Z] > git status -z -uall [2ms]
[2022-08-23T02:16:32.303Z] > git symbolic-ref --short HEAD [1ms]
[2022-08-23T02:16:32.311Z] > git for-each-ref --format=%(refname)%00%(upstream:short)%00%(objectname)%00%(upstream:track)%00%(upstream:remotename)%00%(upstream:remoteref) refs/heads/main refs/remotes/main [1ms]
[2022-08-23T02:16:32.322Z] > git for-each-ref --sort -committerdate --format %(refname) %(objectname) %(*objectname) [5ms]
[2022-08-23T02:16:32.323Z] > git remote --verbose [1ms]
[2022-08-23T02:16:32.330Z] > git config --get commit.template [2ms]
[2022-08-23T02:16:37.341Z] > git status -z -uall [3ms]
[2022-08-23T02:16:37.348Z] > git symbolic-ref --short HEAD [1ms]
[2022-08-23T02:16:37.356Z] > git for-each-ref --format=%(refname)%00%(upstream:short)%00%(objectname)%00%(upstream:track)%00%(upstream:remotename)%00%(upstream:remoteref) refs/heads/main refs/remotes/main [2ms]
[2022-08-23T02:16:37.366Z] > git for-each-ref --sort -committerdate --format %(refname) %(objectname) %(*objectname) [6ms]
[2022-08-23T02:16:37.366Z] > git remote --verbose [1ms]
[2022-08-23T02:16:37.373Z] > git config --get commit.template [1ms]
[2022-08-23T02:16:52.975Z] > git status -z -uall [8ms]
[2022-08-23T02:16:53.095Z] > git symbolic-ref --short HEAD [18ms]
[2022-08-23T02:16:53.146Z] > git for-each-ref --format=%(refname)%00%(upstream:short)%00%(objectname)%00%(upstream:track)%00%(upstream:remotename)%00%(upstream:remoteref) refs/heads/main refs/remotes/main [11ms]
[2022-08-23T02:16:53.209Z] > git for-each-ref --sort -committerdate --format %(refname) %(objectname) %(*objectname) [17ms]
[2022-08-23T02:16:53.210Z] > git remote --verbose [2ms]
[2022-08-23T02:16:53.234Z] > git config --get commit.template [1ms]
[2022-08-23T02:17:40.057Z] > git status -z -uall [5ms]
[2022-08-23T02:17:40.063Z] > git symbolic-ref --short HEAD [1ms]
[2022-08-23T02:17:40.074Z] > git for-each-ref --format=%(refname)%00%(upstream:short)%00%(objectname)%00%(upstream:track)%00%(upstream:remotename)%00%(upstream:remoteref) refs/heads/main refs/remotes/main [1ms]
[2022-08-23T02:17:40.086Z] > git for-each-ref --sort -committerdate --format %(refname) %(objectname) %(*objectname) [6ms]
[2022-08-23T02:17:40.086Z] > git remote --verbose [1ms]
[2022-08-23T02:17:40.093Z] > git config --get commit.template [1ms]
[2022-08-23T02:18:16.770Z] > git status -z -uall [10ms]
[2022-08-23T02:18:16.802Z] > git symbolic-ref --short HEAD [8ms]
[2022-08-23T02:18:16.839Z] > git for-each-ref --format=%(refname)%00%(upstream:short)%00%(objectname)%00%(upstream:track)%00%(upstream:remotename)%00%(upstream:remoteref) refs/heads/main refs/remotes/main [9ms]
[2022-08-23T02:18:16.901Z] > git remote --verbose [9ms]
[2022-08-23T02:18:16.902Z] > git for-each-ref --sort -committerdate --format %(refname) %(objectname) %(*objectname) [38ms]
[2022-08-23T02:18:16.933Z] > git config --get commit.template [8ms]
[2022-08-23T02:18:49.568Z] > git status -z -uall [2ms]
[2022-08-23T02:18:49.579Z] > git symbolic-ref --short HEAD [1ms]
[2022-08-23T02:18:49.589Z] > git for-each-ref --format=%(refname)%00%(upstream:short)%00%(objectname)%00%(upstream:track)%00%(upstream:remotename)%00%(upstream:remoteref) refs/heads/main refs/remotes/main [2ms]
[2022-08-23T02:18:49.609Z] > git for-each-ref --sort -committerdate --format %(refname) %(objectname) %(*objectname) [11ms]
[2022-08-23T02:18:49.610Z] > git remote --verbose [3ms]
[2022-08-23T02:18:49.622Z] > git config --get commit.template [1ms]
[2022-08-23T02:18:57.773Z] > git status -z -uall [5ms]
[2022-08-23T02:18:57.807Z] > git symbolic-ref --short HEAD [10ms]
[2022-08-23T02:18:57.848Z] > git for-each-ref --format=%(refname)%00%(upstream:short)%00%(objectname)%00%(upstream:track)%00%(upstream:remotename)%00%(upstream:remoteref) refs/heads/main refs/remotes/main [6ms]
[2022-08-23T02:18:57.907Z] > git for-each-ref --sort -committerdate --format %(refname) %(objectname) %(*objectname) [27ms]
[2022-08-23T02:18:57.908Z] > git remote --verbose [5ms]
[2022-08-23T02:18:57.964Z] > git config --get commit.template [4ms]
[2022-08-23T02:19:31.582Z] > git status -z -uall [5ms]
[2022-08-23T02:19:31.614Z] > git symbolic-ref --short HEAD [7ms]
[2022-08-23T02:19:31.643Z] > git for-each-ref --format=%(refname)%00%(upstream:short)%00%(objectname)%00%(upstream:track)%00%(upstream:remotename)%00%(upstream:remoteref) refs/heads/main refs/remotes/main [4ms]
[2022-08-23T02:19:31.696Z] > git for-each-ref --sort -committerdate --format %(refname) %(objectname) %(*objectname) [29ms]
[2022-08-23T02:19:31.699Z] > git remote --verbose [9ms]
[2022-08-23T02:19:31.732Z] > git config --get commit.template [5ms]
[2022-08-23T02:19:36.746Z] > git status -z -uall [1ms]
[2022-08-23T02:19:36.752Z] > git symbolic-ref --short HEAD [1ms]
[2022-08-23T02:19:36.760Z] > git for-each-ref --format=%(refname)%00%(upstream:short)%00%(objectname)%00%(upstream:track)%00%(upstream:remotename)%00%(upstream:remoteref) refs/heads/main refs/remotes/main [1ms]
[2022-08-23T02:19:36.774Z] > git for-each-ref --sort -committerdate --format %(refname) %(objectname) %(*objectname) [8ms]
[2022-08-23T02:19:36.774Z] > git remote --verbose [1ms]
[2022-08-23T02:19:36.783Z] > git config --get commit.template [0ms]
[2022-08-23T02:19:41.789Z] > git status -z -uall [1ms]
[2022-08-23T02:19:41.795Z] > git symbolic-ref --short HEAD [1ms]
[2022-08-23T02:19:41.800Z] > git for-each-ref --format=%(refname)%00%(upstream:short)%00%(objectname)%00%(upstream:track)%00%(upstream:remotename)%00%(upstream:remoteref) refs/heads/main refs/remotes/main [1ms]
[2022-08-23T02:19:41.810Z] > git for-each-ref --sort -committerdate --format %(refname) %(objectname) %(*objectname) [6ms]
[2022-08-23T02:19:41.810Z] > git remote --verbose [1ms]
[2022-08-23T02:19:41.816Z] > git config --get commit.template [1ms]
[2022-08-23T02:21:59.592Z] > git status -z -uall [5ms]
[2022-08-23T02:21:59.628Z] > git symbolic-ref --short HEAD [6ms]
[2022-08-23T02:21:59.654Z] > git for-each-ref --format=%(refname)%00%(upstream:short)%00%(objectname)%00%(upstream:track)%00%(upstream:remotename)%00%(upstream:remoteref) refs/heads/main refs/remotes/main [1ms]
[2022-08-23T02:21:59.678Z] > git for-each-ref --sort -committerdate --format %(refname) %(objectname) %(*objectname) [10ms]
[2022-08-23T02:21:59.679Z] > git remote --verbose [2ms]
[2022-08-23T02:21:59.696Z] > git config --get commit.template [5ms]
[2022-08-23T02:22:04.712Z] > git status -z -uall [2ms]
[2022-08-23T02:22:04.718Z] > git symbolic-ref --short HEAD [1ms]
[2022-08-23T02:22:04.725Z] > git for-each-ref --format=%(refname)%00%(upstream:short)%00%(objectname)%00%(upstream:track)%00%(upstream:remotename)%00%(upstream:remoteref) refs/heads/main refs/remotes/main [1ms]
[2022-08-23T02:22:04.736Z] > git for-each-ref --sort -committerdate --format %(refname) %(objectname) %(*objectname) [6ms]
[2022-08-23T02:22:04.736Z] > git remote --verbose [1ms]
[2022-08-23T02:22:04.744Z] > git config --get commit.template [1ms]
[2022-08-23T02:22:09.783Z] > git status -z -uall [11ms]
[2022-08-23T02:22:09.816Z] > git symbolic-ref --short HEAD [5ms]
[2022-08-23T02:22:09.838Z] > git for-each-ref --format=%(refname)%00%(upstream:short)%00%(objectname)%00%(upstream:track)%00%(upstream:remotename)%00%(upstream:remoteref) refs/heads/main refs/remotes/main [1ms]
[2022-08-23T02:22:09.890Z] > git remote --verbose [7ms]
[2022-08-23T02:22:09.891Z] > git for-each-ref --sort -committerdate --format %(refname) %(objectname) %(*objectname) [31ms]
[2022-08-23T02:22:09.927Z] > git config --get commit.template [5ms]
[2022-08-23T02:23:21.793Z] > git status -z -uall [8ms]
[2022-08-23T02:23:21.806Z] > git symbolic-ref --short HEAD [1ms]
[2022-08-23T02:23:21.829Z] > git for-each-ref --format=%(refname)%00%(upstream:short)%00%(objectname)%00%(upstream:track)%00%(upstream:remotename)%00%(upstream:remoteref) refs/heads/main refs/remotes/main [2ms]
[2022-08-23T02:23:21.847Z] > git for-each-ref --sort -committerdate --format %(refname) %(objectname) %(*objectname) [8ms]
[2022-08-23T02:23:21.847Z] > git remote --verbose [1ms]
[2022-08-23T02:23:21.866Z] > git config --get commit.template [1ms]
[2022-08-23T02:23:26.876Z] > git status -z -uall [2ms]
[2022-08-23T02:23:26.885Z] > git symbolic-ref --short HEAD [3ms]
[2022-08-23T02:23:26.896Z] > git for-each-ref --format=%(refname)%00%(upstream:short)%00%(objectname)%00%(upstream:track)%00%(upstream:remotename)%00%(upstream:remoteref) refs/heads/main refs/remotes/main [2ms]
[2022-08-23T02:23:26.906Z] > git for-each-ref --sort -committerdate --format %(refname) %(objectname) %(*objectname) [6ms]
[2022-08-23T02:23:26.906Z] > git remote --verbose [1ms]
[2022-08-23T02:23:26.912Z] > git config --get commit.template [1ms]
[2022-08-23T02:23:42.270Z] > git status -z -uall [8ms]
[2022-08-23T02:23:42.316Z] > git symbolic-ref --short HEAD [4ms]
[2022-08-23T02:23:42.343Z] > git for-each-ref --format=%(refname)%00%(upstream:short)%00%(objectname)%00%(upstream:track)%00%(upstream:remotename)%00%(upstream:remoteref) refs/heads/main refs/remotes/main [7ms]
[2022-08-23T02:23:42.392Z] > git for-each-ref --sort -committerdate --format %(refname) %(objectname) %(*objectname) [27ms]
[2022-08-23T02:23:42.393Z] > git remote --verbose [3ms]
[2022-08-23T02:23:42.432Z] > git config --get commit.template [3ms]
[2022-08-23T02:24:07.618Z] > git status -z -uall [23ms]
[2022-08-23T02:24:07.653Z] > git symbolic-ref --short HEAD [7ms]
[2022-08-23T02:24:07.689Z] > git for-each-ref --format=%(refname)%00%(upstream:short)%00%(objectname)%00%(upstream:track)%00%(upstream:remotename)%00%(upstream:remoteref) refs/heads/main refs/remotes/main [6ms]
[2022-08-23T02:24:07.746Z] > git remote --verbose [6ms]
[2022-08-23T02:24:07.748Z] > git for-each-ref --sort -committerdate --format %(refname) %(objectname) %(*objectname) [30ms]
[2022-08-23T02:24:07.790Z] > git config --get commit.template [8ms]
[2022-08-23T02:24:12.814Z] > git status -z -uall [4ms]
[2022-08-23T02:24:12.820Z] > git symbolic-ref --short HEAD [1ms]
[2022-08-23T02:24:12.827Z] > git for-each-ref --format=%(refname)%00%(upstream:short)%00%(objectname)%00%(upstream:track)%00%(upstream:remotename)%00%(upstream:remoteref) refs/heads/main refs/remotes/main [2ms]
[2022-08-23T02:24:12.839Z] > git for-each-ref --sort -committerdate --format %(refname) %(objectname) %(*objectname) [6ms]
[2022-08-23T02:24:12.839Z] > git remote --verbose [1ms]
[2022-08-23T02:24:12.848Z] > git config --get commit.template [0ms]
[2022-08-23T02:24:34.125Z] > git status -z -uall [7ms]
[2022-08-23T02:24:34.158Z] > git symbolic-ref --short HEAD [5ms]
[2022-08-23T02:24:34.188Z] > git for-each-ref --format=%(refname)%00%(upstream:short)%00%(objectname)%00%(upstream:track)%00%(upstream:remotename)%00%(upstream:remoteref) refs/heads/main refs/remotes/main [3ms]
[2022-08-23T02:24:34.247Z] > git for-each-ref --sort -committerdate --format %(refname) %(objectname) %(*objectname) [38ms]
[2022-08-23T02:24:34.248Z] > git remote --verbose [7ms]
[2022-08-23T02:24:34.276Z] > git config --get commit.template [9ms]
[2022-08-23T02:25:04.086Z] > git status -z -uall [5ms]
[2022-08-23T02:25:04.117Z] > git symbolic-ref --short HEAD [7ms]
[2022-08-23T02:25:04.144Z] > git for-each-ref --format=%(refname)%00%(upstream:short)%00%(objectname)%00%(upstream:track)%00%(upstream:remotename)%00%(upstream:remoteref) refs/heads/main refs/remotes/main [3ms]
[2022-08-23T02:25:04.203Z] > git for-each-ref --sort -committerdate --format %(refname) %(objectname) %(*objectname) [35ms]
[2022-08-23T02:25:04.218Z] > git remote --verbose [20ms]
[2022-08-23T02:25:04.260Z] > git config --get commit.template [6ms]
[2022-08-23T02:25:09.273Z] > git status -z -uall [1ms]
[2022-08-23T02:25:09.278Z] > git symbolic-ref --short HEAD [1ms]
[2022-08-23T02:25:09.284Z] > git for-each-ref --format=%(refname)%00%(upstream:short)%00%(objectname)%00%(upstream:track)%00%(upstream:remotename)%00%(upstream:remoteref) refs/heads/main refs/remotes/main [1ms]
[2022-08-23T02:25:09.295Z] > git for-each-ref --sort -committerdate --format %(refname) %(objectname) %(*objectname) [6ms]
[2022-08-23T02:25:09.295Z] > git remote --verbose [1ms]
[2022-08-23T02:25:09.302Z] > git config --get commit.template [1ms]
[2022-08-23T02:25:52.689Z] > git status -z -uall [4ms]
[2022-08-23T02:25:52.700Z] > git symbolic-ref --short HEAD [2ms]
[2022-08-23T02:25:52.711Z] > git for-each-ref --format=%(refname)%00%(upstream:short)%00%(objectname)%00%(upstream:track)%00%(upstream:remotename)%00%(upstream:remoteref) refs/heads/main refs/remotes/main [1ms]
[2022-08-23T02:25:52.731Z] > git for-each-ref --sort -committerdate --format %(refname) %(objectname) %(*objectname) [11ms]
[2022-08-23T02:25:52.731Z] > git remote --verbose [1ms]
[2022-08-23T02:25:52.741Z] > git config --get commit.template [1ms]
[2022-08-23T02:26:32.336Z] > git show --textconv :components/String.js [6ms]
[2022-08-23T02:26:32.337Z] > git ls-files --stage -- /home/martin/projects/visual-fretboard/components/String.js [2ms]
[2022-08-23T02:27:49.970Z] > git status -z -uall [3ms]
[2022-08-23T02:27:49.990Z] > git symbolic-ref --short HEAD [1ms]
[2022-08-23T02:27:50.023Z] > git for-each-ref --format=%(refname)%00%(upstream:short)%00%(objectname)%00%(upstream:track)%00%(upstream:remotename)%00%(upstream:remoteref) refs/heads/main refs/remotes/main [15ms]
[2022-08-23T02:27:50.090Z] > git remote --verbose [7ms]
[2022-08-23T02:27:50.092Z] > git for-each-ref --sort -committerdate --format %(refname) %(objectname) %(*objectname) [39ms]
[2022-08-23T02:27:50.125Z] > git config --get commit.template [7ms]
[2022-08-23T02:27:51.917Z] > git show --textconv :styles/globals.css [7ms]
[2022-08-23T02:27:51.918Z] > git ls-files --stage -- /home/martin/projects/visual-fretboard/styles/globals.css [2ms]
[2022-08-23T02:27:51.927Z] > git cat-file -s 4f1842163d2220cc7c9df3acbad206328c6648fb [2ms]
[2022-08-23T02:29:15.814Z] > git status -z -uall [8ms]
[2022-08-23T02:29:15.853Z] > git symbolic-ref --short HEAD [10ms]
[2022-08-23T02:29:15.886Z] > git for-each-ref --format=%(refname)%00%(upstream:short)%00%(objectname)%00%(upstream:track)%00%(upstream:remotename)%00%(upstream:remoteref) refs/heads/main refs/remotes/main [4ms]
[2022-08-23T02:29:15.940Z] > git remote --verbose [5ms]
[2022-08-23T02:29:15.941Z] > git for-each-ref --sort -committerdate --format %(refname) %(objectname) %(*objectname) [27ms]
[2022-08-23T02:29:15.969Z] > git config --get commit.template [5ms]
[2022-08-23T02:29:20.983Z] > git status -z -uall [2ms]
[2022-08-23T02:29:20.989Z] > git symbolic-ref --short HEAD [1ms]
[2022-08-23T02:29:20.995Z] > git for-each-ref --format=%(refname)%00%(upstream:short)%00%(objectname)%00%(upstream:track)%00%(upstream:remotename)%00%(upstream:remoteref) refs/heads/main refs/remotes/main [1ms]
[2022-08-23T02:29:21.006Z] > git for-each-ref --sort -committerdate --format %(refname) %(objectname) %(*objectname) [6ms]
[2022-08-23T02:29:21.007Z] > git remote --verbose [2ms]
[2022-08-23T02:29:21.014Z] > git config --get commit.template [1ms]
[2022-08-23T02:29:37.699Z] > git status -z -uall [6ms]
[2022-08-23T02:29:37.744Z] > git symbolic-ref --short HEAD [8ms]
[2022-08-23T02:29:37.779Z] > git for-each-ref --format=%(refname)%00%(upstream:short)%00%(objectname)%00%(upstream:track)%00%(upstream:remotename)%00%(upstream:remoteref) refs/heads/main refs/remotes/main [5ms]
[2022-08-23T02:29:37.838Z] > git for-each-ref --sort -committerdate --format %(refname) %(objectname) %(*objectname) [19ms]
[2022-08-23T02:29:37.839Z] > git remote --verbose [8ms]
[2022-08-23T02:29:37.875Z] > git config --get commit.template [8ms]
[2022-08-23T02:29:42.893Z] > git status -z -uall [2ms]
[2022-08-23T02:29:42.901Z] > git symbolic-ref --short HEAD [2ms]
[2022-08-23T02:29:42.908Z] > git for-each-ref --format=%(refname)%00%(upstream:short)%00%(objectname)%00%(upstream:track)%00%(upstream:remotename)%00%(upstream:remoteref) refs/heads/main refs/remotes/main [1ms]
[2022-08-23T02:29:42.920Z] > git for-each-ref --sort -committerdate --format %(refname) %(objectname) %(*objectname) [6ms]
[2022-08-23T02:29:42.921Z] > git remote --verbose [2ms]
[2022-08-23T02:29:42.931Z] > git config --get commit.template [4ms]
[2022-08-23T02:30:11.645Z] > git status -z -uall [4ms]
[2022-08-23T02:30:11.670Z] > git symbolic-ref --short HEAD [7ms]
[2022-08-23T02:30:11.705Z] > git for-each-ref --format=%(refname)%00%(upstream:short)%00%(objectname)%00%(upstream:track)%00%(upstream:remotename)%00%(upstream:remoteref) refs/heads/main refs/remotes/main [5ms]
[2022-08-23T02:30:11.734Z] > git for-each-ref --sort -committerdate --format %(refname) %(objectname) %(*objectname) [18ms]
[2022-08-23T02:30:11.734Z] > git remote --verbose [5ms]
[2022-08-23T02:30:11.757Z] > git config --get commit.template [2ms]
[2022-08-23T02:30:18.506Z] > git status -z -uall [10ms]
[2022-08-23T02:30:18.535Z] > git symbolic-ref --short HEAD [6ms]
[2022-08-23T02:30:18.561Z] > git for-each-ref --format=%(refname)%00%(upstream:short)%00%(objectname)%00%(upstream:track)%00%(upstream:remotename)%00%(upstream:remoteref) refs/heads/main refs/remotes/main [6ms]
[2022-08-23T02:30:18.626Z] > git for-each-ref --sort -committerdate --format %(refname) %(objectname) %(*objectname) [36ms]
[2022-08-23T02:30:18.634Z] > git remote --verbose [13ms]
[2022-08-23T02:30:18.666Z] > git config --get commit.template [10ms]
[2022-08-23T02:30:23.682Z] > git status -z -uall [2ms]
[2022-08-23T02:30:23.689Z] > git symbolic-ref --short HEAD [2ms]
[2022-08-23T02:30:23.696Z] > git for-each-ref --format=%(refname)%00%(upstream:short)%00%(objectname)%00%(upstream:track)%00%(upstream:remotename)%00%(upstream:remoteref) refs/heads/main refs/remotes/main [2ms]
[2022-08-23T02:30:23.707Z] > git for-each-ref --sort -committerdate --format %(refname) %(objectname) %(*objectname) [6ms]
[2022-08-23T02:30:23.708Z] > git remote --verbose [2ms]
[2022-08-23T02:30:23.716Z] > git config --get commit.template [1ms]
[2022-08-23T02:30:44.145Z] > git show --textconv :components/String.js [12ms]
[2022-08-23T02:30:44.146Z] > git ls-files --stage -- /home/martin/projects/visual-fretboard/components/String.js [2ms]
[2022-08-23T02:36:36.053Z] > git status -z -uall [8ms]
[2022-08-23T02:36:36.083Z] > git symbolic-ref --short HEAD [6ms]
[2022-08-23T02:36:36.111Z] > git for-each-ref --format=%(refname)%00%(upstream:short)%00%(objectname)%00%(upstream:track)%00%(upstream:remotename)%00%(upstream:remoteref) refs/heads/main refs/remotes/main [5ms]
[2022-08-23T02:36:36.160Z] > git for-each-ref --sort -committerdate --format %(refname) %(objectname) %(*objectname) [22ms]
[2022-08-23T02:36:36.164Z] > git remote --verbose [7ms]
[2022-08-23T02:36:36.182Z] > git config --get commit.template [6ms]
[2022-08-23T02:36:37.969Z] > git show --textconv :styles/globals.css [13ms]
[2022-08-23T02:36:37.970Z] > git ls-files --stage -- /home/martin/projects/visual-fretboard/styles/globals.css [2ms]
[2022-08-23T02:36:37.983Z] > git cat-file -s 4f1842163d2220cc7c9df3acbad206328c6648fb [2ms]
[2022-08-23T02:36:40.845Z] > git show --textconv :components/String.js [8ms]
[2022-08-23T02:36:40.846Z] > git ls-files --stage -- /home/martin/projects/visual-fretboard/components/String.js [2ms]
[2022-08-23T02:36:45.900Z] > git show --textconv :styles/globals.css [5ms]
[2022-08-23T02:36:45.900Z] > git ls-files --stage -- /home/martin/projects/visual-fretboard/styles/globals.css [1ms]
[2022-08-23T02:36:45.913Z] > git cat-file -s 4f1842163d2220cc7c9df3acbad206328c6648fb [3ms]
[2022-08-23T02:37:07.443Z] > git status -z -uall [12ms]
[2022-08-23T02:37:07.471Z] > git symbolic-ref --short HEAD [7ms]
[2022-08-23T02:37:07.497Z] > git for-each-ref --format=%(refname)%00%(upstream:short)%00%(objectname)%00%(upstream:track)%00%(upstream:remotename)%00%(upstream:remoteref) refs/heads/main refs/remotes/main [5ms]
[2022-08-23T02:37:07.526Z] > git remote --verbose [7ms]
[2022-08-23T02:37:07.527Z] > git for-each-ref --sort -committerdate --format %(refname) %(objectname) %(*objectname) [19ms]
[2022-08-23T02:37:07.560Z] > git config --get commit.template [6ms]
[2022-08-23T02:37:08.708Z] > git show --textconv :components/String.js [8ms]
[2022-08-23T02:37:08.709Z] > git ls-files --stage -- /home/martin/projects/visual-fretboard/components/String.js [2ms]
[2022-08-23T02:45:50.585Z] > git status -z -uall [3ms]
[2022-08-23T02:45:50.605Z] > git symbolic-ref --short HEAD [2ms]
[2022-08-23T02:45:50.636Z] > git for-each-ref --format=%(refname)%00%(upstream:short)%00%(objectname)%00%(upstream:track)%00%(upstream:remotename)%00%(upstream:remoteref) refs/heads/main refs/remotes/main [5ms]
[2022-08-23T02:45:50.676Z] > git for-each-ref --sort -committerdate --format %(refname) %(objectname) %(*objectname) [15ms]
[2022-08-23T02:45:50.677Z] > git remote --verbose [2ms]
[2022-08-23T02:45:50.696Z] > git config --get commit.template [3ms]
[2022-08-23T02:45:55.711Z] > git status -z -uall [2ms]
[2022-08-23T02:45:55.717Z] > git symbolic-ref --short HEAD [1ms]
[2022-08-23T02:45:55.724Z] > git for-each-ref --format=%(refname)%00%(upstream:short)%00%(objectname)%00%(upstream:track)%00%(upstream:remotename)%00%(upstream:remoteref) refs/heads/main refs/remotes/main [2ms]
[2022-08-23T02:45:55.734Z] > git for-each-ref --sort -committerdate --format %(refname) %(objectname) %(*objectname) [6ms]
[2022-08-23T02:45:55.734Z] > git remote --verbose [1ms]
[2022-08-23T02:45:55.741Z] > git config --get commit.template [1ms]
[2022-08-23T02:47:43.103Z] > git show --textconv :styles/globals.css [14ms]
[2022-08-23T02:47:43.104Z] > git ls-files --stage -- /home/martin/projects/visual-fretboard/styles/globals.css [2ms]
[2022-08-23T02:47:43.109Z] > git cat-file -s 4f1842163d2220cc7c9df3acbad206328c6648fb [1ms]
[2022-08-23T02:47:44.366Z] > git show --textconv :components/String.js [14ms]
[2022-08-23T02:47:44.367Z] > git ls-files --stage -- /home/martin/projects/visual-fretboard/components/String.js [4ms]
[2022-08-23T02:49:31.099Z] > git show --textconv :styles/globals.css [4ms]
[2022-08-23T02:49:31.100Z] > git ls-files --stage -- /home/martin/projects/visual-fretboard/styles/globals.css [1ms]
[2022-08-23T02:49:31.109Z] > git cat-file -s 4f1842163d2220cc7c9df3acbad206328c6648fb [1ms]
[2022-08-23T02:49:43.285Z] > git status -z -uall [3ms]
[2022-08-23T02:49:43.313Z] > git symbolic-ref --short HEAD [3ms]
[2022-08-23T02:49:43.341Z] > git for-each-ref --format=%(refname)%00%(upstream:short)%00%(objectname)%00%(upstream:track)%00%(upstream:remotename)%00%(upstream:remoteref) refs/heads/main refs/remotes/main [5ms]
[2022-08-23T02:49:43.401Z] > git remote --verbose [10ms]
[2022-08-23T02:49:43.402Z] > git for-each-ref --sort -committerdate --format %(refname) %(objectname) %(*objectname) [36ms]
[2022-08-23T02:49:43.438Z] > git config --get commit.template [11ms]
[2022-08-23T02:50:03.068Z] > git show --textconv :components/String.js [17ms]
[2022-08-23T02:50:03.070Z] > git ls-files --stage -- /home/martin/projects/visual-fretboard/components/String.js [4ms]
[2022-08-23T02:50:31.572Z] > git status -z -uall [3ms]
[2022-08-23T02:50:31.578Z] > git symbolic-ref --short HEAD [1ms]
[2022-08-23T02:50:31.585Z] > git for-each-ref --format=%(refname)%00%(upstream:short)%00%(objectname)%00%(upstream:track)%00%(upstream:remotename)%00%(upstream:remoteref) refs/heads/main refs/remotes/main [1ms]
[2022-08-23T02:50:31.596Z] > git for-each-ref --sort -committerdate --format %(refname) %(objectname) %(*objectname) [6ms]
[2022-08-23T02:50:31.596Z] > git remote --verbose [1ms]
[2022-08-23T02:50:31.604Z] > git config --get commit.template [1ms]
[2022-08-23T02:50:49.767Z] > git status -z -uall [6ms]
[2022-08-23T02:50:49.795Z] > git symbolic-ref --short HEAD [3ms]
[2022-08-23T02:50:49.819Z] > git for-each-ref --format=%(refname)%00%(upstream:short)%00%(objectname)%00%(upstream:track)%00%(upstream:remotename)%00%(upstream:remoteref) refs/heads/main refs/remotes/main [2ms]
[2022-08-23T02:50:49.870Z] > git for-each-ref --sort -committerdate --format %(refname) %(objectname) %(*objectname) [31ms]
[2022-08-23T02:50:49.871Z] > git remote --verbose [5ms]
[2022-08-23T02:50:49.904Z] > git config --get commit.template [7ms]
[2022-08-23T02:50:51.775Z] > git show --textconv :styles/globals.css [9ms]
[2022-08-23T02:50:51.777Z] > git ls-files --stage -- /home/martin/projects/visual-fretboard/styles/globals.css [4ms]
[2022-08-23T02:50:51.788Z] > git cat-file -s 4f1842163d2220cc7c9df3acbad206328c6648fb [3ms]
[2022-08-23T02:50:55.757Z] > git status -z -uall [11ms]
[2022-08-23T02:50:55.787Z] > git symbolic-ref --short HEAD [4ms]
[2022-08-23T02:50:55.849Z] > git for-each-ref --format=%(refname)%00%(upstream:short)%00%(objectname)%00%(upstream:track)%00%(upstream:remotename)%00%(upstream:remoteref) refs/heads/main refs/remotes/main [17ms]
[2022-08-23T02:50:55.904Z] > git for-each-ref --sort -committerdate --format %(refname) %(objectname) %(*objectname) [35ms]
[2022-08-23T02:50:55.910Z] > git remote --verbose [11ms]
[2022-08-23T02:50:55.954Z] > git config --get commit.template [8ms]
[2022-08-23T02:51:04.748Z] > git show --textconv :components/String.js [7ms]
[2022-08-23T02:51:04.749Z] > git ls-files --stage -- /home/martin/projects/visual-fretboard/components/String.js [2ms]
[2022-08-23T02:51:13.806Z] > git status -z -uall [1ms]
[2022-08-23T02:51:13.820Z] > git symbolic-ref --short HEAD [1ms]
[2022-08-23T02:51:13.834Z] > git for-each-ref --format=%(refname)%00%(upstream:short)%00%(objectname)%00%(upstream:track)%00%(upstream:remotename)%00%(upstream:remoteref) refs/heads/main refs/remotes/main [3ms]
[2022-08-23T02:51:13.853Z] > git for-each-ref --sort -committerdate --format %(refname) %(objectname) %(*objectname) [14ms]
[2022-08-23T02:51:13.854Z] > git remote --verbose [1ms]
[2022-08-23T02:51:13.867Z] > git config --get commit.template [2ms]
[2022-08-23T02:51:13.896Z] > git show --textconv :styles/globals.css [15ms]
[2022-08-23T02:51:13.897Z] > git ls-files --stage -- /home/martin/projects/visual-fretboard/styles/globals.css [3ms]
[2022-08-23T02:51:13.913Z] > git cat-file -s 4f1842163d2220cc7c9df3acbad206328c6648fb [4ms]
[2022-08-23T02:51:35.733Z] > git status -z -uall [10ms]
[2022-08-23T02:51:35.770Z] > git symbolic-ref --short HEAD [10ms]
[2022-08-23T02:51:35.804Z] > git for-each-ref --format=%(refname)%00%(upstream:short)%00%(objectname)%00%(upstream:track)%00%(upstream:remotename)%00%(upstream:remoteref) refs/heads/main refs/remotes/main [2ms]
[2022-08-23T02:51:35.864Z] > git remote --verbose [5ms]
[2022-08-23T02:51:35.865Z] > git for-each-ref --sort -committerdate --format %(refname) %(objectname) %(*objectname) [33ms]
[2022-08-23T02:51:35.886Z] > git config --get commit.template [2ms]
[2022-08-23T02:51:40.894Z] > git status -z -uall [2ms]
[2022-08-23T02:51:40.900Z] > git symbolic-ref --short HEAD [1ms]
[2022-08-23T02:51:40.907Z] > git for-each-ref --format=%(refname)%00%(upstream:short)%00%(objectname)%00%(upstream:track)%00%(upstream:remotename)%00%(upstream:remoteref) refs/heads/main refs/remotes/main [1ms]
[2022-08-23T02:51:40.918Z] > git for-each-ref --sort -committerdate --format %(refname) %(objectname) %(*objectname) [6ms]
[2022-08-23T02:51:40.919Z] > git remote --verbose [2ms]
[2022-08-23T02:51:40.926Z] > git config --get commit.template [1ms]
[2022-08-23T02:51:47.466Z] > git status -z -uall [3ms]
[2022-08-23T02:51:47.486Z] > git symbolic-ref --short HEAD [3ms]
[2022-08-23T02:51:47.510Z] > git for-each-ref --format=%(refname)%00%(upstream:short)%00%(objectname)%00%(upstream:track)%00%(upstream:remotename)%00%(upstream:remoteref) refs/heads/main refs/remotes/main [4ms]
[2022-08-23T02:51:47.567Z] > git for-each-ref --sort -committerdate --format %(refname) %(objectname) %(*objectname) [27ms]
[2022-08-23T02:51:47.568Z] > git remote --verbose [4ms]
[2022-08-23T02:51:47.597Z] > git config --get commit.template [2ms]
[2022-08-23T02:52:44.490Z] > git status -z -uall [2ms]
[2022-08-23T02:52:44.497Z] > git symbolic-ref --short HEAD [1ms]
[2022-08-23T02:52:44.503Z] > git for-each-ref --format=%(refname)%00%(upstream:short)%00%(objectname)%00%(upstream:track)%00%(upstream:remotename)%00%(upstream:remoteref) refs/heads/main refs/remotes/main [1ms]
[2022-08-23T02:52:44.514Z] > git for-each-ref --sort -committerdate --format %(refname) %(objectname) %(*objectname) [6ms]
[2022-08-23T02:52:44.515Z] > git remote --verbose [2ms]
[2022-08-23T02:52:44.522Z] > git config --get commit.template [1ms]
[2022-08-23T02:54:17.844Z] > git status -z -uall [6ms]
[2022-08-23T02:54:17.906Z] > git symbolic-ref --short HEAD [6ms]
[2022-08-23T02:54:17.937Z] > git for-each-ref --format=%(refname)%00%(upstream:short)%00%(objectname)%00%(upstream:track)%00%(upstream:remotename)%00%(upstream:remoteref) refs/heads/main refs/remotes/main [2ms]
[2022-08-23T02:54:18.000Z] > git for-each-ref --sort -committerdate --format %(refname) %(objectname) %(*objectname) [19ms]
[2022-08-23T02:54:18.002Z] > git remote --verbose [3ms]
[2022-08-23T02:54:18.038Z] > git config --get commit.template [3ms]
[2022-08-23T02:55:47.812Z] > git status -z -uall [6ms]
[2022-08-23T02:55:47.841Z] > git symbolic-ref --short HEAD [5ms]
[2022-08-23T02:55:47.875Z] > git for-each-ref --format=%(refname)%00%(upstream:short)%00%(objectname)%00%(upstream:track)%00%(upstream:remotename)%00%(upstream:remoteref) refs/heads/main refs/remotes/main [7ms]
[2022-08-23T02:55:47.925Z] > git for-each-ref --sort -committerdate --format %(refname) %(objectname) %(*objectname) [27ms]
[2022-08-23T02:55:47.927Z] > git remote --verbose [5ms]
[2022-08-23T02:55:47.954Z] > git config --get commit.template [1ms]
[2022-08-23T02:55:52.971Z] > git status -z -uall [3ms]
[2022-08-23T02:55:52.978Z] > git symbolic-ref --short HEAD [1ms]
[2022-08-23T02:55:52.985Z] > git for-each-ref --format=%(refname)%00%(upstream:short)%00%(objectname)%00%(upstream:track)%00%(upstream:remotename)%00%(upstream:remoteref) refs/heads/main refs/remotes/main [2ms]
[2022-08-23T02:55:52.996Z] > git for-each-ref --sort -committerdate --format %(refname) %(objectname) %(*objectname) [6ms]
[2022-08-23T02:55:52.997Z] > git remote --verbose [2ms]
[2022-08-23T02:55:53.005Z] > git config --get commit.template [1ms]
