[2022-08-23T07:45:26.151Z] Log level: Info
[2022-08-23T07:45:26.153Z] [info] Validating found git in: git
[2022-08-23T07:45:27.557Z] [info] Using git 2.37.2 from git
[2022-08-23T07:45:28.093Z] > git rev-parse --show-toplevel [524ms]
[2022-08-23T07:45:28.142Z] > git rev-parse --git-dir --git-common-dir [6ms]
[2022-08-23T07:45:28.149Z] [info] Open repository: /home/martin/projects/visual-fretboard
[2022-08-23T07:45:29.094Z] > git show --textconv :components/Fretboard.js [97ms]
[2022-08-23T07:45:29.095Z] > git ls-files --stage -- /home/martin/projects/visual-fretboard/components/Fretboard.js [82ms]
[2022-08-23T07:45:29.322Z] > git check-ignore -v -z --stdin [239ms]
[2022-08-23T07:45:29.422Z] > git status -z -uall [1261ms]
[2022-08-23T07:45:29.428Z] > git symbolic-ref --short HEAD [1ms]
[2022-08-23T07:45:29.433Z] > git for-each-ref --format=%(refname)%00%(upstream:short)%00%(objectname)%00%(upstream:track)%00%(upstream:remotename)%00%(upstream:remoteref) refs/heads/main refs/remotes/main [1ms]
[2022-08-23T07:45:29.443Z] > git remote --verbose [1ms]
[2022-08-23T07:45:29.443Z] > git for-each-ref --sort -committerdate --format %(refname) %(objectname) %(*objectname) [6ms]
[2022-08-23T07:45:29.460Z] > git config --get commit.template [10ms]
[2022-08-23T07:45:29.483Z] > git status -z -uall [5ms]
[2022-08-23T07:45:29.498Z] > git symbolic-ref --short HEAD [1ms]
[2022-08-23T07:45:29.514Z] > git for-each-ref --format=%(refname)%00%(upstream:short)%00%(objectname)%00%(upstream:track)%00%(upstream:remotename)%00%(upstream:remoteref) refs/heads/main refs/remotes/main [4ms]
[2022-08-23T07:45:29.569Z] > git remote --verbose [8ms]
[2022-08-23T07:45:29.569Z] > git for-each-ref --sort -committerdate --format %(refname) %(objectname) %(*objectname) [19ms]
[2022-08-23T07:45:29.582Z] > git config --get commit.template [2ms]
[2022-08-23T07:45:33.323Z] > git show --textconv :pages/index.js [44ms]
[2022-08-23T07:45:33.326Z] > git ls-files --stage -- /home/martin/projects/visual-fretboard/pages/index.js [9ms]
[2022-08-23T07:45:33.346Z] > git cat-file -s dc4b64035213fbc364af5421d19f9fb2f8249f7c [10ms]
[2022-08-23T07:45:35.027Z] > git show --textconv :components/String.js [7ms]
[2022-08-23T07:45:35.027Z] > git ls-files --stage -- /home/martin/projects/visual-fretboard/components/String.js [1ms]
