2023-01-10 17:24:17.839 [info] Extension host with pid 11692 started
2023-01-10 17:24:17.839 [info] Skipping acquiring lock for /home/martin/.config/Code/User/workspaceStorage/df3637e13a6232db0d82b41c202c357d.
2023-01-10 17:24:17.997 [info] ExtensionService#_doActivateExtension vscode.microsoft-authentication, startup: false, activationEvent: 'onAuthenticationRequest:microsoft'
2023-01-10 17:24:17.998 [info] ExtensionService#_doActivateExtension vscode.git-base, startup: true, activationEvent: '*', root cause: vscode.git
2023-01-10 17:24:17.998 [info] ExtensionService#_doActivateExtension vscode.npm, startup: true, activationEvent: 'workspaceContains:package.json'
2023-01-10 17:24:18.049 [info] ExtensionService#_doActivateExtension vscode.git, startup: true, activationEvent: '*'
2023-01-10 17:24:18.050 [info] ExtensionService#_doActivateExtension vscode.github, startup: true, activationEvent: '*'
2023-01-10 17:24:18.193 [info] ExtensionService#_doActivateExtension vscode.github-authentication, startup: false, activationEvent: 'onAuthenticationRequest:github'
2023-01-10 17:24:18.217 [info] Eager extensions activated
2023-01-10 17:24:18.268 [info] ExtensionService#_doActivateExtension vscode.debug-auto-launch, startup: false, activationEvent: 'onStartupFinished'
2023-01-10 17:24:18.268 [info] ExtensionService#_doActivateExtension vscode.emmet, startup: false, activationEvent: 'onStartupFinished'
2023-01-10 17:24:18.269 [info] ExtensionService#_doActivateExtension vscode.merge-conflict, startup: false, activationEvent: 'onStartupFinished'
2023-01-10 17:24:18.269 [info] ExtensionService#_doActivateExtension esbenp.prettier-vscode, startup: false, activationEvent: 'onStartupFinished'
2023-01-10 17:24:34.756 [info] ExtensionService#_doActivateExtension Vue.volar, startup: false, activationEvent: 'onLanguage:vue'
2023-01-10 17:24:37.512 [error] Error: Request volar/vueCompilerOptions failed with message: Cannot read properties of undefined (reading 'context')
	at Ws (/home/martin/.vscode/extensions/vue.volar-1.0.24-linux-x64/dist/node/client.js:4:228)
	at qt (/home/martin/.vscode/extensions/vue.volar-1.0.24-linux-x64/dist/node/client.js:3:6816)
	at Immediate.<anonymous> (/home/martin/.vscode/extensions/vue.volar-1.0.24-linux-x64/dist/node/client.js:3:6663)
	at process.processImmediate (node:internal/timers:466:21)
2023-01-10 17:24:37.525 [error] Error: Request volar/detectTagCasing failed with message: Cannot read properties of undefined (reading 'context')
	at Ws (/home/martin/.vscode/extensions/vue.volar-1.0.24-linux-x64/dist/node/client.js:4:228)
	at qt (/home/martin/.vscode/extensions/vue.volar-1.0.24-linux-x64/dist/node/client.js:3:6816)
	at Immediate.<anonymous> (/home/martin/.vscode/extensions/vue.volar-1.0.24-linux-x64/dist/node/client.js:3:6663)
	at process.processImmediate (node:internal/timers:466:21)
2023-01-10 17:25:08.447 [error] Error: Request volar/vueCompilerOptions failed with message: Cannot read properties of undefined (reading 'context')
	at Ws (/home/martin/.vscode/extensions/vue.volar-1.0.24-linux-x64/dist/node/client.js:4:228)
	at qt (/home/martin/.vscode/extensions/vue.volar-1.0.24-linux-x64/dist/node/client.js:3:6816)
	at Immediate.<anonymous> (/home/martin/.vscode/extensions/vue.volar-1.0.24-linux-x64/dist/node/client.js:3:6663)
	at process.processImmediate (node:internal/timers:466:21)
2023-01-10 17:25:08.452 [error] Error: Request volar/detectTagCasing failed with message: Cannot read properties of undefined (reading 'context')
	at Ws (/home/martin/.vscode/extensions/vue.volar-1.0.24-linux-x64/dist/node/client.js:4:228)
	at qt (/home/martin/.vscode/extensions/vue.volar-1.0.24-linux-x64/dist/node/client.js:3:6816)
	at Immediate.<anonymous> (/home/martin/.vscode/extensions/vue.volar-1.0.24-linux-x64/dist/node/client.js:3:6663)
	at process.processImmediate (node:internal/timers:466:21)
2023-01-10 17:29:39.321 [info] ExtensionService#_doActivateExtension vscode.typescript-language-features, startup: false, activationEvent: 'onLanguage:javascript'
2023-01-10 17:46:01.495 [info] ExtensionService#_doActivateExtension vscode.css-language-features, startup: false, activationEvent: 'onLanguage:css'
2023-01-10 20:05:28.125 [info] ExtensionService#_doActivateExtension vscode.configuration-editing, startup: false, activationEvent: 'onLanguage:json'
2023-01-10 20:05:28.192 [info] ExtensionService#_doActivateExtension vscode.extension-editing, startup: false, activationEvent: 'onLanguage:json'
2023-01-10 20:05:28.193 [info] ExtensionService#_doActivateExtension vscode.json-language-features, startup: false, activationEvent: 'onLanguage:json'
2023-01-11 00:08:50.673 [info] Extension host terminating: received terminate message from renderer
2023-01-11 00:08:50.975 [info] Extension host with pid 11692 exiting with code 0
