[2022-08-18T06:51:23.220Z] Log level: Info
[2022-08-18T06:51:23.221Z] [info] Validating found git in: git
[2022-08-18T06:51:24.907Z] [info] Using git 2.37.2 from git
[2022-08-18T06:51:26.061Z] > git rev-parse --show-toplevel [1135ms]
[2022-08-18T06:51:26.073Z] > git rev-parse --git-dir --git-common-dir [2ms]
[2022-08-18T06:51:26.083Z] [info] Open repository: /home/martin/projects/test-cm
[2022-08-18T06:51:26.677Z] > git check-ignore -v -z --stdin [55ms]
[2022-08-18T06:51:26.695Z] > git status -z -uall [603ms]
[2022-08-18T06:51:26.701Z] > git symbolic-ref --short HEAD [1ms]
[2022-08-18T06:51:26.754Z] > git for-each-ref --format=%(refname)%00%(upstream:short)%00%(objectname)%00%(upstream:track)%00%(upstream:remotename)%00%(upstream:remoteref) refs/heads/main refs/remotes/main [50ms]
[2022-08-18T06:51:26.771Z] > git for-each-ref --sort -committerdate --format %(refname) %(objectname) %(*objectname) [10ms]
[2022-08-18T06:51:26.774Z] > git remote --verbose [5ms]
[2022-08-18T06:51:26.798Z] > git config --get commit.template [13ms]
[2022-08-18T06:51:26.805Z] > git status -z -uall [2ms]
[2022-08-18T06:51:26.810Z] > git symbolic-ref --short HEAD [1ms]
[2022-08-18T06:51:26.814Z] > git for-each-ref --format=%(refname)%00%(upstream:short)%00%(objectname)%00%(upstream:track)%00%(upstream:remotename)%00%(upstream:remoteref) refs/heads/main refs/remotes/main [1ms]
[2022-08-18T06:51:26.823Z] > git for-each-ref --sort -committerdate --format %(refname) %(objectname) %(*objectname) [5ms]
[2022-08-18T06:51:26.823Z] > git remote --verbose [1ms]
[2022-08-18T06:51:26.833Z] > git config --get commit.template [4ms]
[2022-08-18T06:51:27.618Z] > git show --textconv :cms/config.js [125ms]
[2022-08-18T06:51:27.618Z] > git ls-files --stage -- /home/martin/projects/test-cm/cms/config.js [121ms]
[2022-08-18T06:51:29.506Z] > git check-ignore -v -z --stdin [8ms]
[2022-08-18T06:51:35.144Z] > git show --textconv :pages/admin.js [20ms]
[2022-08-18T06:51:35.144Z] > git ls-files --stage -- /home/martin/projects/test-cm/pages/admin.js [3ms]
