[2022-08-25T22:52:29.401Z] Log level: Info
[2022-08-25T22:52:29.403Z] [info] Validating found git in: git
[2022-08-25T22:52:29.836Z] [info] Using git 2.37.2 from git
[2022-08-25T22:52:30.020Z] > git rev-parse --show-toplevel [178ms]
[2022-08-25T22:52:30.027Z] > git rev-parse --git-dir --git-common-dir [1ms]
[2022-08-25T22:52:30.030Z] [info] Open repository: /home/martin/projects/visual-fretboard
[2022-08-25T22:52:30.466Z] > git show --textconv :components/String.js [125ms]
[2022-08-25T22:52:30.466Z] > git ls-files --stage -- /home/martin/projects/visual-fretboard/components/String.js [122ms]
[2022-08-25T22:52:31.978Z] > git status -z -uall [1943ms]
[2022-08-25T22:52:31.983Z] > git check-ignore -v -z --stdin [1425ms]
[2022-08-25T22:52:32.097Z] > git symbolic-ref --short HEAD [114ms]
[2022-08-25T22:52:32.123Z] > git for-each-ref --format=%(refname)%00%(upstream:short)%00%(objectname)%00%(upstream:track)%00%(upstream:remotename)%00%(upstream:remoteref) refs/heads/main refs/remotes/main [21ms]
[2022-08-25T22:52:32.132Z] > git remote --verbose [1ms]
[2022-08-25T22:52:32.132Z] > git for-each-ref --sort -committerdate --format %(refname) %(objectname) %(*objectname) [5ms]
[2022-08-25T22:52:32.152Z] > git config --get commit.template [11ms]
[2022-08-25T22:52:32.159Z] > git status -z -uall [1ms]
[2022-08-25T22:52:32.165Z] > git symbolic-ref --short HEAD [1ms]
[2022-08-25T22:52:32.171Z] > git for-each-ref --format=%(refname)%00%(upstream:short)%00%(objectname)%00%(upstream:track)%00%(upstream:remotename)%00%(upstream:remoteref) refs/heads/main refs/remotes/main [1ms]
[2022-08-25T22:52:32.180Z] > git for-each-ref --sort -committerdate --format %(refname) %(objectname) %(*objectname) [5ms]
[2022-08-25T22:52:32.180Z] > git remote --verbose [2ms]
[2022-08-25T22:52:32.188Z] > git config --get commit.template [2ms]
[2022-08-25T22:53:09.619Z] > git status -z -uall [14ms]
[2022-08-25T22:53:09.625Z] > git symbolic-ref --short HEAD [2ms]
[2022-08-25T22:53:09.630Z] > git for-each-ref --format=%(refname)%00%(upstream:short)%00%(objectname)%00%(upstream:track)%00%(upstream:remotename)%00%(upstream:remoteref) refs/heads/main refs/remotes/main [1ms]
[2022-08-25T22:53:09.641Z] > git for-each-ref --sort -committerdate --format %(refname) %(objectname) %(*objectname) [7ms]
[2022-08-25T22:53:09.642Z] > git remote --verbose [3ms]
[2022-08-25T22:53:09.649Z] > git config --get commit.template [2ms]
[2022-08-25T22:53:14.662Z] > git status -z -uall [2ms]
[2022-08-25T22:53:14.667Z] > git symbolic-ref --short HEAD [1ms]
[2022-08-25T22:53:14.673Z] > git for-each-ref --format=%(refname)%00%(upstream:short)%00%(objectname)%00%(upstream:track)%00%(upstream:remotename)%00%(upstream:remoteref) refs/heads/main refs/remotes/main [2ms]
[2022-08-25T22:53:14.682Z] > git for-each-ref --sort -committerdate --format %(refname) %(objectname) %(*objectname) [5ms]
[2022-08-25T22:53:14.682Z] > git remote --verbose [1ms]
[2022-08-25T22:53:14.690Z] > git config --get commit.template [1ms]
[2022-08-25T22:53:36.710Z] > git status -z -uall [4ms]
[2022-08-25T22:53:36.737Z] > git symbolic-ref --short HEAD [5ms]
[2022-08-25T22:53:36.761Z] > git for-each-ref --format=%(refname)%00%(upstream:short)%00%(objectname)%00%(upstream:track)%00%(upstream:remotename)%00%(upstream:remoteref) refs/heads/main refs/remotes/main [3ms]
[2022-08-25T22:53:36.792Z] > git for-each-ref --sort -committerdate --format %(refname) %(objectname) %(*objectname) [17ms]
[2022-08-25T22:53:36.792Z] > git remote --verbose [2ms]
[2022-08-25T22:53:36.810Z] > git config --get commit.template [2ms]
[2022-08-25T22:53:42.505Z] > git check-ignore -v -z --stdin [1ms]
[2022-08-25T22:53:43.380Z] > git show --textconv :public/data.json [6ms]
[2022-08-25T22:53:43.381Z] > git ls-files --stage -- /home/martin/projects/visual-fretboard/public/data.json [2ms]
[2022-08-25T22:53:45.087Z] > git ls-files --stage -- /home/martin/projects/visual-fretboard/pages/index.js [2ms]
[2022-08-25T22:53:45.210Z] > git show --textconv :pages/index.js [129ms]
[2022-08-25T22:53:45.211Z] > git cat-file -s dc4b64035213fbc364af5421d19f9fb2f8249f7c [121ms]
[2022-08-25T22:53:46.393Z] > git show --textconv :public/data.json [7ms]
[2022-08-25T22:53:46.395Z] > git ls-files --stage -- /home/martin/projects/visual-fretboard/public/data.json [2ms]
[2022-08-25T22:54:11.522Z] > git status -z -uall [2ms]
[2022-08-25T22:54:11.551Z] > git symbolic-ref --short HEAD [5ms]
[2022-08-25T22:54:11.578Z] > git for-each-ref --format=%(refname)%00%(upstream:short)%00%(objectname)%00%(upstream:track)%00%(upstream:remotename)%00%(upstream:remoteref) refs/heads/main refs/remotes/main [6ms]
[2022-08-25T22:54:11.619Z] > git remote --verbose [5ms]
[2022-08-25T22:54:11.619Z] > git for-each-ref --sort -committerdate --format %(refname) %(objectname) %(*objectname) [21ms]
[2022-08-25T22:54:11.630Z] > git config --get commit.template [1ms]
[2022-08-25T22:58:17.300Z] > git status -z -uall [6ms]
[2022-08-25T22:58:17.326Z] > git symbolic-ref --short HEAD [6ms]
[2022-08-25T22:58:17.351Z] > git for-each-ref --format=%(refname)%00%(upstream:short)%00%(objectname)%00%(upstream:track)%00%(upstream:remotename)%00%(upstream:remoteref) refs/heads/main refs/remotes/main [8ms]
[2022-08-25T22:58:17.372Z] > git remote --verbose [5ms]
[2022-08-25T22:58:17.373Z] > git for-each-ref --sort -committerdate --format %(refname) %(objectname) %(*objectname) [12ms]
[2022-08-25T22:58:17.396Z] > git config --get commit.template [3ms]
[2022-08-25T22:58:22.412Z] > git status -z -uall [2ms]
[2022-08-25T22:58:22.418Z] > git symbolic-ref --short HEAD [2ms]
[2022-08-25T22:58:22.423Z] > git for-each-ref --format=%(refname)%00%(upstream:short)%00%(objectname)%00%(upstream:track)%00%(upstream:remotename)%00%(upstream:remoteref) refs/heads/main refs/remotes/main [1ms]
[2022-08-25T22:58:22.433Z] > git for-each-ref --sort -committerdate --format %(refname) %(objectname) %(*objectname) [6ms]
[2022-08-25T22:58:22.433Z] > git remote --verbose [2ms]
[2022-08-25T22:58:22.441Z] > git config --get commit.template [2ms]
[2022-08-25T23:04:18.718Z] > git status -z -uall [8ms]
[2022-08-25T23:04:18.737Z] > git symbolic-ref --short HEAD [3ms]
[2022-08-25T23:04:18.750Z] > git for-each-ref --format=%(refname)%00%(upstream:short)%00%(objectname)%00%(upstream:track)%00%(upstream:remotename)%00%(upstream:remoteref) refs/heads/main refs/remotes/main [1ms]
[2022-08-25T23:04:18.780Z] > git remote --verbose [6ms]
[2022-08-25T23:04:18.781Z] > git for-each-ref --sort -committerdate --format %(refname) %(objectname) %(*objectname) [17ms]
[2022-08-25T23:04:18.801Z] > git config --get commit.template [3ms]
[2022-08-25T23:04:23.813Z] > git status -z -uall [2ms]
[2022-08-25T23:04:23.818Z] > git symbolic-ref --short HEAD [1ms]
[2022-08-25T23:04:23.824Z] > git for-each-ref --format=%(refname)%00%(upstream:short)%00%(objectname)%00%(upstream:track)%00%(upstream:remotename)%00%(upstream:remoteref) refs/heads/main refs/remotes/main [1ms]
[2022-08-25T23:04:23.834Z] > git for-each-ref --sort -committerdate --format %(refname) %(objectname) %(*objectname) [5ms]
[2022-08-25T23:04:23.834Z] > git remote --verbose [1ms]
[2022-08-25T23:04:23.841Z] > git config --get commit.template [1ms]
[2022-08-25T23:06:10.726Z] > git show --textconv :components/Fretboard.js [8ms]
[2022-08-25T23:06:10.728Z] > git ls-files --stage -- /home/martin/projects/visual-fretboard/components/Fretboard.js [2ms]
[2022-08-25T23:06:21.170Z] > git show --textconv :components/String.js [25ms]
[2022-08-25T23:06:21.171Z] > git ls-files --stage -- /home/martin/projects/visual-fretboard/components/String.js [11ms]
[2022-08-25T23:06:22.958Z] > git show --textconv :components/Metronome.js [6ms]
[2022-08-25T23:06:22.959Z] > git ls-files --stage -- /home/martin/projects/visual-fretboard/components/Metronome.js [1ms]
[2022-08-25T23:06:24.896Z] > git show --textconv :components/Fretboard.js [9ms]
[2022-08-25T23:06:24.897Z] > git ls-files --stage -- /home/martin/projects/visual-fretboard/components/Fretboard.js [1ms]
[2022-08-25T23:06:29.210Z] > git show --textconv :components/String.js [6ms]
[2022-08-25T23:06:29.211Z] > git ls-files --stage -- /home/martin/projects/visual-fretboard/components/String.js [2ms]
[2022-08-25T23:08:03.011Z] > git check-ignore -v -z --stdin [1ms]
[2022-08-25T23:08:11.645Z] > git show --textconv :public/data.json [9ms]
[2022-08-25T23:08:11.648Z] > git ls-files --stage -- /home/martin/projects/visual-fretboard/public/data.json [3ms]
[2022-08-25T23:11:43.732Z] > git status -z -uall [2ms]
[2022-08-25T23:11:43.738Z] > git symbolic-ref --short HEAD [1ms]
[2022-08-25T23:11:43.744Z] > git for-each-ref --format=%(refname)%00%(upstream:short)%00%(objectname)%00%(upstream:track)%00%(upstream:remotename)%00%(upstream:remoteref) refs/heads/main refs/remotes/main [1ms]
[2022-08-25T23:11:43.756Z] > git for-each-ref --sort -committerdate --format %(refname) %(objectname) %(*objectname) [7ms]
[2022-08-25T23:11:43.756Z] > git remote --verbose [2ms]
[2022-08-25T23:11:43.764Z] > git config --get commit.template [1ms]
[2022-08-25T23:12:36.549Z] > git status -z -uall [2ms]
[2022-08-25T23:12:36.556Z] > git symbolic-ref --short HEAD [1ms]
[2022-08-25T23:12:36.563Z] > git for-each-ref --format=%(refname)%00%(upstream:short)%00%(objectname)%00%(upstream:track)%00%(upstream:remotename)%00%(upstream:remoteref) refs/heads/main refs/remotes/main [1ms]
[2022-08-25T23:12:36.574Z] > git for-each-ref --sort -committerdate --format %(refname) %(objectname) %(*objectname) [6ms]
[2022-08-25T23:12:36.574Z] > git remote --verbose [1ms]
[2022-08-25T23:12:36.581Z] > git config --get commit.template [1ms]
[2022-08-25T23:12:45.860Z] > git status -z -uall [2ms]
[2022-08-25T23:12:45.867Z] > git symbolic-ref --short HEAD [1ms]
[2022-08-25T23:12:45.873Z] > git for-each-ref --format=%(refname)%00%(upstream:short)%00%(objectname)%00%(upstream:track)%00%(upstream:remotename)%00%(upstream:remoteref) refs/heads/main refs/remotes/main [1ms]
[2022-08-25T23:12:45.883Z] > git for-each-ref --sort -committerdate --format %(refname) %(objectname) %(*objectname) [6ms]
[2022-08-25T23:12:45.883Z] > git remote --verbose [1ms]
[2022-08-25T23:12:45.891Z] > git config --get commit.template [1ms]
[2022-08-25T23:14:06.203Z] > git status -z -uall [2ms]
[2022-08-25T23:14:06.209Z] > git symbolic-ref --short HEAD [1ms]
[2022-08-25T23:14:06.215Z] > git for-each-ref --format=%(refname)%00%(upstream:short)%00%(objectname)%00%(upstream:track)%00%(upstream:remotename)%00%(upstream:remoteref) refs/heads/main refs/remotes/main [1ms]
[2022-08-25T23:14:06.225Z] > git for-each-ref --sort -committerdate --format %(refname) %(objectname) %(*objectname) [6ms]
[2022-08-25T23:14:06.225Z] > git remote --verbose [1ms]
[2022-08-25T23:14:06.234Z] > git config --get commit.template [2ms]
[2022-08-25T23:14:19.262Z] > git status -z -uall [3ms]
[2022-08-25T23:14:19.270Z] > git symbolic-ref --short HEAD [2ms]
[2022-08-25T23:14:19.276Z] > git for-each-ref --format=%(refname)%00%(upstream:short)%00%(objectname)%00%(upstream:track)%00%(upstream:remotename)%00%(upstream:remoteref) refs/heads/main refs/remotes/main [1ms]
[2022-08-25T23:14:19.287Z] > git for-each-ref --sort -committerdate --format %(refname) %(objectname) %(*objectname) [6ms]
[2022-08-25T23:14:19.288Z] > git remote --verbose [1ms]
[2022-08-25T23:14:19.294Z] > git config --get commit.template [1ms]
[2022-08-25T23:14:27.582Z] > git status -z -uall [2ms]
[2022-08-25T23:14:27.588Z] > git symbolic-ref --short HEAD [1ms]
[2022-08-25T23:14:27.592Z] > git for-each-ref --format=%(refname)%00%(upstream:short)%00%(objectname)%00%(upstream:track)%00%(upstream:remotename)%00%(upstream:remoteref) refs/heads/main refs/remotes/main [1ms]
[2022-08-25T23:14:27.601Z] > git for-each-ref --sort -committerdate --format %(refname) %(objectname) %(*objectname) [4ms]
[2022-08-25T23:14:27.601Z] > git remote --verbose [1ms]
[2022-08-25T23:14:27.607Z] > git config --get commit.template [1ms]
[2022-08-25T23:14:34.544Z] > git show --textconv :components/String.js [10ms]
[2022-08-25T23:14:34.545Z] > git ls-files --stage -- /home/martin/projects/visual-fretboard/components/String.js [5ms]
[2022-08-25T23:14:40.020Z] > git show --textconv :components/Fretboard.js [29ms]
[2022-08-25T23:14:40.021Z] > git ls-files --stage -- /home/martin/projects/visual-fretboard/components/Fretboard.js [2ms]
[2022-08-25T23:14:45.900Z] > git show --textconv :public/data.json [7ms]
[2022-08-25T23:14:45.902Z] > git ls-files --stage -- /home/martin/projects/visual-fretboard/public/data.json [3ms]
[2022-08-25T23:14:48.445Z] > git show --textconv :components/Fretboard.js [10ms]
[2022-08-25T23:14:48.446Z] > git ls-files --stage -- /home/martin/projects/visual-fretboard/components/Fretboard.js [2ms]
[2022-08-25T23:14:52.793Z] > git show --textconv :components/String.js [19ms]
[2022-08-25T23:14:52.803Z] > git ls-files --stage -- /home/martin/projects/visual-fretboard/components/String.js [12ms]
[2022-08-25T23:14:57.528Z] > git show --textconv :components/Fretboard.js [10ms]
[2022-08-25T23:14:57.529Z] > git ls-files --stage -- /home/martin/projects/visual-fretboard/components/Fretboard.js [2ms]
[2022-08-25T23:15:22.015Z] > git show --textconv :components/Metronome.js [10ms]
[2022-08-25T23:15:22.016Z] > git ls-files --stage -- /home/martin/projects/visual-fretboard/components/Metronome.js [2ms]
[2022-08-25T23:15:22.462Z] > git show --textconv :components/Fretboard.js [7ms]
[2022-08-25T23:15:22.464Z] > git ls-files --stage -- /home/martin/projects/visual-fretboard/components/Fretboard.js [2ms]
[2022-08-25T23:17:00.935Z] > git show --textconv :public/data.json [9ms]
[2022-08-25T23:17:00.936Z] > git ls-files --stage -- /home/martin/projects/visual-fretboard/public/data.json [2ms]
[2022-08-25T23:17:23.566Z] > git show --textconv :components/Fretboard.js [6ms]
[2022-08-25T23:17:23.567Z] > git ls-files --stage -- /home/martin/projects/visual-fretboard/components/Fretboard.js [1ms]
[2022-08-25T23:17:53.379Z] > git show --textconv :public/data.json [9ms]
[2022-08-25T23:17:53.380Z] > git ls-files --stage -- /home/martin/projects/visual-fretboard/public/data.json [2ms]
[2022-08-25T23:18:51.910Z] > git status -z -uall [3ms]
[2022-08-25T23:18:51.917Z] > git symbolic-ref --short HEAD [2ms]
[2022-08-25T23:18:51.923Z] > git for-each-ref --format=%(refname)%00%(upstream:short)%00%(objectname)%00%(upstream:track)%00%(upstream:remotename)%00%(upstream:remoteref) refs/heads/main refs/remotes/main [1ms]
[2022-08-25T23:18:51.934Z] > git for-each-ref --sort -committerdate --format %(refname) %(objectname) %(*objectname) [6ms]
[2022-08-25T23:18:51.935Z] > git remote --verbose [2ms]
[2022-08-25T23:18:51.943Z] > git config --get commit.template [2ms]
[2022-08-25T23:18:53.874Z] > git show --textconv :components/Fretboard.js [26ms]
[2022-08-25T23:18:53.878Z] > git ls-files --stage -- /home/martin/projects/visual-fretboard/components/Fretboard.js [4ms]
[2022-08-25T23:18:55.252Z] > git show --textconv :public/data.json [11ms]
[2022-08-25T23:18:55.254Z] > git ls-files --stage -- /home/martin/projects/visual-fretboard/public/data.json [2ms]
[2022-08-25T23:18:56.952Z] > git status -z -uall [2ms]
[2022-08-25T23:18:56.958Z] > git symbolic-ref --short HEAD [2ms]
[2022-08-25T23:18:56.964Z] > git for-each-ref --format=%(refname)%00%(upstream:short)%00%(objectname)%00%(upstream:track)%00%(upstream:remotename)%00%(upstream:remoteref) refs/heads/main refs/remotes/main [2ms]
[2022-08-25T23:18:56.974Z] > git for-each-ref --sort -committerdate --format %(refname) %(objectname) %(*objectname) [6ms]
[2022-08-25T23:18:56.975Z] > git remote --verbose [2ms]
[2022-08-25T23:18:56.983Z] > git config --get commit.template [2ms]
[2022-08-25T23:19:06.010Z] > git status -z -uall [2ms]
[2022-08-25T23:19:06.018Z] > git symbolic-ref --short HEAD [1ms]
[2022-08-25T23:19:06.026Z] > git for-each-ref --format=%(refname)%00%(upstream:short)%00%(objectname)%00%(upstream:track)%00%(upstream:remotename)%00%(upstream:remoteref) refs/heads/main refs/remotes/main [1ms]
[2022-08-25T23:19:06.041Z] > git for-each-ref --sort -committerdate --format %(refname) %(objectname) %(*objectname) [7ms]
[2022-08-25T23:19:06.041Z] > git remote --verbose [1ms]
[2022-08-25T23:19:06.053Z] > git config --get commit.template [1ms]
[2022-08-25T23:19:06.448Z] > git show --textconv :components/Fretboard.js [8ms]
[2022-08-25T23:19:06.449Z] > git ls-files --stage -- /home/martin/projects/visual-fretboard/components/Fretboard.js [3ms]
[2022-08-25T23:19:12.591Z] > git status -z -uall [3ms]
[2022-08-25T23:19:12.598Z] > git symbolic-ref --short HEAD [1ms]
[2022-08-25T23:19:12.606Z] > git for-each-ref --format=%(refname)%00%(upstream:short)%00%(objectname)%00%(upstream:track)%00%(upstream:remotename)%00%(upstream:remoteref) refs/heads/main refs/remotes/main [2ms]
[2022-08-25T23:19:12.619Z] > git for-each-ref --sort -committerdate --format %(refname) %(objectname) %(*objectname) [7ms]
[2022-08-25T23:19:12.620Z] > git remote --verbose [2ms]
[2022-08-25T23:19:12.626Z] > git config --get commit.template [1ms]
[2022-08-25T23:19:18.439Z] > git status -z -uall [4ms]
[2022-08-25T23:19:18.445Z] > git symbolic-ref --short HEAD [1ms]
[2022-08-25T23:19:18.451Z] > git for-each-ref --format=%(refname)%00%(upstream:short)%00%(objectname)%00%(upstream:track)%00%(upstream:remotename)%00%(upstream:remoteref) refs/heads/main refs/remotes/main [1ms]
[2022-08-25T23:19:18.465Z] > git for-each-ref --sort -committerdate --format %(refname) %(objectname) %(*objectname) [9ms]
[2022-08-25T23:19:18.465Z] > git remote --verbose [3ms]
[2022-08-25T23:19:18.472Z] > git config --get commit.template [1ms]
[2022-08-25T23:19:38.162Z] > git status -z -uall [92ms]
[2022-08-25T23:19:38.197Z] > git symbolic-ref --short HEAD [4ms]
[2022-08-25T23:19:38.224Z] > git for-each-ref --format=%(refname)%00%(upstream:short)%00%(objectname)%00%(upstream:track)%00%(upstream:remotename)%00%(upstream:remoteref) refs/heads/main refs/remotes/main [3ms]
[2022-08-25T23:19:38.251Z] > git for-each-ref --sort -committerdate --format %(refname) %(objectname) %(*objectname) [14ms]
[2022-08-25T23:19:38.251Z] > git remote --verbose [1ms]
[2022-08-25T23:19:38.267Z] > git config --get commit.template [1ms]
[2022-08-25T23:19:43.283Z] > git status -z -uall [2ms]
[2022-08-25T23:19:43.289Z] > git symbolic-ref --short HEAD [1ms]
[2022-08-25T23:19:43.296Z] > git for-each-ref --format=%(refname)%00%(upstream:short)%00%(objectname)%00%(upstream:track)%00%(upstream:remotename)%00%(upstream:remoteref) refs/heads/main refs/remotes/main [1ms]
[2022-08-25T23:19:43.306Z] > git for-each-ref --sort -committerdate --format %(refname) %(objectname) %(*objectname) [5ms]
[2022-08-25T23:19:43.307Z] > git remote --verbose [1ms]
[2022-08-25T23:19:43.315Z] > git config --get commit.template [1ms]
[2022-08-25T23:20:08.212Z] > git status -z -uall [3ms]
[2022-08-25T23:20:08.218Z] > git symbolic-ref --short HEAD [1ms]
[2022-08-25T23:20:08.224Z] > git for-each-ref --format=%(refname)%00%(upstream:short)%00%(objectname)%00%(upstream:track)%00%(upstream:remotename)%00%(upstream:remoteref) refs/heads/main refs/remotes/main [1ms]
[2022-08-25T23:20:08.234Z] > git for-each-ref --sort -committerdate --format %(refname) %(objectname) %(*objectname) [5ms]
[2022-08-25T23:20:08.234Z] > git remote --verbose [1ms]
[2022-08-25T23:20:08.240Z] > git config --get commit.template [1ms]
[2022-08-25T23:22:28.045Z] > git show --textconv :public/data.json [154ms]
[2022-08-25T23:22:28.103Z] > git ls-files --stage -- /home/martin/projects/visual-fretboard/public/data.json [205ms]
[2022-08-25T23:22:28.872Z] > git show --textconv :components/Fretboard.js [7ms]
[2022-08-25T23:22:28.874Z] > git ls-files --stage -- /home/martin/projects/visual-fretboard/components/Fretboard.js [3ms]
[2022-08-25T23:25:53.325Z] > git show --textconv :components/String.js [10ms]
[2022-08-25T23:25:53.326Z] > git ls-files --stage -- /home/martin/projects/visual-fretboard/components/String.js [6ms]
[2022-08-25T23:25:57.879Z] > git show --textconv :components/Fretboard.js [10ms]
[2022-08-25T23:25:57.879Z] > git ls-files --stage -- /home/martin/projects/visual-fretboard/components/Fretboard.js [2ms]
[2022-08-25T23:30:02.807Z] > git show --textconv :public/data.json [8ms]
[2022-08-25T23:30:02.809Z] > git ls-files --stage -- /home/martin/projects/visual-fretboard/public/data.json [3ms]
[2022-08-25T23:30:11.767Z] > git show --textconv :components/Fretboard.js [6ms]
[2022-08-25T23:30:11.769Z] > git ls-files --stage -- /home/martin/projects/visual-fretboard/components/Fretboard.js [3ms]
[2022-08-25T23:32:03.952Z] > git show --textconv :components/String.js [13ms]
[2022-08-25T23:32:03.953Z] > git ls-files --stage -- /home/martin/projects/visual-fretboard/components/String.js [2ms]
[2022-08-25T23:32:10.324Z] > git show --textconv :components/Fretboard.js [8ms]
[2022-08-25T23:32:10.327Z] > git ls-files --stage -- /home/martin/projects/visual-fretboard/components/Fretboard.js [3ms]
[2022-08-26T00:45:56.793Z] > git status -z -uall [18ms]
[2022-08-26T00:45:56.856Z] > git symbolic-ref --short HEAD [25ms]
[2022-08-26T00:45:56.909Z] > git for-each-ref --format=%(refname)%00%(upstream:short)%00%(objectname)%00%(upstream:track)%00%(upstream:remotename)%00%(upstream:remoteref) refs/heads/main refs/remotes/main [4ms]
[2022-08-26T00:45:56.981Z] > git remote --verbose [5ms]
[2022-08-26T00:45:56.981Z] > git for-each-ref --sort -committerdate --format %(refname) %(objectname) %(*objectname) [37ms]
[2022-08-26T00:45:57.013Z] > git config --get commit.template [4ms]
[2022-08-26T00:46:02.025Z] > git status -z -uall [2ms]
[2022-08-26T00:46:02.032Z] > git symbolic-ref --short HEAD [1ms]
[2022-08-26T00:46:02.038Z] > git for-each-ref --format=%(refname)%00%(upstream:short)%00%(objectname)%00%(upstream:track)%00%(upstream:remotename)%00%(upstream:remoteref) refs/heads/main refs/remotes/main [1ms]
[2022-08-26T00:46:02.048Z] > git for-each-ref --sort -committerdate --format %(refname) %(objectname) %(*objectname) [5ms]
[2022-08-26T00:46:02.052Z] > git remote --verbose [5ms]
[2022-08-26T00:46:02.059Z] > git config --get commit.template [1ms]
[2022-08-26T00:46:36.896Z] > git status -z -uall [1ms]
[2022-08-26T00:46:36.902Z] > git symbolic-ref --short HEAD [1ms]
[2022-08-26T00:46:36.908Z] > git for-each-ref --format=%(refname)%00%(upstream:short)%00%(objectname)%00%(upstream:track)%00%(upstream:remotename)%00%(upstream:remoteref) refs/heads/main refs/remotes/main [1ms]
[2022-08-26T00:46:36.919Z] > git for-each-ref --sort -committerdate --format %(refname) %(objectname) %(*objectname) [5ms]
[2022-08-26T00:46:36.919Z] > git remote --verbose [1ms]
[2022-08-26T00:46:36.925Z] > git config --get commit.template [1ms]
[2022-08-26T00:47:52.028Z] > git status -z -uall [1ms]
[2022-08-26T00:47:52.033Z] > git symbolic-ref --short HEAD [0ms]
[2022-08-26T00:47:52.038Z] > git for-each-ref --format=%(refname)%00%(upstream:short)%00%(objectname)%00%(upstream:track)%00%(upstream:remotename)%00%(upstream:remoteref) refs/heads/main refs/remotes/main [0ms]
[2022-08-26T00:47:52.048Z] > git for-each-ref --sort -committerdate --format %(refname) %(objectname) %(*objectname) [5ms]
[2022-08-26T00:47:52.048Z] > git remote --verbose [1ms]
[2022-08-26T00:47:52.056Z] > git config --get commit.template [1ms]
[2022-08-26T00:51:28.225Z] > git status -z -uall [1ms]
[2022-08-26T00:51:28.231Z] > git symbolic-ref --short HEAD [1ms]
[2022-08-26T00:51:28.238Z] > git for-each-ref --format=%(refname)%00%(upstream:short)%00%(objectname)%00%(upstream:track)%00%(upstream:remotename)%00%(upstream:remoteref) refs/heads/main refs/remotes/main [2ms]
[2022-08-26T00:51:28.248Z] > git for-each-ref --sort -committerdate --format %(refname) %(objectname) %(*objectname) [5ms]
[2022-08-26T00:51:28.249Z] > git remote --verbose [3ms]
[2022-08-26T00:51:28.256Z] > git config --get commit.template [0ms]
[2022-08-26T00:51:41.729Z] > git status -z -uall [3ms]
[2022-08-26T00:51:41.737Z] > git symbolic-ref --short HEAD [1ms]
[2022-08-26T00:51:41.743Z] > git for-each-ref --format=%(refname)%00%(upstream:short)%00%(objectname)%00%(upstream:track)%00%(upstream:remotename)%00%(upstream:remoteref) refs/heads/main refs/remotes/main [1ms]
[2022-08-26T00:51:41.754Z] > git for-each-ref --sort -committerdate --format %(refname) %(objectname) %(*objectname) [6ms]
[2022-08-26T00:51:41.755Z] > git remote --verbose [2ms]
[2022-08-26T00:51:41.764Z] > git config --get commit.template [2ms]
[2022-08-26T00:51:51.038Z] > git status -z -uall [32ms]
[2022-08-26T00:51:51.118Z] > git symbolic-ref --short HEAD [10ms]
[2022-08-26T00:51:51.135Z] > git for-each-ref --format=%(refname)%00%(upstream:short)%00%(objectname)%00%(upstream:track)%00%(upstream:remotename)%00%(upstream:remoteref) refs/heads/main refs/remotes/main [4ms]
[2022-08-26T00:51:51.215Z] > git for-each-ref --sort -committerdate --format %(refname) %(objectname) %(*objectname) [28ms]
[2022-08-26T00:51:51.225Z] > git remote --verbose [12ms]
[2022-08-26T00:51:51.249Z] > git config --get commit.template [7ms]
[2022-08-26T00:51:56.262Z] > git status -z -uall [2ms]
[2022-08-26T00:51:56.272Z] > git symbolic-ref --short HEAD [1ms]
[2022-08-26T00:51:56.283Z] > git for-each-ref --format=%(refname)%00%(upstream:short)%00%(objectname)%00%(upstream:track)%00%(upstream:remotename)%00%(upstream:remoteref) refs/heads/main refs/remotes/main [1ms]
[2022-08-26T00:51:56.304Z] > git for-each-ref --sort -committerdate --format %(refname) %(objectname) %(*objectname) [9ms]
[2022-08-26T00:51:56.305Z] > git remote --verbose [2ms]
[2022-08-26T00:51:56.312Z] > git config --get commit.template [2ms]
[2022-08-26T00:52:01.320Z] > git status -z -uall [1ms]
[2022-08-26T00:52:01.326Z] > git symbolic-ref --short HEAD [1ms]
[2022-08-26T00:52:01.331Z] > git for-each-ref --format=%(refname)%00%(upstream:short)%00%(objectname)%00%(upstream:track)%00%(upstream:remotename)%00%(upstream:remoteref) refs/heads/main refs/remotes/main [1ms]
[2022-08-26T00:52:01.340Z] > git for-each-ref --sort -committerdate --format %(refname) %(objectname) %(*objectname) [5ms]
[2022-08-26T00:52:01.340Z] > git remote --verbose [1ms]
[2022-08-26T00:52:01.347Z] > git config --get commit.template [1ms]
[2022-08-26T00:53:05.944Z] > git status -z -uall [24ms]
[2022-08-26T00:53:05.985Z] > git symbolic-ref --short HEAD [9ms]
[2022-08-26T00:53:06.036Z] > git for-each-ref --format=%(refname)%00%(upstream:short)%00%(objectname)%00%(upstream:track)%00%(upstream:remotename)%00%(upstream:remoteref) refs/heads/main refs/remotes/main [13ms]
[2022-08-26T00:53:06.113Z] > git for-each-ref --sort -committerdate --format %(refname) %(objectname) %(*objectname) [47ms]
[2022-08-26T00:53:06.115Z] > git remote --verbose [14ms]
[2022-08-26T00:53:06.144Z] > git config --get commit.template [3ms]
[2022-08-26T00:53:11.151Z] > git status -z -uall [2ms]
[2022-08-26T00:53:11.156Z] > git symbolic-ref --short HEAD [1ms]
[2022-08-26T00:53:11.161Z] > git for-each-ref --format=%(refname)%00%(upstream:short)%00%(objectname)%00%(upstream:track)%00%(upstream:remotename)%00%(upstream:remoteref) refs/heads/main refs/remotes/main [1ms]
[2022-08-26T00:53:11.172Z] > git for-each-ref --sort -committerdate --format %(refname) %(objectname) %(*objectname) [6ms]
[2022-08-26T00:53:11.172Z] > git remote --verbose [1ms]
[2022-08-26T00:53:11.178Z] > git config --get commit.template [1ms]
[2022-08-26T00:53:52.874Z] > git status -z -uall [13ms]
[2022-08-26T00:53:52.926Z] > git symbolic-ref --short HEAD [19ms]
[2022-08-26T00:53:52.993Z] > git for-each-ref --format=%(refname)%00%(upstream:short)%00%(objectname)%00%(upstream:track)%00%(upstream:remotename)%00%(upstream:remoteref) refs/heads/main refs/remotes/main [18ms]
[2022-08-26T00:53:53.056Z] > git for-each-ref --sort -committerdate --format %(refname) %(objectname) %(*objectname) [27ms]
[2022-08-26T00:53:53.056Z] > git remote --verbose [1ms]
[2022-08-26T00:53:53.099Z] > git config --get commit.template [5ms]
[2022-08-26T00:54:48.859Z] > git status -z -uall [3ms]
[2022-08-26T00:54:48.867Z] > git symbolic-ref --short HEAD [1ms]
[2022-08-26T00:54:48.873Z] > git for-each-ref --format=%(refname)%00%(upstream:short)%00%(objectname)%00%(upstream:track)%00%(upstream:remotename)%00%(upstream:remoteref) refs/heads/main refs/remotes/main [1ms]
[2022-08-26T00:54:48.889Z] > git for-each-ref --sort -committerdate --format %(refname) %(objectname) %(*objectname) [8ms]
[2022-08-26T00:54:48.889Z] > git remote --verbose [1ms]
[2022-08-26T00:54:48.900Z] > git config --get commit.template [2ms]
[2022-08-26T00:56:34.328Z] > git status -z -uall [3ms]
[2022-08-26T00:56:34.339Z] > git symbolic-ref --short HEAD [3ms]
[2022-08-26T00:56:34.349Z] > git for-each-ref --format=%(refname)%00%(upstream:short)%00%(objectname)%00%(upstream:track)%00%(upstream:remotename)%00%(upstream:remoteref) refs/heads/main refs/remotes/main [2ms]
[2022-08-26T00:56:34.365Z] > git for-each-ref --sort -committerdate --format %(refname) %(objectname) %(*objectname) [9ms]
[2022-08-26T00:56:34.365Z] > git remote --verbose [2ms]
[2022-08-26T00:56:34.373Z] > git config --get commit.template [1ms]
[2022-08-26T00:58:35.629Z] > git status -z -uall [19ms]
[2022-08-26T00:58:35.679Z] > git symbolic-ref --short HEAD [7ms]
[2022-08-26T00:58:35.713Z] > git for-each-ref --format=%(refname)%00%(upstream:short)%00%(objectname)%00%(upstream:track)%00%(upstream:remotename)%00%(upstream:remoteref) refs/heads/main refs/remotes/main [7ms]
[2022-08-26T00:58:35.765Z] > git for-each-ref --sort -committerdate --format %(refname) %(objectname) %(*objectname) [21ms]
[2022-08-26T00:58:35.771Z] > git remote --verbose [9ms]
[2022-08-26T00:58:35.789Z] > git config --get commit.template [2ms]
[2022-08-26T00:59:57.173Z] > git status -z -uall [16ms]
[2022-08-26T00:59:57.213Z] > git symbolic-ref --short HEAD [8ms]
[2022-08-26T00:59:57.245Z] > git for-each-ref --format=%(refname)%00%(upstream:short)%00%(objectname)%00%(upstream:track)%00%(upstream:remotename)%00%(upstream:remoteref) refs/heads/main refs/remotes/main [6ms]
[2022-08-26T00:59:57.351Z] > git for-each-ref --sort -committerdate --format %(refname) %(objectname) %(*objectname) [68ms]
[2022-08-26T00:59:57.357Z] > git remote --verbose [9ms]
[2022-08-26T00:59:57.398Z] > git config --get commit.template [4ms]
[2022-08-26T01:00:41.934Z] > git status -z -uall [6ms]
[2022-08-26T01:00:41.961Z] > git symbolic-ref --short HEAD [2ms]
[2022-08-26T01:00:41.992Z] > git for-each-ref --format=%(refname)%00%(upstream:short)%00%(objectname)%00%(upstream:track)%00%(upstream:remotename)%00%(upstream:remoteref) refs/heads/main refs/remotes/main [8ms]
[2022-08-26T01:00:42.040Z] > git for-each-ref --sort -committerdate --format %(refname) %(objectname) %(*objectname) [22ms]
[2022-08-26T01:00:42.041Z] > git remote --verbose [4ms]
[2022-08-26T01:00:42.077Z] > git config --get commit.template [8ms]
[2022-08-26T01:00:47.093Z] > git status -z -uall [2ms]
[2022-08-26T01:00:47.099Z] > git symbolic-ref --short HEAD [1ms]
[2022-08-26T01:00:47.106Z] > git for-each-ref --format=%(refname)%00%(upstream:short)%00%(objectname)%00%(upstream:track)%00%(upstream:remotename)%00%(upstream:remoteref) refs/heads/main refs/remotes/main [2ms]
[2022-08-26T01:00:47.118Z] > git for-each-ref --sort -committerdate --format %(refname) %(objectname) %(*objectname) [6ms]
[2022-08-26T01:00:47.118Z] > git remote --verbose [1ms]
[2022-08-26T01:00:47.125Z] > git config --get commit.template [1ms]
[2022-08-26T01:02:18.750Z] > git status -z -uall [2ms]
[2022-08-26T01:02:18.758Z] > git symbolic-ref --short HEAD [2ms]
[2022-08-26T01:02:18.769Z] > git for-each-ref --format=%(refname)%00%(upstream:short)%00%(objectname)%00%(upstream:track)%00%(upstream:remotename)%00%(upstream:remoteref) refs/heads/main refs/remotes/main [1ms]
[2022-08-26T01:02:18.782Z] > git for-each-ref --sort -committerdate --format %(refname) %(objectname) %(*objectname) [6ms]
[2022-08-26T01:02:18.786Z] > git remote --verbose [5ms]
[2022-08-26T01:02:18.794Z] > git config --get commit.template [2ms]
[2022-08-26T01:02:31.206Z] > git status -z -uall [11ms]
[2022-08-26T01:02:31.297Z] > git symbolic-ref --short HEAD [31ms]
[2022-08-26T01:02:31.342Z] > git for-each-ref --format=%(refname)%00%(upstream:short)%00%(objectname)%00%(upstream:track)%00%(upstream:remotename)%00%(upstream:remoteref) refs/heads/main refs/remotes/main [7ms]
[2022-08-26T01:02:31.384Z] > git for-each-ref --sort -committerdate --format %(refname) %(objectname) %(*objectname) [28ms]
[2022-08-26T01:02:31.389Z] > git remote --verbose [12ms]
[2022-08-26T01:02:31.425Z] > git config --get commit.template [7ms]
[2022-08-26T01:03:23.716Z] > git status -z -uall [4ms]
[2022-08-26T01:03:23.723Z] > git symbolic-ref --short HEAD [1ms]
[2022-08-26T01:03:23.730Z] > git for-each-ref --format=%(refname)%00%(upstream:short)%00%(objectname)%00%(upstream:track)%00%(upstream:remotename)%00%(upstream:remoteref) refs/heads/main refs/remotes/main [2ms]
[2022-08-26T01:03:23.744Z] > git for-each-ref --sort -committerdate --format %(refname) %(objectname) %(*objectname) [8ms]
[2022-08-26T01:03:23.744Z] > git remote --verbose [1ms]
[2022-08-26T01:03:23.753Z] > git config --get commit.template [1ms]
[2022-08-26T01:03:28.770Z] > git status -z -uall [4ms]
[2022-08-26T01:03:28.777Z] > git symbolic-ref --short HEAD [2ms]
[2022-08-26T01:03:28.786Z] > git for-each-ref --format=%(refname)%00%(upstream:short)%00%(objectname)%00%(upstream:track)%00%(upstream:remotename)%00%(upstream:remoteref) refs/heads/main refs/remotes/main [1ms]
[2022-08-26T01:03:28.799Z] > git for-each-ref --sort -committerdate --format %(refname) %(objectname) %(*objectname) [7ms]
[2022-08-26T01:03:28.799Z] > git remote --verbose [1ms]
[2022-08-26T01:03:28.810Z] > git config --get commit.template [1ms]
[2022-08-26T01:03:41.694Z] > git status -z -uall [3ms]
[2022-08-26T01:03:41.729Z] > git symbolic-ref --short HEAD [6ms]
[2022-08-26T01:03:41.764Z] > git for-each-ref --format=%(refname)%00%(upstream:short)%00%(objectname)%00%(upstream:track)%00%(upstream:remotename)%00%(upstream:remoteref) refs/heads/main refs/remotes/main [2ms]
[2022-08-26T01:03:41.827Z] > git for-each-ref --sort -committerdate --format %(refname) %(objectname) %(*objectname) [37ms]
[2022-08-26T01:03:41.841Z] > git remote --verbose [22ms]
[2022-08-26T01:03:41.884Z] > git config --get commit.template [21ms]
[2022-08-26T01:03:46.901Z] > git status -z -uall [3ms]
[2022-08-26T01:03:46.907Z] > git symbolic-ref --short HEAD [1ms]
[2022-08-26T01:03:46.914Z] > git for-each-ref --format=%(refname)%00%(upstream:short)%00%(objectname)%00%(upstream:track)%00%(upstream:remotename)%00%(upstream:remoteref) refs/heads/main refs/remotes/main [2ms]
[2022-08-26T01:03:46.925Z] > git for-each-ref --sort -committerdate --format %(refname) %(objectname) %(*objectname) [6ms]
[2022-08-26T01:03:46.926Z] > git remote --verbose [2ms]
[2022-08-26T01:03:46.933Z] > git config --get commit.template [1ms]
[2022-08-26T01:04:01.613Z] > git status -z -uall [11ms]
[2022-08-26T01:04:01.653Z] > git symbolic-ref --short HEAD [12ms]
[2022-08-26T01:04:01.692Z] > git for-each-ref --format=%(refname)%00%(upstream:short)%00%(objectname)%00%(upstream:track)%00%(upstream:remotename)%00%(upstream:remoteref) refs/heads/main refs/remotes/main [8ms]
[2022-08-26T01:04:01.765Z] > git for-each-ref --sort -committerdate --format %(refname) %(objectname) %(*objectname) [41ms]
[2022-08-26T01:04:01.784Z] > git remote --verbose [26ms]
[2022-08-26T01:04:01.841Z] > git config --get commit.template [8ms]
[2022-08-26T01:04:06.850Z] > git status -z -uall [1ms]
[2022-08-26T01:04:06.855Z] > git symbolic-ref --short HEAD [0ms]
[2022-08-26T01:04:06.860Z] > git for-each-ref --format=%(refname)%00%(upstream:short)%00%(objectname)%00%(upstream:track)%00%(upstream:remotename)%00%(upstream:remoteref) refs/heads/main refs/remotes/main [1ms]
[2022-08-26T01:04:06.870Z] > git for-each-ref --sort -committerdate --format %(refname) %(objectname) %(*objectname) [5ms]
[2022-08-26T01:04:06.871Z] > git remote --verbose [1ms]
[2022-08-26T01:04:06.877Z] > git config --get commit.template [1ms]
[2022-08-26T01:04:14.924Z] > git show --textconv :public/data.json [8ms]
[2022-08-26T01:04:14.924Z] > git ls-files --stage -- /home/martin/projects/visual-fretboard/public/data.json [1ms]
[2022-08-26T01:04:17.005Z] > git show --textconv :components/Fretboard.js [15ms]
[2022-08-26T01:04:17.005Z] > git ls-files --stage -- /home/martin/projects/visual-fretboard/components/Fretboard.js [2ms]
[2022-08-26T01:04:49.764Z] > git show --textconv :public/data.json [11ms]
[2022-08-26T01:04:49.764Z] > git ls-files --stage -- /home/martin/projects/visual-fretboard/public/data.json [1ms]
[2022-08-26T01:04:53.097Z] > git show --textconv :components/Fretboard.js [9ms]
[2022-08-26T01:04:53.103Z] > git ls-files --stage -- /home/martin/projects/visual-fretboard/components/Fretboard.js [7ms]
[2022-08-26T01:05:03.434Z] > git show --textconv :components/String.js [17ms]
[2022-08-26T01:05:03.437Z] > git ls-files --stage -- /home/martin/projects/visual-fretboard/components/String.js [7ms]
[2022-08-26T01:05:04.995Z] > git show --textconv :public/data.json [13ms]
[2022-08-26T01:05:04.996Z] > git ls-files --stage -- /home/martin/projects/visual-fretboard/public/data.json [1ms]
[2022-08-26T01:05:09.386Z] > git show --textconv :components/Fretboard.js [9ms]
[2022-08-26T01:05:09.387Z] > git ls-files --stage -- /home/martin/projects/visual-fretboard/components/Fretboard.js [2ms]
[2022-08-26T01:06:17.651Z] > git status -z -uall [18ms]
[2022-08-26T01:06:17.714Z] > git symbolic-ref --short HEAD [7ms]
[2022-08-26T01:06:17.753Z] > git for-each-ref --format=%(refname)%00%(upstream:short)%00%(objectname)%00%(upstream:track)%00%(upstream:remotename)%00%(upstream:remoteref) refs/heads/main refs/remotes/main [7ms]
[2022-08-26T01:06:17.788Z] > git for-each-ref --sort -committerdate --format %(refname) %(objectname) %(*objectname) [24ms]
[2022-08-26T01:06:17.789Z] > git remote --verbose [1ms]
[2022-08-26T01:06:17.834Z] > git config --get commit.template [5ms]
[2022-08-26T01:06:22.846Z] > git status -z -uall [2ms]
[2022-08-26T01:06:22.853Z] > git symbolic-ref --short HEAD [1ms]
[2022-08-26T01:06:22.860Z] > git for-each-ref --format=%(refname)%00%(upstream:short)%00%(objectname)%00%(upstream:track)%00%(upstream:remotename)%00%(upstream:remoteref) refs/heads/main refs/remotes/main [2ms]
[2022-08-26T01:06:22.872Z] > git for-each-ref --sort -committerdate --format %(refname) %(objectname) %(*objectname) [6ms]
[2022-08-26T01:06:22.873Z] > git remote --verbose [2ms]
[2022-08-26T01:06:22.881Z] > git config --get commit.template [1ms]
[2022-08-26T01:06:47.786Z] > git status -z -uall [12ms]
[2022-08-26T01:06:47.836Z] > git symbolic-ref --short HEAD [22ms]
[2022-08-26T01:06:47.870Z] > git for-each-ref --format=%(refname)%00%(upstream:short)%00%(objectname)%00%(upstream:track)%00%(upstream:remotename)%00%(upstream:remoteref) refs/heads/main refs/remotes/main [3ms]
[2022-08-26T01:06:47.923Z] > git for-each-ref --sort -committerdate --format %(refname) %(objectname) %(*objectname) [25ms]
[2022-08-26T01:06:47.923Z] > git remote --verbose [2ms]
[2022-08-26T01:06:47.952Z] > git config --get commit.template [3ms]
[2022-08-26T01:06:52.961Z] > git status -z -uall [3ms]
[2022-08-26T01:06:52.969Z] > git symbolic-ref --short HEAD [1ms]
[2022-08-26T01:06:52.977Z] > git for-each-ref --format=%(refname)%00%(upstream:short)%00%(objectname)%00%(upstream:track)%00%(upstream:remotename)%00%(upstream:remoteref) refs/heads/main refs/remotes/main [2ms]
[2022-08-26T01:06:52.990Z] > git for-each-ref --sort -committerdate --format %(refname) %(objectname) %(*objectname) [8ms]
[2022-08-26T01:06:52.990Z] > git remote --verbose [1ms]
[2022-08-26T01:06:52.997Z] > git config --get commit.template [1ms]
[2022-08-26T01:08:05.212Z] > git status -z -uall [19ms]
[2022-08-26T01:08:05.261Z] > git symbolic-ref --short HEAD [4ms]
[2022-08-26T01:08:05.312Z] > git for-each-ref --format=%(refname)%00%(upstream:short)%00%(objectname)%00%(upstream:track)%00%(upstream:remotename)%00%(upstream:remoteref) refs/heads/main refs/remotes/main [15ms]
[2022-08-26T01:08:05.405Z] > git for-each-ref --sort -committerdate --format %(refname) %(objectname) %(*objectname) [63ms]
[2022-08-26T01:08:05.407Z] > git remote --verbose [4ms]
[2022-08-26T01:08:05.455Z] > git config --get commit.template [12ms]
[2022-08-26T01:08:10.464Z] > git status -z -uall [1ms]
[2022-08-26T01:08:10.476Z] > git symbolic-ref --short HEAD [2ms]
[2022-08-26T01:08:10.483Z] > git for-each-ref --format=%(refname)%00%(upstream:short)%00%(objectname)%00%(upstream:track)%00%(upstream:remotename)%00%(upstream:remoteref) refs/heads/main refs/remotes/main [1ms]
[2022-08-26T01:08:10.498Z] > git for-each-ref --sort -committerdate --format %(refname) %(objectname) %(*objectname) [7ms]
[2022-08-26T01:08:10.498Z] > git remote --verbose [1ms]
[2022-08-26T01:08:10.508Z] > git config --get commit.template [2ms]
[2022-08-26T01:09:28.967Z] > git status -z -uall [213ms]
[2022-08-26T01:09:29.004Z] > git symbolic-ref --short HEAD [4ms]
[2022-08-26T01:09:29.044Z] > git for-each-ref --format=%(refname)%00%(upstream:short)%00%(objectname)%00%(upstream:track)%00%(upstream:remotename)%00%(upstream:remoteref) refs/heads/main refs/remotes/main [9ms]
[2022-08-26T01:09:29.101Z] > git for-each-ref --sort -committerdate --format %(refname) %(objectname) %(*objectname) [37ms]
[2022-08-26T01:09:29.104Z] > git remote --verbose [5ms]
[2022-08-26T01:09:29.119Z] > git config --get commit.template [1ms]
[2022-08-26T01:10:17.737Z] > git status -z -uall [2ms]
[2022-08-26T01:10:17.745Z] > git symbolic-ref --short HEAD [1ms]
[2022-08-26T01:10:17.752Z] > git for-each-ref --format=%(refname)%00%(upstream:short)%00%(objectname)%00%(upstream:track)%00%(upstream:remotename)%00%(upstream:remoteref) refs/heads/main refs/remotes/main [1ms]
[2022-08-26T01:10:17.764Z] > git for-each-ref --sort -committerdate --format %(refname) %(objectname) %(*objectname) [6ms]
[2022-08-26T01:10:17.765Z] > git remote --verbose [2ms]
[2022-08-26T01:10:17.773Z] > git config --get commit.template [1ms]
[2022-08-26T01:12:15.260Z] > git status -z -uall [5ms]
[2022-08-26T01:12:15.324Z] > git symbolic-ref --short HEAD [20ms]
[2022-08-26T01:12:15.360Z] > git for-each-ref --format=%(refname)%00%(upstream:short)%00%(objectname)%00%(upstream:track)%00%(upstream:remotename)%00%(upstream:remoteref) refs/heads/main refs/remotes/main [10ms]
[2022-08-26T01:12:15.396Z] > git for-each-ref --sort -committerdate --format %(refname) %(objectname) %(*objectname) [20ms]
[2022-08-26T01:12:15.400Z] > git remote --verbose [7ms]
[2022-08-26T01:12:15.431Z] > git config --get commit.template [7ms]
[2022-08-26T01:12:24.124Z] > git show --textconv :public/data.json [13ms]
[2022-08-26T01:12:24.127Z] > git ls-files --stage -- /home/martin/projects/visual-fretboard/public/data.json [5ms]
[2022-08-26T01:13:08.267Z] > git status -z -uall [1ms]
[2022-08-26T01:13:08.274Z] > git symbolic-ref --short HEAD [1ms]
[2022-08-26T01:13:08.280Z] > git for-each-ref --format=%(refname)%00%(upstream:short)%00%(objectname)%00%(upstream:track)%00%(upstream:remotename)%00%(upstream:remoteref) refs/heads/main refs/remotes/main [1ms]
[2022-08-26T01:13:08.292Z] > git for-each-ref --sort -committerdate --format %(refname) %(objectname) %(*objectname) [7ms]
[2022-08-26T01:13:08.292Z] > git remote --verbose [1ms]
[2022-08-26T01:13:08.300Z] > git config --get commit.template [2ms]
[2022-08-26T01:13:36.203Z] > git show --textconv :components/String.js [11ms]
[2022-08-26T01:13:36.205Z] > git ls-files --stage -- /home/martin/projects/visual-fretboard/components/String.js [3ms]
[2022-08-26T01:13:42.397Z] > git show --textconv :components/Fretboard.js [9ms]
[2022-08-26T01:13:42.400Z] > git ls-files --stage -- /home/martin/projects/visual-fretboard/components/Fretboard.js [3ms]
[2022-08-26T01:14:34.471Z] > git status -z -uall [3ms]
[2022-08-26T01:14:34.481Z] > git symbolic-ref --short HEAD [1ms]
[2022-08-26T01:14:34.487Z] > git for-each-ref --format=%(refname)%00%(upstream:short)%00%(objectname)%00%(upstream:track)%00%(upstream:remotename)%00%(upstream:remoteref) refs/heads/main refs/remotes/main [1ms]
[2022-08-26T01:14:34.501Z] > git for-each-ref --sort -committerdate --format %(refname) %(objectname) %(*objectname) [8ms]
[2022-08-26T01:14:34.501Z] > git remote --verbose [1ms]
[2022-08-26T01:14:34.508Z] > git config --get commit.template [1ms]
[2022-08-26T01:15:16.261Z] > git status -z -uall [2ms]
[2022-08-26T01:15:16.267Z] > git symbolic-ref --short HEAD [1ms]
[2022-08-26T01:15:16.273Z] > git for-each-ref --format=%(refname)%00%(upstream:short)%00%(objectname)%00%(upstream:track)%00%(upstream:remotename)%00%(upstream:remoteref) refs/heads/main refs/remotes/main [1ms]
[2022-08-26T01:15:16.285Z] > git for-each-ref --sort -committerdate --format %(refname) %(objectname) %(*objectname) [7ms]
[2022-08-26T01:15:16.285Z] > git remote --verbose [2ms]
[2022-08-26T01:15:16.292Z] > git config --get commit.template [1ms]
[2022-08-26T01:15:40.923Z] > git status -z -uall [13ms]
[2022-08-26T01:15:40.946Z] > git symbolic-ref --short HEAD [1ms]
[2022-08-26T01:15:40.990Z] > git for-each-ref --format=%(refname)%00%(upstream:short)%00%(objectname)%00%(upstream:track)%00%(upstream:remotename)%00%(upstream:remoteref) refs/heads/main refs/remotes/main [13ms]
[2022-08-26T01:15:41.087Z] > git for-each-ref --sort -committerdate --format %(refname) %(objectname) %(*objectname) [61ms]
[2022-08-26T01:15:41.100Z] > git remote --verbose [24ms]
[2022-08-26T01:15:41.143Z] > git config --get commit.template [3ms]
[2022-08-26T01:15:46.647Z] > git status -z -uall [4ms]
[2022-08-26T01:15:46.658Z] > git symbolic-ref --short HEAD [1ms]
[2022-08-26T01:15:46.679Z] > git for-each-ref --format=%(refname)%00%(upstream:short)%00%(objectname)%00%(upstream:track)%00%(upstream:remotename)%00%(upstream:remoteref) refs/heads/main refs/remotes/main [9ms]
[2022-08-26T01:15:46.734Z] > git for-each-ref --sort -committerdate --format %(refname) %(objectname) %(*objectname) [24ms]
[2022-08-26T01:15:46.736Z] > git remote --verbose [2ms]
[2022-08-26T01:15:46.752Z] > git config --get commit.template [1ms]
[2022-08-26T01:16:09.100Z] > git status -z -uall [3ms]
[2022-08-26T01:16:09.107Z] > git symbolic-ref --short HEAD [1ms]
[2022-08-26T01:16:09.114Z] > git for-each-ref --format=%(refname)%00%(upstream:short)%00%(objectname)%00%(upstream:track)%00%(upstream:remotename)%00%(upstream:remoteref) refs/heads/main refs/remotes/main [2ms]
[2022-08-26T01:16:09.125Z] > git for-each-ref --sort -committerdate --format %(refname) %(objectname) %(*objectname) [6ms]
[2022-08-26T01:16:09.125Z] > git remote --verbose [1ms]
[2022-08-26T01:16:09.133Z] > git config --get commit.template [2ms]
[2022-08-26T01:17:01.477Z] > git show --textconv :public/data.json [6ms]
[2022-08-26T01:17:01.478Z] > git ls-files --stage -- /home/martin/projects/visual-fretboard/public/data.json [1ms]
[2022-08-26T01:17:04.288Z] > git show --textconv :components/Fretboard.js [6ms]
[2022-08-26T01:17:04.288Z] > git ls-files --stage -- /home/martin/projects/visual-fretboard/components/Fretboard.js [1ms]
[2022-08-26T01:17:13.635Z] > git show --textconv :public/data.json [6ms]
[2022-08-26T01:17:13.636Z] > git ls-files --stage -- /home/martin/projects/visual-fretboard/public/data.json [2ms]
[2022-08-26T01:17:15.342Z] > git show --textconv :components/Fretboard.js [10ms]
[2022-08-26T01:17:15.344Z] > git ls-files --stage -- /home/martin/projects/visual-fretboard/components/Fretboard.js [3ms]
[2022-08-26T01:17:58.279Z] > git status -z -uall [18ms]
[2022-08-26T01:17:58.401Z] > git symbolic-ref --short HEAD [24ms]
[2022-08-26T01:17:58.477Z] > git for-each-ref --format=%(refname)%00%(upstream:short)%00%(objectname)%00%(upstream:track)%00%(upstream:remotename)%00%(upstream:remoteref) refs/heads/main refs/remotes/main [19ms]
[2022-08-26T01:17:58.516Z] > git for-each-ref --sort -committerdate --format %(refname) %(objectname) %(*objectname) [25ms]
[2022-08-26T01:17:58.526Z] > git remote --verbose [12ms]
[2022-08-26T01:17:58.574Z] > git config --get commit.template [10ms]
[2022-08-26T01:18:43.054Z] > git show --textconv :components/String.js [16ms]
[2022-08-26T01:18:43.055Z] > git ls-files --stage -- /home/martin/projects/visual-fretboard/components/String.js [3ms]
[2022-08-26T01:18:43.587Z] > git show --textconv :public/data.json [13ms]
[2022-08-26T01:18:43.587Z] > git ls-files --stage -- /home/martin/projects/visual-fretboard/public/data.json [1ms]
[2022-08-26T01:18:45.452Z] > git show --textconv :components/Fretboard.js [6ms]
[2022-08-26T01:18:45.453Z] > git ls-files --stage -- /home/martin/projects/visual-fretboard/components/Fretboard.js [1ms]
[2022-08-26T01:18:59.060Z] > git status -z -uall [2ms]
[2022-08-26T01:18:59.068Z] > git symbolic-ref --short HEAD [1ms]
[2022-08-26T01:18:59.075Z] > git for-each-ref --format=%(refname)%00%(upstream:short)%00%(objectname)%00%(upstream:track)%00%(upstream:remotename)%00%(upstream:remoteref) refs/heads/main refs/remotes/main [1ms]
[2022-08-26T01:18:59.087Z] > git for-each-ref --sort -committerdate --format %(refname) %(objectname) %(*objectname) [6ms]
[2022-08-26T01:18:59.088Z] > git remote --verbose [1ms]
[2022-08-26T01:18:59.094Z] > git config --get commit.template [1ms]
[2022-08-26T01:19:59.044Z] > git status -z -uall [5ms]
[2022-08-26T01:19:59.075Z] > git symbolic-ref --short HEAD [3ms]
[2022-08-26T01:19:59.112Z] > git for-each-ref --format=%(refname)%00%(upstream:short)%00%(objectname)%00%(upstream:track)%00%(upstream:remotename)%00%(upstream:remoteref) refs/heads/main refs/remotes/main [8ms]
[2022-08-26T01:19:59.185Z] > git for-each-ref --sort -committerdate --format %(refname) %(objectname) %(*objectname) [34ms]
[2022-08-26T01:19:59.187Z] > git remote --verbose [5ms]
[2022-08-26T01:19:59.228Z] > git config --get commit.template [16ms]
[2022-08-26T01:20:04.238Z] > git status -z -uall [1ms]
[2022-08-26T01:20:04.245Z] > git symbolic-ref --short HEAD [1ms]
[2022-08-26T01:20:04.251Z] > git for-each-ref --format=%(refname)%00%(upstream:short)%00%(objectname)%00%(upstream:track)%00%(upstream:remotename)%00%(upstream:remoteref) refs/heads/main refs/remotes/main [1ms]
[2022-08-26T01:20:04.262Z] > git for-each-ref --sort -committerdate --format %(refname) %(objectname) %(*objectname) [6ms]
[2022-08-26T01:20:04.262Z] > git remote --verbose [1ms]
[2022-08-26T01:20:04.269Z] > git config --get commit.template [1ms]
[2022-08-26T01:20:16.437Z] > git status -z -uall [3ms]
[2022-08-26T01:20:16.447Z] > git symbolic-ref --short HEAD [2ms]
[2022-08-26T01:20:16.453Z] > git for-each-ref --format=%(refname)%00%(upstream:short)%00%(objectname)%00%(upstream:track)%00%(upstream:remotename)%00%(upstream:remoteref) refs/heads/main refs/remotes/main [1ms]
[2022-08-26T01:20:16.464Z] > git for-each-ref --sort -committerdate --format %(refname) %(objectname) %(*objectname) [5ms]
[2022-08-26T01:20:16.465Z] > git remote --verbose [1ms]
[2022-08-26T01:20:16.474Z] > git config --get commit.template [1ms]
[2022-08-26T01:21:50.886Z] > git status -z -uall [7ms]
[2022-08-26T01:21:50.930Z] > git symbolic-ref --short HEAD [2ms]
[2022-08-26T01:21:50.997Z] > git for-each-ref --format=%(refname)%00%(upstream:short)%00%(objectname)%00%(upstream:track)%00%(upstream:remotename)%00%(upstream:remoteref) refs/heads/main refs/remotes/main [5ms]
[2022-08-26T01:21:51.063Z] > git for-each-ref --sort -committerdate --format %(refname) %(objectname) %(*objectname) [30ms]
[2022-08-26T01:21:51.064Z] > git remote --verbose [2ms]
[2022-08-26T01:21:51.112Z] > git config --get commit.template [8ms]
[2022-08-26T01:21:56.127Z] > git status -z -uall [6ms]
[2022-08-26T01:21:56.136Z] > git symbolic-ref --short HEAD [2ms]
[2022-08-26T01:21:56.145Z] > git for-each-ref --format=%(refname)%00%(upstream:short)%00%(objectname)%00%(upstream:track)%00%(upstream:remotename)%00%(upstream:remoteref) refs/heads/main refs/remotes/main [2ms]
[2022-08-26T01:21:56.162Z] > git for-each-ref --sort -committerdate --format %(refname) %(objectname) %(*objectname) [11ms]
[2022-08-26T01:21:56.162Z] > git remote --verbose [1ms]
[2022-08-26T01:21:56.183Z] > git config --get commit.template [7ms]
[2022-08-26T01:22:01.191Z] > git status -z -uall [1ms]
[2022-08-26T01:22:01.197Z] > git symbolic-ref --short HEAD [1ms]
[2022-08-26T01:22:01.202Z] > git for-each-ref --format=%(refname)%00%(upstream:short)%00%(objectname)%00%(upstream:track)%00%(upstream:remotename)%00%(upstream:remoteref) refs/heads/main refs/remotes/main [1ms]
[2022-08-26T01:22:01.213Z] > git remote --verbose [2ms]
[2022-08-26T01:22:01.213Z] > git for-each-ref --sort -committerdate --format %(refname) %(objectname) %(*objectname) [6ms]
[2022-08-26T01:22:01.223Z] > git config --get commit.template [1ms]
[2022-08-26T01:22:19.129Z] > git status -z -uall [6ms]
[2022-08-26T01:22:19.146Z] > git symbolic-ref --short HEAD [5ms]
[2022-08-26T01:22:19.171Z] > git for-each-ref --format=%(refname)%00%(upstream:short)%00%(objectname)%00%(upstream:track)%00%(upstream:remotename)%00%(upstream:remoteref) refs/heads/main refs/remotes/main [6ms]
[2022-08-26T01:22:19.200Z] > git remote --verbose [5ms]
[2022-08-26T01:22:19.201Z] > git for-each-ref --sort -committerdate --format %(refname) %(objectname) %(*objectname) [11ms]
[2022-08-26T01:22:19.243Z] > git config --get commit.template [8ms]
[2022-08-26T01:22:28.653Z] > git status -z -uall [7ms]
[2022-08-26T01:22:28.688Z] > git symbolic-ref --short HEAD [8ms]
[2022-08-26T01:22:28.705Z] > git for-each-ref --format=%(refname)%00%(upstream:short)%00%(objectname)%00%(upstream:track)%00%(upstream:remotename)%00%(upstream:remoteref) refs/heads/main refs/remotes/main [7ms]
[2022-08-26T01:22:28.747Z] > git for-each-ref --sort -committerdate --format %(refname) %(objectname) %(*objectname) [22ms]
[2022-08-26T01:22:28.748Z] > git remote --verbose [1ms]
[2022-08-26T01:22:28.771Z] > git config --get commit.template [5ms]
[2022-08-26T01:22:50.714Z] > git show --textconv :components/String.js [8ms]
[2022-08-26T01:22:50.715Z] > git ls-files --stage -- /home/martin/projects/visual-fretboard/components/String.js [2ms]
[2022-08-26T01:23:24.983Z] > git status -z -uall [1ms]
[2022-08-26T01:23:25.006Z] > git symbolic-ref --short HEAD [4ms]
[2022-08-26T01:23:25.026Z] > git for-each-ref --format=%(refname)%00%(upstream:short)%00%(objectname)%00%(upstream:track)%00%(upstream:remotename)%00%(upstream:remoteref) refs/heads/main refs/remotes/main [7ms]
[2022-08-26T01:23:25.056Z] > git for-each-ref --sort -committerdate --format %(refname) %(objectname) %(*objectname) [6ms]
[2022-08-26T01:23:25.056Z] > git remote --verbose [1ms]
[2022-08-26T01:23:25.074Z] > git config --get commit.template [7ms]
[2022-08-26T01:23:29.167Z] > git show --textconv :components/Fretboard.js [11ms]
[2022-08-26T01:23:29.169Z] > git ls-files --stage -- /home/martin/projects/visual-fretboard/components/Fretboard.js [4ms]
[2022-08-26T01:23:30.081Z] > git status -z -uall [2ms]
[2022-08-26T01:23:30.087Z] > git symbolic-ref --short HEAD [1ms]
[2022-08-26T01:23:30.093Z] > git for-each-ref --format=%(refname)%00%(upstream:short)%00%(objectname)%00%(upstream:track)%00%(upstream:remotename)%00%(upstream:remoteref) refs/heads/main refs/remotes/main [1ms]
[2022-08-26T01:23:30.108Z] > git for-each-ref --sort -committerdate --format %(refname) %(objectname) %(*objectname) [8ms]
[2022-08-26T01:23:30.109Z] > git remote --verbose [2ms]
[2022-08-26T01:23:30.117Z] > git config --get commit.template [1ms]
[2022-08-26T01:24:12.483Z] > git status -z -uall [16ms]
[2022-08-26T01:24:12.527Z] > git symbolic-ref --short HEAD [5ms]
[2022-08-26T01:24:12.547Z] > git for-each-ref --format=%(refname)%00%(upstream:short)%00%(objectname)%00%(upstream:track)%00%(upstream:remotename)%00%(upstream:remoteref) refs/heads/main refs/remotes/main [6ms]
[2022-08-26T01:24:12.573Z] > git for-each-ref --sort -committerdate --format %(refname) %(objectname) %(*objectname) [13ms]
[2022-08-26T01:24:12.573Z] > git remote --verbose [5ms]
[2022-08-26T01:24:12.591Z] > git config --get commit.template [3ms]
[2022-08-26T01:26:15.255Z] > git status -z -uall [10ms]
[2022-08-26T01:26:15.302Z] > git symbolic-ref --short HEAD [15ms]
[2022-08-26T01:26:15.343Z] > git for-each-ref --format=%(refname)%00%(upstream:short)%00%(objectname)%00%(upstream:track)%00%(upstream:remotename)%00%(upstream:remoteref) refs/heads/main refs/remotes/main [12ms]
[2022-08-26T01:26:15.398Z] > git for-each-ref --sort -committerdate --format %(refname) %(objectname) %(*objectname) [22ms]
[2022-08-26T01:26:15.404Z] > git remote --verbose [10ms]
[2022-08-26T01:26:15.438Z] > git config --get commit.template [6ms]
[2022-08-26T01:26:20.449Z] > git status -z -uall [3ms]
[2022-08-26T01:26:20.455Z] > git symbolic-ref --short HEAD [1ms]
[2022-08-26T01:26:20.461Z] > git for-each-ref --format=%(refname)%00%(upstream:short)%00%(objectname)%00%(upstream:track)%00%(upstream:remotename)%00%(upstream:remoteref) refs/heads/main refs/remotes/main [1ms]
[2022-08-26T01:26:20.472Z] > git for-each-ref --sort -committerdate --format %(refname) %(objectname) %(*objectname) [6ms]
[2022-08-26T01:26:20.472Z] > git remote --verbose [1ms]
[2022-08-26T01:26:20.480Z] > git config --get commit.template [1ms]
[2022-08-26T01:26:38.999Z] > git status -z -uall [2ms]
[2022-08-26T01:26:39.026Z] > git symbolic-ref --short HEAD [10ms]
[2022-08-26T01:26:39.056Z] > git for-each-ref --format=%(refname)%00%(upstream:short)%00%(objectname)%00%(upstream:track)%00%(upstream:remotename)%00%(upstream:remoteref) refs/heads/main refs/remotes/main [7ms]
[2022-08-26T01:26:39.125Z] > git for-each-ref --sort -committerdate --format %(refname) %(objectname) %(*objectname) [34ms]
[2022-08-26T01:26:39.126Z] > git remote --verbose [9ms]
[2022-08-26T01:26:39.161Z] > git config --get commit.template [8ms]
[2022-08-26T01:26:44.181Z] > git status -z -uall [2ms]
[2022-08-26T01:26:44.188Z] > git symbolic-ref --short HEAD [1ms]
[2022-08-26T01:26:44.194Z] > git for-each-ref --format=%(refname)%00%(upstream:short)%00%(objectname)%00%(upstream:track)%00%(upstream:remotename)%00%(upstream:remoteref) refs/heads/main refs/remotes/main [1ms]
[2022-08-26T01:26:44.205Z] > git for-each-ref --sort -committerdate --format %(refname) %(objectname) %(*objectname) [6ms]
[2022-08-26T01:26:44.205Z] > git remote --verbose [1ms]
[2022-08-26T01:26:44.214Z] > git config --get commit.template [3ms]
[2022-08-26T01:27:34.999Z] > git status -z -uall [8ms]
[2022-08-26T01:27:35.047Z] > git symbolic-ref --short HEAD [9ms]
[2022-08-26T01:27:35.081Z] > git for-each-ref --format=%(refname)%00%(upstream:short)%00%(objectname)%00%(upstream:track)%00%(upstream:remotename)%00%(upstream:remoteref) refs/heads/main refs/remotes/main [6ms]
[2022-08-26T01:27:35.112Z] > git remote --verbose [3ms]
[2022-08-26T01:27:35.112Z] > git for-each-ref --sort -committerdate --format %(refname) %(objectname) %(*objectname) [13ms]
[2022-08-26T01:27:35.128Z] > git config --get commit.template [3ms]
[2022-08-26T01:27:40.143Z] > git status -z -uall [2ms]
[2022-08-26T01:27:40.150Z] > git symbolic-ref --short HEAD [1ms]
[2022-08-26T01:27:40.156Z] > git for-each-ref --format=%(refname)%00%(upstream:short)%00%(objectname)%00%(upstream:track)%00%(upstream:remotename)%00%(upstream:remoteref) refs/heads/main refs/remotes/main [1ms]
[2022-08-26T01:27:40.170Z] > git for-each-ref --sort -committerdate --format %(refname) %(objectname) %(*objectname) [8ms]
[2022-08-26T01:27:40.170Z] > git remote --verbose [1ms]
[2022-08-26T01:27:40.178Z] > git config --get commit.template [1ms]
[2022-08-26T01:29:56.559Z] > git status -z -uall [13ms]
[2022-08-26T01:29:56.590Z] > git symbolic-ref --short HEAD [3ms]
[2022-08-26T01:29:56.617Z] > git for-each-ref --format=%(refname)%00%(upstream:short)%00%(objectname)%00%(upstream:track)%00%(upstream:remotename)%00%(upstream:remoteref) refs/heads/main refs/remotes/main [4ms]
[2022-08-26T01:29:56.641Z] > git for-each-ref --sort -committerdate --format %(refname) %(objectname) %(*objectname) [12ms]
[2022-08-26T01:29:56.641Z] > git remote --verbose [1ms]
[2022-08-26T01:29:56.659Z] > git config --get commit.template [2ms]
[2022-08-26T01:30:02.311Z] > git status -z -uall [9ms]
[2022-08-26T01:30:02.355Z] > git symbolic-ref --short HEAD [3ms]
[2022-08-26T01:30:02.395Z] > git for-each-ref --format=%(refname)%00%(upstream:short)%00%(objectname)%00%(upstream:track)%00%(upstream:remotename)%00%(upstream:remoteref) refs/heads/main refs/remotes/main [9ms]
[2022-08-26T01:30:02.433Z] > git for-each-ref --sort -committerdate --format %(refname) %(objectname) %(*objectname) [16ms]
[2022-08-26T01:30:02.436Z] > git remote --verbose [4ms]
[2022-08-26T01:30:02.452Z] > git config --get commit.template [2ms]
[2022-08-26T01:31:07.576Z] > git status -z -uall [6ms]
[2022-08-26T01:31:07.616Z] > git symbolic-ref --short HEAD [11ms]
[2022-08-26T01:31:07.660Z] > git for-each-ref --format=%(refname)%00%(upstream:short)%00%(objectname)%00%(upstream:track)%00%(upstream:remotename)%00%(upstream:remoteref) refs/heads/main refs/remotes/main [10ms]
[2022-08-26T01:31:07.689Z] > git for-each-ref --sort -committerdate --format %(refname) %(objectname) %(*objectname) [18ms]
[2022-08-26T01:31:07.689Z] > git remote --verbose [2ms]
[2022-08-26T01:31:07.710Z] > git config --get commit.template [1ms]
[2022-08-26T01:31:12.718Z] > git status -z -uall [2ms]
[2022-08-26T01:31:12.724Z] > git symbolic-ref --short HEAD [1ms]
[2022-08-26T01:31:12.729Z] > git for-each-ref --format=%(refname)%00%(upstream:short)%00%(objectname)%00%(upstream:track)%00%(upstream:remotename)%00%(upstream:remoteref) refs/heads/main refs/remotes/main [1ms]
[2022-08-26T01:31:12.739Z] > git for-each-ref --sort -committerdate --format %(refname) %(objectname) %(*objectname) [5ms]
[2022-08-26T01:31:12.739Z] > git remote --verbose [1ms]
[2022-08-26T01:31:12.746Z] > git config --get commit.template [1ms]
[2022-08-26T01:32:23.566Z] > git status -z -uall [11ms]
[2022-08-26T01:32:23.601Z] > git symbolic-ref --short HEAD [4ms]
[2022-08-26T01:32:23.632Z] > git for-each-ref --format=%(refname)%00%(upstream:short)%00%(objectname)%00%(upstream:track)%00%(upstream:remotename)%00%(upstream:remoteref) refs/heads/main refs/remotes/main [4ms]
[2022-08-26T01:32:23.696Z] > git remote --verbose [12ms]
[2022-08-26T01:32:23.698Z] > git for-each-ref --sort -committerdate --format %(refname) %(objectname) %(*objectname) [39ms]
[2022-08-26T01:32:23.757Z] > git config --get commit.template [11ms]
[2022-08-26T01:38:36.660Z] > git status -z -uall [1ms]
[2022-08-26T01:38:36.676Z] > git symbolic-ref --short HEAD [1ms]
[2022-08-26T01:38:36.708Z] > git for-each-ref --format=%(refname)%00%(upstream:short)%00%(objectname)%00%(upstream:track)%00%(upstream:remotename)%00%(upstream:remoteref) refs/heads/main refs/remotes/main [1ms]
[2022-08-26T01:38:36.768Z] > git remote --verbose [4ms]
[2022-08-26T01:38:36.768Z] > git for-each-ref --sort -committerdate --format %(refname) %(objectname) %(*objectname) [24ms]
[2022-08-26T01:38:36.810Z] > git config --get commit.template [5ms]
[2022-08-26T01:44:30.632Z] > git status -z -uall [5ms]
[2022-08-26T01:44:30.661Z] > git symbolic-ref --short HEAD [2ms]
[2022-08-26T01:44:30.686Z] > git for-each-ref --format=%(refname)%00%(upstream:short)%00%(objectname)%00%(upstream:track)%00%(upstream:remotename)%00%(upstream:remoteref) refs/heads/main refs/remotes/main [10ms]
[2022-08-26T01:44:30.732Z] > git for-each-ref --sort -committerdate --format %(refname) %(objectname) %(*objectname) [32ms]
[2022-08-26T01:44:30.732Z] > git remote --verbose [9ms]
[2022-08-26T01:44:30.756Z] > git config --get commit.template [9ms]
[2022-08-26T01:47:05.370Z] > git status -z -uall [4ms]
[2022-08-26T01:47:05.400Z] > git symbolic-ref --short HEAD [4ms]
[2022-08-26T01:47:05.422Z] > git for-each-ref --format=%(refname)%00%(upstream:short)%00%(objectname)%00%(upstream:track)%00%(upstream:remotename)%00%(upstream:remoteref) refs/heads/main refs/remotes/main [2ms]
[2022-08-26T01:47:05.457Z] > git for-each-ref --sort -committerdate --format %(refname) %(objectname) %(*objectname) [19ms]
[2022-08-26T01:47:05.457Z] > git remote --verbose [6ms]
[2022-08-26T01:47:05.489Z] > git config --get commit.template [2ms]
[2022-08-26T01:47:10.501Z] > git status -z -uall [2ms]
[2022-08-26T01:47:10.507Z] > git symbolic-ref --short HEAD [1ms]
[2022-08-26T01:47:10.514Z] > git for-each-ref --format=%(refname)%00%(upstream:short)%00%(objectname)%00%(upstream:track)%00%(upstream:remotename)%00%(upstream:remoteref) refs/heads/main refs/remotes/main [1ms]
[2022-08-26T01:47:10.525Z] > git for-each-ref --sort -committerdate --format %(refname) %(objectname) %(*objectname) [6ms]
[2022-08-26T01:47:10.525Z] > git remote --verbose [1ms]
[2022-08-26T01:47:10.532Z] > git config --get commit.template [1ms]
[2022-08-26T01:47:17.257Z] > git status -z -uall [3ms]
[2022-08-26T01:47:17.303Z] > git symbolic-ref --short HEAD [10ms]
[2022-08-26T01:47:17.334Z] > git for-each-ref --format=%(refname)%00%(upstream:short)%00%(objectname)%00%(upstream:track)%00%(upstream:remotename)%00%(upstream:remoteref) refs/heads/main refs/remotes/main [2ms]
[2022-08-26T01:47:17.391Z] > git for-each-ref --sort -committerdate --format %(refname) %(objectname) %(*objectname) [38ms]
[2022-08-26T01:47:17.395Z] > git remote --verbose [8ms]
[2022-08-26T01:47:17.439Z] > git config --get commit.template [6ms]
[2022-08-26T01:47:23.382Z] > git status -z -uall [6ms]
[2022-08-26T01:47:23.455Z] > git symbolic-ref --short HEAD [41ms]
[2022-08-26T01:47:23.550Z] > git for-each-ref --format=%(refname)%00%(upstream:short)%00%(objectname)%00%(upstream:track)%00%(upstream:remotename)%00%(upstream:remoteref) refs/heads/main refs/remotes/main [23ms]
[2022-08-26T01:47:23.630Z] > git remote --verbose [4ms]
[2022-08-26T01:47:23.631Z] > git for-each-ref --sort -committerdate --format %(refname) %(objectname) %(*objectname) [44ms]
[2022-08-26T01:47:23.651Z] > git config --get commit.template [4ms]
[2022-08-26T01:51:14.703Z] > git status -z -uall [6ms]
[2022-08-26T01:51:14.749Z] > git symbolic-ref --short HEAD [8ms]
[2022-08-26T01:51:14.807Z] > git for-each-ref --format=%(refname)%00%(upstream:short)%00%(objectname)%00%(upstream:track)%00%(upstream:remotename)%00%(upstream:remoteref) refs/heads/main refs/remotes/main [12ms]
[2022-08-26T01:51:14.867Z] > git for-each-ref --sort -committerdate --format %(refname) %(objectname) %(*objectname) [36ms]
[2022-08-26T01:51:14.869Z] > git remote --verbose [6ms]
[2022-08-26T01:51:14.916Z] > git config --get commit.template [11ms]
[2022-08-26T01:51:19.928Z] > git status -z -uall [2ms]
[2022-08-26T01:51:19.936Z] > git symbolic-ref --short HEAD [1ms]
[2022-08-26T01:51:19.942Z] > git for-each-ref --format=%(refname)%00%(upstream:short)%00%(objectname)%00%(upstream:track)%00%(upstream:remotename)%00%(upstream:remoteref) refs/heads/main refs/remotes/main [1ms]
[2022-08-26T01:51:19.954Z] > git for-each-ref --sort -committerdate --format %(refname) %(objectname) %(*objectname) [6ms]
[2022-08-26T01:51:19.954Z] > git remote --verbose [1ms]
[2022-08-26T01:51:19.962Z] > git config --get commit.template [1ms]
[2022-08-26T01:52:13.333Z] > git status -z -uall [10ms]
[2022-08-26T01:52:13.367Z] > git symbolic-ref --short HEAD [5ms]
[2022-08-26T01:52:13.403Z] > git for-each-ref --format=%(refname)%00%(upstream:short)%00%(objectname)%00%(upstream:track)%00%(upstream:remotename)%00%(upstream:remoteref) refs/heads/main refs/remotes/main [3ms]
[2022-08-26T01:52:13.425Z] > git for-each-ref --sort -committerdate --format %(refname) %(objectname) %(*objectname) [10ms]
[2022-08-26T01:52:13.425Z] > git remote --verbose [1ms]
[2022-08-26T01:52:13.443Z] > git config --get commit.template [7ms]
[2022-08-26T01:53:24.314Z] > git status -z -uall [4ms]
[2022-08-26T01:53:24.341Z] > git symbolic-ref --short HEAD [1ms]
[2022-08-26T01:53:24.366Z] > git for-each-ref --format=%(refname)%00%(upstream:short)%00%(objectname)%00%(upstream:track)%00%(upstream:remotename)%00%(upstream:remoteref) refs/heads/main refs/remotes/main [3ms]
[2022-08-26T01:53:24.396Z] > git for-each-ref --sort -committerdate --format %(refname) %(objectname) %(*objectname) [20ms]
[2022-08-26T01:53:24.397Z] > git remote --verbose [6ms]
[2022-08-26T01:53:24.415Z] > git config --get commit.template [1ms]
[2022-08-26T01:54:06.124Z] > git status -z -uall [3ms]
[2022-08-26T01:54:06.144Z] > git symbolic-ref --short HEAD [3ms]
[2022-08-26T01:54:06.169Z] > git for-each-ref --format=%(refname)%00%(upstream:short)%00%(objectname)%00%(upstream:track)%00%(upstream:remotename)%00%(upstream:remoteref) refs/heads/main refs/remotes/main [9ms]
[2022-08-26T01:54:06.252Z] > git for-each-ref --sort -committerdate --format %(refname) %(objectname) %(*objectname) [48ms]
[2022-08-26T01:54:06.253Z] > git remote --verbose [3ms]
[2022-08-26T01:54:06.294Z] > git config --get commit.template [4ms]
