[2022-08-19T20:46:43.458Z] Log level: Info
[2022-08-19T20:46:43.459Z] [info] Validating found git in: git
[2022-08-19T20:46:43.471Z] [info] Using git 2.37.2 from git
[2022-08-19T20:46:43.482Z] > git rev-parse --show-toplevel [2ms]
[2022-08-19T20:46:43.496Z] > git rev-parse --git-dir --git-common-dir [4ms]
[2022-08-19T20:46:43.498Z] [info] Open repository: /home/martin/projects/visual-fretboard
[2022-08-19T20:46:43.611Z] > git status -z -uall [107ms]
[2022-08-19T20:46:43.627Z] > git symbolic-ref --short HEAD [10ms]
[2022-08-19T20:46:43.638Z] > git for-each-ref --format=%(refname)%00%(upstream:short)%00%(objectname)%00%(upstream:track)%00%(upstream:remotename)%00%(upstream:remoteref) refs/heads/main refs/remotes/main [4ms]
[2022-08-19T20:46:43.674Z] > git remote --verbose [15ms]
[2022-08-19T20:46:43.674Z] > git for-each-ref --sort -committerdate --format %(refname) %(objectname) %(*objectname) [26ms]
[2022-08-19T20:46:43.685Z] > git config --get commit.template [2ms]
[2022-08-19T20:46:43.697Z] > git status -z -uall [3ms]
[2022-08-19T20:46:44.408Z] > git check-ignore -v -z --stdin [66ms]
[2022-08-19T20:46:44.408Z] > git symbolic-ref --short HEAD [705ms]
[2022-08-19T20:46:44.414Z] > git for-each-ref --format=%(refname)%00%(upstream:short)%00%(objectname)%00%(upstream:track)%00%(upstream:remotename)%00%(upstream:remoteref) refs/heads/main refs/remotes/main [1ms]
[2022-08-19T20:46:44.427Z] > git for-each-ref --sort -committerdate --format %(refname) %(objectname) %(*objectname) [8ms]
[2022-08-19T20:46:44.427Z] > git remote --verbose [3ms]
[2022-08-19T20:46:44.437Z] > git config --get commit.template [2ms]
[2022-08-19T20:46:50.304Z] > git check-ignore -v -z --stdin [4ms]
[2022-08-19T20:46:51.767Z] > git check-ignore -v -z --stdin [1ms]
[2022-08-19T20:46:52.901Z] > git check-ignore -v -z --stdin [1ms]
[2022-08-19T20:46:53.633Z] > git check-ignore -v -z --stdin [2ms]
[2022-08-19T20:46:55.342Z] > git status -z -uall [1ms]
[2022-08-19T20:46:55.347Z] > git symbolic-ref --short HEAD [1ms]
[2022-08-19T20:46:55.352Z] > git for-each-ref --format=%(refname)%00%(upstream:short)%00%(objectname)%00%(upstream:track)%00%(upstream:remotename)%00%(upstream:remoteref) refs/heads/main refs/remotes/main [1ms]
[2022-08-19T20:46:55.359Z] > git for-each-ref --sort -committerdate --format %(refname) %(objectname) %(*objectname) [4ms]
[2022-08-19T20:46:55.360Z] > git remote --verbose [2ms]
[2022-08-19T20:46:55.368Z] > git config --get commit.template [1ms]
[2022-08-19T20:46:56.738Z] > git show --textconv :pages/index.js [89ms]
[2022-08-19T20:46:56.738Z] > git ls-files --stage -- /home/martin/projects/visual-fretboard/pages/index.js [78ms]
[2022-08-19T20:46:56.750Z] > git cat-file -s dc4b64035213fbc364af5421d19f9fb2f8249f7c [4ms]
[2022-08-19T20:47:56.468Z] > git status -z -uall [2ms]
[2022-08-19T20:47:56.474Z] > git symbolic-ref --short HEAD [1ms]
[2022-08-19T20:47:56.479Z] > git for-each-ref --format=%(refname)%00%(upstream:short)%00%(objectname)%00%(upstream:track)%00%(upstream:remotename)%00%(upstream:remoteref) refs/heads/main refs/remotes/main [1ms]
[2022-08-19T20:47:56.490Z] > git for-each-ref --sort -committerdate --format %(refname) %(objectname) %(*objectname) [7ms]
[2022-08-19T20:47:56.491Z] > git remote --verbose [2ms]
[2022-08-19T20:47:56.498Z] > git config --get commit.template [1ms]
[2022-08-19T20:48:10.591Z] > git status -z -uall [2ms]
[2022-08-19T20:48:10.597Z] > git symbolic-ref --short HEAD [2ms]
[2022-08-19T20:48:10.603Z] > git for-each-ref --format=%(refname)%00%(upstream:short)%00%(objectname)%00%(upstream:track)%00%(upstream:remotename)%00%(upstream:remoteref) refs/heads/main refs/remotes/main [1ms]
[2022-08-19T20:48:10.614Z] > git for-each-ref --sort -committerdate --format %(refname) %(objectname) %(*objectname) [6ms]
[2022-08-19T20:48:10.614Z] > git remote --verbose [1ms]
[2022-08-19T20:48:10.623Z] > git config --get commit.template [1ms]
[2022-08-19T20:48:27.921Z] > git check-ignore -v -z --stdin [1ms]
[2022-08-19T20:48:28.441Z] > git status -z -uall [2ms]
[2022-08-19T20:48:28.447Z] > git symbolic-ref --short HEAD [1ms]
[2022-08-19T20:48:28.454Z] > git for-each-ref --format=%(refname)%00%(upstream:short)%00%(objectname)%00%(upstream:track)%00%(upstream:remotename)%00%(upstream:remoteref) refs/heads/main refs/remotes/main [1ms]
[2022-08-19T20:48:28.464Z] > git for-each-ref --sort -committerdate --format %(refname) %(objectname) %(*objectname) [6ms]
[2022-08-19T20:48:28.464Z] > git remote --verbose [1ms]
[2022-08-19T20:48:28.471Z] > git config --get commit.template [1ms]
[2022-08-19T20:48:35.904Z] > git show --textconv :components/Metronome.js [7ms]
[2022-08-19T20:48:35.909Z] > git ls-files --stage -- /home/martin/projects/visual-fretboard/components/Metronome.js [6ms]
[2022-08-19T20:48:36.185Z] > git check-ignore -v -z --stdin [1ms]
[2022-08-19T20:48:36.537Z] > git status -z -uall [2ms]
[2022-08-19T20:48:36.549Z] > git symbolic-ref --short HEAD [1ms]
[2022-08-19T20:48:36.554Z] > git for-each-ref --format=%(refname)%00%(upstream:short)%00%(objectname)%00%(upstream:track)%00%(upstream:remotename)%00%(upstream:remoteref) refs/heads/main refs/remotes/main [1ms]
[2022-08-19T20:48:36.572Z] > git for-each-ref --sort -committerdate --format %(refname) %(objectname) %(*objectname) [5ms]
[2022-08-19T20:48:36.572Z] > git remote --verbose [1ms]
[2022-08-19T20:48:36.586Z] > git config --get commit.template [1ms]
[2022-08-19T20:48:44.135Z] > git show --textconv :components/Fretboard.js [12ms]
[2022-08-19T20:48:44.136Z] > git ls-files --stage -- /home/martin/projects/visual-fretboard/components/Fretboard.js [4ms]
[2022-08-19T20:48:44.385Z] > git check-ignore -v -z --stdin [3ms]
[2022-08-19T20:48:44.858Z] > git status -z -uall [1ms]
[2022-08-19T20:48:44.863Z] > git symbolic-ref --short HEAD [1ms]
[2022-08-19T20:48:44.869Z] > git for-each-ref --format=%(refname)%00%(upstream:short)%00%(objectname)%00%(upstream:track)%00%(upstream:remotename)%00%(upstream:remoteref) refs/heads/main refs/remotes/main [2ms]
[2022-08-19T20:48:44.878Z] > git for-each-ref --sort -committerdate --format %(refname) %(objectname) %(*objectname) [5ms]
[2022-08-19T20:48:44.878Z] > git remote --verbose [1ms]
[2022-08-19T20:48:44.889Z] > git config --get commit.template [4ms]
[2022-08-19T20:48:49.020Z] > git show --textconv :pages/index.js [13ms]
[2022-08-19T20:48:49.022Z] > git ls-files --stage -- /home/martin/projects/visual-fretboard/pages/index.js [7ms]
[2022-08-19T20:48:49.030Z] > git cat-file -s dc4b64035213fbc364af5421d19f9fb2f8249f7c [1ms]
[2022-08-19T20:48:50.463Z] > git show --textconv :components/Fretboard.js [10ms]
[2022-08-19T20:48:50.466Z] > git ls-files --stage -- /home/martin/projects/visual-fretboard/components/Fretboard.js [3ms]
[2022-08-19T20:51:57.190Z] > git show --textconv :pages/index.js [11ms]
[2022-08-19T20:51:57.192Z] > git ls-files --stage -- /home/martin/projects/visual-fretboard/pages/index.js [2ms]
[2022-08-19T20:51:57.204Z] > git cat-file -s dc4b64035213fbc364af5421d19f9fb2f8249f7c [2ms]
[2022-08-19T20:52:51.126Z] > git show --textconv :pages/index.js [5ms]
[2022-08-19T20:52:51.127Z] > git ls-files --stage -- /home/martin/projects/visual-fretboard/pages/index.js [1ms]
[2022-08-19T20:52:51.137Z] > git cat-file -s dc4b64035213fbc364af5421d19f9fb2f8249f7c [5ms]
[2022-08-19T20:57:40.316Z] > git show --textconv :components/Fretboard.js [12ms]
[2022-08-19T20:57:40.318Z] > git ls-files --stage -- /home/martin/projects/visual-fretboard/components/Fretboard.js [5ms]
[2022-08-19T20:57:46.957Z] > git show --textconv :components/Fretboard.js [10ms]
[2022-08-19T20:57:46.961Z] > git ls-files --stage -- /home/martin/projects/visual-fretboard/components/Fretboard.js [6ms]
[2022-08-19T20:58:05.106Z] > git show --textconv :components/Fretboard.js [10ms]
[2022-08-19T20:58:05.107Z] > git ls-files --stage -- /home/martin/projects/visual-fretboard/components/Fretboard.js [2ms]
[2022-08-19T20:58:21.379Z] > git show --textconv :components/Fretboard.js [7ms]
[2022-08-19T20:58:21.379Z] > git ls-files --stage -- /home/martin/projects/visual-fretboard/components/Fretboard.js [2ms]
[2022-08-19T20:59:38.572Z] > git show --textconv :components/Fretboard.js [10ms]
[2022-08-19T20:59:38.573Z] > git ls-files --stage -- /home/martin/projects/visual-fretboard/components/Fretboard.js [2ms]
[2022-08-19T21:00:03.651Z] > git show --textconv :components/Fretboard.js [9ms]
[2022-08-19T21:00:03.654Z] > git ls-files --stage -- /home/martin/projects/visual-fretboard/components/Fretboard.js [4ms]
[2022-08-19T21:00:16.887Z] > git status -z -uall [9ms]
[2022-08-19T21:00:16.904Z] > git symbolic-ref --short HEAD [4ms]
[2022-08-19T21:00:16.912Z] > git for-each-ref --format=%(refname)%00%(upstream:short)%00%(objectname)%00%(upstream:track)%00%(upstream:remotename)%00%(upstream:remoteref) refs/heads/main refs/remotes/main [1ms]
[2022-08-19T21:00:16.929Z] > git remote --verbose [2ms]
[2022-08-19T21:00:16.929Z] > git for-each-ref --sort -committerdate --format %(refname) %(objectname) %(*objectname) [8ms]
[2022-08-19T21:00:16.957Z] > git config --get commit.template [6ms]
[2022-08-19T21:00:19.186Z] > git show --textconv :components/Fretboard.js [8ms]
[2022-08-19T21:00:19.187Z] > git ls-files --stage -- /home/martin/projects/visual-fretboard/components/Fretboard.js [2ms]
[2022-08-19T21:02:06.593Z] > git status -z -uall [2ms]
[2022-08-19T21:02:06.600Z] > git symbolic-ref --short HEAD [1ms]
[2022-08-19T21:02:06.606Z] > git for-each-ref --format=%(refname)%00%(upstream:short)%00%(objectname)%00%(upstream:track)%00%(upstream:remotename)%00%(upstream:remoteref) refs/heads/main refs/remotes/main [1ms]
[2022-08-19T21:02:06.618Z] > git for-each-ref --sort -committerdate --format %(refname) %(objectname) %(*objectname) [7ms]
[2022-08-19T21:02:06.619Z] > git remote --verbose [2ms]
[2022-08-19T21:02:06.626Z] > git config --get commit.template [1ms]
[2022-08-19T21:02:15.277Z] > git status -z -uall [3ms]
[2022-08-19T21:02:15.287Z] > git symbolic-ref --short HEAD [1ms]
[2022-08-19T21:02:15.293Z] > git for-each-ref --format=%(refname)%00%(upstream:short)%00%(objectname)%00%(upstream:track)%00%(upstream:remotename)%00%(upstream:remoteref) refs/heads/main refs/remotes/main [2ms]
[2022-08-19T21:02:15.303Z] > git for-each-ref --sort -committerdate --format %(refname) %(objectname) %(*objectname) [5ms]
[2022-08-19T21:02:15.303Z] > git remote --verbose [1ms]
[2022-08-19T21:02:15.313Z] > git config --get commit.template [2ms]
[2022-08-19T21:03:31.884Z] > git show --textconv :components/Fretboard.js [14ms]
[2022-08-19T21:03:31.886Z] > git ls-files --stage -- /home/martin/projects/visual-fretboard/components/Fretboard.js [3ms]
[2022-08-19T21:04:44.890Z] > git show --textconv :components/Fretboard.js [8ms]
[2022-08-19T21:04:44.891Z] > git ls-files --stage -- /home/martin/projects/visual-fretboard/components/Fretboard.js [1ms]
[2022-08-19T21:05:09.527Z] > git show --textconv :components/Fretboard.js [10ms]
[2022-08-19T21:05:09.529Z] > git ls-files --stage -- /home/martin/projects/visual-fretboard/components/Fretboard.js [3ms]
[2022-08-19T21:05:28.843Z] > git show --textconv :components/Fretboard.js [16ms]
[2022-08-19T21:05:28.851Z] > git ls-files --stage -- /home/martin/projects/visual-fretboard/components/Fretboard.js [10ms]
[2022-08-19T21:06:07.461Z] > git show --textconv :components/Fretboard.js [12ms]
[2022-08-19T21:06:07.463Z] > git ls-files --stage -- /home/martin/projects/visual-fretboard/components/Fretboard.js [4ms]
