2023-01-11 03:57:54.105 [info] Validating found git in: git
2023-01-11 03:57:54.105 [info] Using git 2.39.0 from git
2023-01-11 03:57:54.105 [info] > git rev-parse --show-toplevel [21ms]
2023-01-11 03:57:54.105 [info] > git rev-parse --git-dir --git-common-dir [12ms]
2023-01-11 03:57:54.105 [info] Log level: Info
2023-01-11 03:57:54.105 [info] Open repository: /home/martin/projects/portfolio
2023-01-11 03:57:54.205 [info] > git status -z -uall [158ms]
2023-01-11 03:57:54.206 [info] > git remote --verbose [170ms]
2023-01-11 03:57:54.206 [info] > git for-each-ref --sort -committerdate --format %(refname) %(objectname) %(*objectname) [180ms]
2023-01-11 03:57:54.255 [info] > git config --get commit.template [163ms]
2023-01-11 03:57:54.255 [info] > git rev-parse --show-toplevel [198ms]
2023-01-11 03:57:54.327 [info] > git rev-parse --show-toplevel [65ms]
2023-01-11 03:57:54.340 [info] > git for-each-ref --format=%(refname)%00%(upstream:short)%00%(objectname)%00%(upstream:track)%00%(upstream:remotename)%00%(upstream:remoteref) refs/heads/main refs/remotes/main [25ms]
2023-01-11 03:57:54.394 [info] > git status -z -uall [18ms]
2023-01-11 03:57:54.395 [info] > git remote --verbose [29ms]
2023-01-11 03:57:54.395 [info] > git for-each-ref --sort -committerdate --format %(refname) %(objectname) %(*objectname) [38ms]
2023-01-11 03:57:54.395 [info] > git rev-parse --show-toplevel [58ms]
2023-01-11 03:57:54.405 [info] > git config --get commit.template [18ms]
2023-01-11 03:57:54.406 [info] > git rev-parse --show-toplevel [3ms]
2023-01-11 03:57:54.421 [info] > git rev-parse --show-toplevel [10ms]
2023-01-11 03:57:54.429 [info] > git rev-parse --show-toplevel [2ms]
2023-01-11 03:57:54.439 [info] > git for-each-ref --format=%(refname)%00%(upstream:short)%00%(objectname)%00%(upstream:track)%00%(upstream:remotename)%00%(upstream:remoteref) refs/heads/main refs/remotes/main [20ms]
2023-01-11 03:57:54.443 [info] > git rev-parse --show-toplevel [5ms]
2023-01-11 03:57:54.456 [info] > git rev-parse --show-toplevel [2ms]
2023-01-11 03:57:54.611 [info] > git check-ignore -v -z --stdin [1ms]
2023-01-11 03:57:54.961 [info] > git show --textconv :public/data.json [33ms]
2023-01-11 03:57:54.962 [info] > git ls-files --stage -- /home/martin/projects/portfolio/public/data.json [3ms]
2023-01-11 03:58:16.256 [info] > git status -z -uall [8ms]
2023-01-11 03:58:16.256 [info] > git remote --verbose [15ms]
2023-01-11 03:58:16.257 [info] > git for-each-ref --sort -committerdate --format %(refname) %(objectname) %(*objectname) [22ms]
2023-01-11 03:58:16.258 [info] > git config --get commit.template [2ms]
2023-01-11 03:58:16.264 [info] > git for-each-ref --format=%(refname)%00%(upstream:short)%00%(objectname)%00%(upstream:track)%00%(upstream:remotename)%00%(upstream:remoteref) refs/heads/main refs/remotes/main [1ms]
2023-01-11 03:58:18.296 [info] > git show --textconv :pages/index.tsx [54ms]
2023-01-11 03:58:18.297 [info] > git ls-files --stage -- /home/martin/projects/portfolio/pages/index.tsx [38ms]
2023-01-11 03:58:18.313 [info] > git cat-file -s 86b5b3b5bf3fdf000b61c5fc743c92b379bd496b [3ms]
