[2022-08-23T03:47:26.142Z] Log level: Info
[2022-08-23T03:47:26.146Z] [info] Validating found git in: git
[2022-08-23T03:47:26.175Z] [info] Using git 2.37.2 from git
[2022-08-23T03:47:26.307Z] > git rev-parse --show-toplevel [117ms]
[2022-08-23T03:47:26.425Z] > git rev-parse --git-dir --git-common-dir [101ms]
[2022-08-23T03:47:26.427Z] [info] Open repository: /home/martin/projects/visual-fretboard
[2022-08-23T03:47:26.441Z] > git status -z -uall [8ms]
[2022-08-23T03:47:26.451Z] > git symbolic-ref --short HEAD [3ms]
[2022-08-23T03:47:26.474Z] > git for-each-ref --format=%(refname)%00%(upstream:short)%00%(objectname)%00%(upstream:track)%00%(upstream:remotename)%00%(upstream:remoteref) refs/heads/main refs/remotes/main [14ms]
[2022-08-23T03:47:26.495Z] > git remote --verbose [8ms]
[2022-08-23T03:47:26.498Z] > git for-each-ref --sort -committerdate --format %(refname) %(objectname) %(*objectname) [16ms]
[2022-08-23T03:47:26.521Z] > git config --get commit.template [8ms]
[2022-08-23T03:47:26.543Z] > git status -z -uall [14ms]
[2022-08-23T03:47:26.555Z] > git symbolic-ref --short HEAD [2ms]
[2022-08-23T03:47:26.568Z] > git for-each-ref --format=%(refname)%00%(upstream:short)%00%(objectname)%00%(upstream:track)%00%(upstream:remotename)%00%(upstream:remoteref) refs/heads/main refs/remotes/main [4ms]
[2022-08-23T03:47:26.593Z] > git remote --verbose [2ms]
[2022-08-23T03:47:26.593Z] > git for-each-ref --sort -committerdate --format %(refname) %(objectname) %(*objectname) [12ms]
[2022-08-23T03:47:26.607Z] > git config --get commit.template [2ms]
[2022-08-23T03:47:27.379Z] > git check-ignore -v -z --stdin [50ms]
[2022-08-23T03:47:27.443Z] > git show --textconv :styles/globals.css [14ms]
[2022-08-23T03:47:27.445Z] > git ls-files --stage -- /home/martin/projects/visual-fretboard/styles/globals.css [4ms]
[2022-08-23T03:47:27.475Z] > git cat-file -s 4f1842163d2220cc7c9df3acbad206328c6648fb [11ms]
[2022-08-23T03:47:41.818Z] > git show --textconv :components/String.js [24ms]
[2022-08-23T03:47:41.838Z] > git ls-files --stage -- /home/martin/projects/visual-fretboard/components/String.js [34ms]
[2022-08-23T03:47:54.574Z] > git status -z -uall [1ms]
[2022-08-23T03:47:54.581Z] > git symbolic-ref --short HEAD [2ms]
[2022-08-23T03:47:54.592Z] > git for-each-ref --format=%(refname)%00%(upstream:short)%00%(objectname)%00%(upstream:track)%00%(upstream:remotename)%00%(upstream:remoteref) refs/heads/main refs/remotes/main [4ms]
[2022-08-23T03:47:54.608Z] > git remote --verbose [2ms]
[2022-08-23T03:47:54.608Z] > git for-each-ref --sort -committerdate --format %(refname) %(objectname) %(*objectname) [11ms]
[2022-08-23T03:47:54.619Z] > git config --get commit.template [1ms]
[2022-08-23T03:47:59.632Z] > git status -z -uall [2ms]
[2022-08-23T03:47:59.638Z] > git symbolic-ref --short HEAD [2ms]
[2022-08-23T03:47:59.644Z] > git for-each-ref --format=%(refname)%00%(upstream:short)%00%(objectname)%00%(upstream:track)%00%(upstream:remotename)%00%(upstream:remoteref) refs/heads/main refs/remotes/main [2ms]
[2022-08-23T03:47:59.653Z] > git for-each-ref --sort -committerdate --format %(refname) %(objectname) %(*objectname) [5ms]
[2022-08-23T03:47:59.653Z] > git remote --verbose [2ms]
[2022-08-23T03:47:59.660Z] > git config --get commit.template [1ms]
[2022-08-23T03:48:32.456Z] > git show --textconv :styles/globals.css [7ms]
[2022-08-23T03:48:32.458Z] > git ls-files --stage -- /home/martin/projects/visual-fretboard/styles/globals.css [4ms]
[2022-08-23T03:48:32.468Z] > git cat-file -s 4f1842163d2220cc7c9df3acbad206328c6648fb [3ms]
[2022-08-23T03:49:06.395Z] > git status -z -uall [7ms]
[2022-08-23T03:49:06.414Z] > git symbolic-ref --short HEAD [8ms]
[2022-08-23T03:49:06.438Z] > git for-each-ref --format=%(refname)%00%(upstream:short)%00%(objectname)%00%(upstream:track)%00%(upstream:remotename)%00%(upstream:remoteref) refs/heads/main refs/remotes/main [4ms]
[2022-08-23T03:49:06.475Z] > git for-each-ref --sort -committerdate --format %(refname) %(objectname) %(*objectname) [24ms]
[2022-08-23T03:49:06.477Z] > git remote --verbose [7ms]
[2022-08-23T03:49:06.507Z] > git config --get commit.template [8ms]
[2022-08-23T03:49:11.524Z] > git status -z -uall [2ms]
[2022-08-23T03:49:11.533Z] > git symbolic-ref --short HEAD [2ms]
[2022-08-23T03:49:11.543Z] > git for-each-ref --format=%(refname)%00%(upstream:short)%00%(objectname)%00%(upstream:track)%00%(upstream:remotename)%00%(upstream:remoteref) refs/heads/main refs/remotes/main [3ms]
[2022-08-23T03:49:11.565Z] > git for-each-ref --sort -committerdate --format %(refname) %(objectname) %(*objectname) [13ms]
[2022-08-23T03:49:11.567Z] > git remote --verbose [9ms]
[2022-08-23T03:49:11.581Z] > git config --get commit.template [7ms]
[2022-08-23T03:49:18.395Z] > git status -z -uall [6ms]
[2022-08-23T03:49:18.429Z] > git symbolic-ref --short HEAD [10ms]
[2022-08-23T03:49:18.464Z] > git for-each-ref --format=%(refname)%00%(upstream:short)%00%(objectname)%00%(upstream:track)%00%(upstream:remotename)%00%(upstream:remoteref) refs/heads/main refs/remotes/main [11ms]
[2022-08-23T03:49:18.524Z] > git for-each-ref --sort -committerdate --format %(refname) %(objectname) %(*objectname) [40ms]
[2022-08-23T03:49:18.533Z] > git remote --verbose [15ms]
[2022-08-23T03:49:18.572Z] > git config --get commit.template [9ms]
[2022-08-23T03:51:38.503Z] > git status -z -uall [12ms]
[2022-08-23T03:51:38.557Z] > git symbolic-ref --short HEAD [18ms]
[2022-08-23T03:51:38.587Z] > git for-each-ref --format=%(refname)%00%(upstream:short)%00%(objectname)%00%(upstream:track)%00%(upstream:remotename)%00%(upstream:remoteref) refs/heads/main refs/remotes/main [7ms]
[2022-08-23T03:51:38.649Z] > git for-each-ref --sort -committerdate --format %(refname) %(objectname) %(*objectname) [32ms]
[2022-08-23T03:51:38.651Z] > git remote --verbose [10ms]
[2022-08-23T03:51:38.680Z] > git config --get commit.template [2ms]
[2022-08-23T03:51:49.020Z] > git ls-files --stage -- /home/martin/projects/visual-fretboard/pages/index.js [0ms]
[2022-08-23T03:51:49.049Z] > git show --textconv :pages/index.js [56ms]
[2022-08-23T03:51:49.054Z] > git cat-file -s dc4b64035213fbc364af5421d19f9fb2f8249f7c [6ms]
[2022-08-23T03:51:53.983Z] > git show --textconv :components/Fretboard.js [10ms]
[2022-08-23T03:51:54.053Z] > git ls-files --stage -- /home/martin/projects/visual-fretboard/components/Fretboard.js [71ms]
[2022-08-23T03:57:21.515Z] > git status -z -uall [13ms]
[2022-08-23T03:57:21.520Z] > git symbolic-ref --short HEAD [1ms]
[2022-08-23T03:57:21.526Z] > git for-each-ref --format=%(refname)%00%(upstream:short)%00%(objectname)%00%(upstream:track)%00%(upstream:remotename)%00%(upstream:remoteref) refs/heads/main refs/remotes/main [1ms]
[2022-08-23T03:57:21.535Z] > git for-each-ref --sort -committerdate --format %(refname) %(objectname) %(*objectname) [5ms]
[2022-08-23T03:57:21.535Z] > git remote --verbose [1ms]
[2022-08-23T03:57:21.542Z] > git config --get commit.template [1ms]
[2022-08-23T03:58:21.576Z] > git status -z -uall [15ms]
[2022-08-23T03:58:21.582Z] > git symbolic-ref --short HEAD [1ms]
[2022-08-23T03:58:21.588Z] > git for-each-ref --format=%(refname)%00%(upstream:short)%00%(objectname)%00%(upstream:track)%00%(upstream:remotename)%00%(upstream:remoteref) refs/heads/main refs/remotes/main [2ms]
[2022-08-23T03:58:21.596Z] > git remote --verbose [1ms]
[2022-08-23T03:58:21.596Z] > git for-each-ref --sort -committerdate --format %(refname) %(objectname) %(*objectname) [4ms]
[2022-08-23T03:58:21.603Z] > git config --get commit.template [1ms]
[2022-08-23T03:58:39.253Z] > git show --textconv :components/Fretboard.js [9ms]
[2022-08-23T03:58:39.254Z] > git ls-files --stage -- /home/martin/projects/visual-fretboard/components/Fretboard.js [2ms]
[2022-08-23T03:59:12.132Z] > git status -z -uall [8ms]
[2022-08-23T03:59:12.152Z] > git symbolic-ref --short HEAD [5ms]
[2022-08-23T03:59:12.181Z] > git for-each-ref --format=%(refname)%00%(upstream:short)%00%(objectname)%00%(upstream:track)%00%(upstream:remotename)%00%(upstream:remoteref) refs/heads/main refs/remotes/main [3ms]
[2022-08-23T03:59:12.236Z] > git for-each-ref --sort -committerdate --format %(refname) %(objectname) %(*objectname) [37ms]
[2022-08-23T03:59:12.240Z] > git remote --verbose [11ms]
[2022-08-23T03:59:12.278Z] > git config --get commit.template [9ms]
[2022-08-23T03:59:52.902Z] > git status -z -uall [2ms]
[2022-08-23T03:59:52.908Z] > git symbolic-ref --short HEAD [2ms]
[2022-08-23T03:59:52.913Z] > git for-each-ref --format=%(refname)%00%(upstream:short)%00%(objectname)%00%(upstream:track)%00%(upstream:remotename)%00%(upstream:remoteref) refs/heads/main refs/remotes/main [1ms]
[2022-08-23T03:59:52.923Z] > git for-each-ref --sort -committerdate --format %(refname) %(objectname) %(*objectname) [5ms]
[2022-08-23T03:59:52.924Z] > git remote --verbose [1ms]
[2022-08-23T03:59:52.930Z] > git config --get commit.template [1ms]
[2022-08-23T04:01:08.036Z] > git show --textconv :components/Fretboard.js [10ms]
[2022-08-23T04:01:08.038Z] > git ls-files --stage -- /home/martin/projects/visual-fretboard/components/Fretboard.js [5ms]
[2022-08-23T04:01:19.228Z] > git status -z -uall [19ms]
[2022-08-23T04:01:19.235Z] > git symbolic-ref --short HEAD [2ms]
[2022-08-23T04:01:19.241Z] > git for-each-ref --format=%(refname)%00%(upstream:short)%00%(objectname)%00%(upstream:track)%00%(upstream:remotename)%00%(upstream:remoteref) refs/heads/main refs/remotes/main [2ms]
[2022-08-23T04:01:19.251Z] > git for-each-ref --sort -committerdate --format %(refname) %(objectname) %(*objectname) [6ms]
[2022-08-23T04:01:19.252Z] > git remote --verbose [2ms]
[2022-08-23T04:01:19.259Z] > git config --get commit.template [1ms]
[2022-08-23T04:01:29.389Z] > git status -z -uall [3ms]
[2022-08-23T04:01:29.396Z] > git symbolic-ref --short HEAD [2ms]
[2022-08-23T04:01:29.407Z] > git for-each-ref --format=%(refname)%00%(upstream:short)%00%(objectname)%00%(upstream:track)%00%(upstream:remotename)%00%(upstream:remoteref) refs/heads/main refs/remotes/main [2ms]
[2022-08-23T04:01:29.418Z] > git for-each-ref --sort -committerdate --format %(refname) %(objectname) %(*objectname) [7ms]
[2022-08-23T04:01:29.418Z] > git remote --verbose [1ms]
[2022-08-23T04:01:29.440Z] > git config --get commit.template [3ms]
[2022-08-23T04:01:31.125Z] > git show --textconv :components/Fretboard.js [9ms]
[2022-08-23T04:01:31.126Z] > git ls-files --stage -- /home/martin/projects/visual-fretboard/components/Fretboard.js [2ms]
[2022-08-23T04:01:56.781Z] > git ls-files --stage -- /home/martin/projects/visual-fretboard/styles/Home.module.css [1ms]
[2022-08-23T04:01:57.036Z] > git show --textconv :styles/Home.module.css [263ms]
[2022-08-23T04:01:57.037Z] > git cat-file -s bd50f42ffe6a26e45865c196d59ab7c54da34c35 [247ms]
[2022-08-23T04:01:57.962Z] > git show --textconv :components/Fretboard.js [5ms]
[2022-08-23T04:01:57.964Z] > git ls-files --stage -- /home/martin/projects/visual-fretboard/components/Fretboard.js [3ms]
[2022-08-23T04:01:58.246Z] > git status -z -uall [3ms]
[2022-08-23T04:01:58.254Z] > git symbolic-ref --short HEAD [1ms]
[2022-08-23T04:01:58.260Z] > git for-each-ref --format=%(refname)%00%(upstream:short)%00%(objectname)%00%(upstream:track)%00%(upstream:remotename)%00%(upstream:remoteref) refs/heads/main refs/remotes/main [1ms]
[2022-08-23T04:01:58.275Z] > git for-each-ref --sort -committerdate --format %(refname) %(objectname) %(*objectname) [7ms]
[2022-08-23T04:01:58.275Z] > git remote --verbose [1ms]
[2022-08-23T04:01:58.284Z] > git config --get commit.template [1ms]
[2022-08-23T04:01:58.873Z] > git show --textconv :styles/globals.css [10ms]
[2022-08-23T04:01:58.874Z] > git ls-files --stage -- /home/martin/projects/visual-fretboard/styles/globals.css [1ms]
[2022-08-23T04:01:58.884Z] > git cat-file -s 4f1842163d2220cc7c9df3acbad206328c6648fb [2ms]
[2022-08-23T04:02:05.567Z] > git show --textconv :pages/index.js [6ms]
[2022-08-23T04:02:05.568Z] > git ls-files --stage -- /home/martin/projects/visual-fretboard/pages/index.js [1ms]
[2022-08-23T04:02:05.579Z] > git cat-file -s dc4b64035213fbc364af5421d19f9fb2f8249f7c [3ms]
[2022-08-23T04:02:16.590Z] > git status -z -uall [10ms]
[2022-08-23T04:02:16.617Z] > git symbolic-ref --short HEAD [5ms]
[2022-08-23T04:02:16.644Z] > git for-each-ref --format=%(refname)%00%(upstream:short)%00%(objectname)%00%(upstream:track)%00%(upstream:remotename)%00%(upstream:remoteref) refs/heads/main refs/remotes/main [10ms]
[2022-08-23T04:02:16.690Z] > git remote --verbose [5ms]
[2022-08-23T04:02:16.691Z] > git for-each-ref --sort -committerdate --format %(refname) %(objectname) %(*objectname) [27ms]
[2022-08-23T04:02:16.727Z] > git config --get commit.template [4ms]
[2022-08-23T04:02:32.506Z] > git show --textconv :styles/globals.css [9ms]
[2022-08-23T04:02:32.506Z] > git ls-files --stage -- /home/martin/projects/visual-fretboard/styles/globals.css [1ms]
[2022-08-23T04:02:32.513Z] > git cat-file -s 4f1842163d2220cc7c9df3acbad206328c6648fb [2ms]
[2022-08-23T04:04:55.865Z] > git status -z -uall [2ms]
[2022-08-23T04:04:55.876Z] > git symbolic-ref --short HEAD [2ms]
[2022-08-23T04:04:55.907Z] > git for-each-ref --format=%(refname)%00%(upstream:short)%00%(objectname)%00%(upstream:track)%00%(upstream:remotename)%00%(upstream:remoteref) refs/heads/main refs/remotes/main [5ms]
[2022-08-23T04:04:55.954Z] > git for-each-ref --sort -committerdate --format %(refname) %(objectname) %(*objectname) [21ms]
[2022-08-23T04:04:55.955Z] > git remote --verbose [5ms]
[2022-08-23T04:04:55.980Z] > git config --get commit.template [4ms]
[2022-08-23T04:04:57.439Z] > git show --textconv :pages/index.js [9ms]
[2022-08-23T04:04:57.440Z] > git ls-files --stage -- /home/martin/projects/visual-fretboard/pages/index.js [2ms]
[2022-08-23T04:04:57.447Z] > git cat-file -s dc4b64035213fbc364af5421d19f9fb2f8249f7c [1ms]
[2022-08-23T04:05:00.430Z] > git show --textconv :components/Fretboard.js [11ms]
[2022-08-23T04:05:00.432Z] > git ls-files --stage -- /home/martin/projects/visual-fretboard/components/Fretboard.js [6ms]
[2022-08-23T04:05:00.992Z] > git status -z -uall [1ms]
[2022-08-23T04:05:01.002Z] > git symbolic-ref --short HEAD [2ms]
[2022-08-23T04:05:01.009Z] > git for-each-ref --format=%(refname)%00%(upstream:short)%00%(objectname)%00%(upstream:track)%00%(upstream:remotename)%00%(upstream:remoteref) refs/heads/main refs/remotes/main [1ms]
[2022-08-23T04:05:01.026Z] > git for-each-ref --sort -committerdate --format %(refname) %(objectname) %(*objectname) [6ms]
[2022-08-23T04:05:01.027Z] > git remote --verbose [1ms]
[2022-08-23T04:05:01.039Z] > git config --get commit.template [2ms]
[2022-08-23T04:06:32.454Z] > git status -z -uall [2ms]
[2022-08-23T04:06:32.504Z] > git symbolic-ref --short HEAD [6ms]
[2022-08-23T04:06:32.538Z] > git for-each-ref --format=%(refname)%00%(upstream:short)%00%(objectname)%00%(upstream:track)%00%(upstream:remotename)%00%(upstream:remoteref) refs/heads/main refs/remotes/main [5ms]
[2022-08-23T04:06:32.601Z] > git for-each-ref --sort -committerdate --format %(refname) %(objectname) %(*objectname) [28ms]
[2022-08-23T04:06:32.603Z] > git remote --verbose [11ms]
[2022-08-23T04:06:32.639Z] > git config --get commit.template [6ms]
[2022-08-23T04:06:59.554Z] > git show --textconv :styles/globals.css [6ms]
[2022-08-23T04:06:59.557Z] > git ls-files --stage -- /home/martin/projects/visual-fretboard/styles/globals.css [4ms]
[2022-08-23T04:06:59.567Z] > git cat-file -s 4f1842163d2220cc7c9df3acbad206328c6648fb [1ms]
[2022-08-23T04:07:29.482Z] > git status -z -uall [9ms]
[2022-08-23T04:07:29.514Z] > git symbolic-ref --short HEAD [4ms]
[2022-08-23T04:07:29.547Z] > git for-each-ref --format=%(refname)%00%(upstream:short)%00%(objectname)%00%(upstream:track)%00%(upstream:remotename)%00%(upstream:remoteref) refs/heads/main refs/remotes/main [13ms]
[2022-08-23T04:07:29.602Z] > git for-each-ref --sort -committerdate --format %(refname) %(objectname) %(*objectname) [26ms]
[2022-08-23T04:07:29.603Z] > git remote --verbose [6ms]
[2022-08-23T04:07:29.642Z] > git config --get commit.template [5ms]
[2022-08-23T04:07:34.659Z] > git status -z -uall [2ms]
[2022-08-23T04:07:34.665Z] > git symbolic-ref --short HEAD [1ms]
[2022-08-23T04:07:34.671Z] > git for-each-ref --format=%(refname)%00%(upstream:short)%00%(objectname)%00%(upstream:track)%00%(upstream:remotename)%00%(upstream:remoteref) refs/heads/main refs/remotes/main [1ms]
[2022-08-23T04:07:34.683Z] > git for-each-ref --sort -committerdate --format %(refname) %(objectname) %(*objectname) [6ms]
[2022-08-23T04:07:34.683Z] > git remote --verbose [1ms]
[2022-08-23T04:07:34.691Z] > git config --get commit.template [1ms]
[2022-08-23T04:07:41.741Z] > git status -z -uall [2ms]
[2022-08-23T04:07:41.749Z] > git symbolic-ref --short HEAD [1ms]
[2022-08-23T04:07:41.755Z] > git for-each-ref --format=%(refname)%00%(upstream:short)%00%(objectname)%00%(upstream:track)%00%(upstream:remotename)%00%(upstream:remoteref) refs/heads/main refs/remotes/main [1ms]
[2022-08-23T04:07:41.766Z] > git for-each-ref --sort -committerdate --format %(refname) %(objectname) %(*objectname) [7ms]
[2022-08-23T04:07:41.767Z] > git remote --verbose [1ms]
[2022-08-23T04:07:41.775Z] > git config --get commit.template [1ms]
[2022-08-23T04:07:53.000Z] > git status -z -uall [3ms]
[2022-08-23T04:07:53.013Z] > git symbolic-ref --short HEAD [1ms]
[2022-08-23T04:07:53.033Z] > git for-each-ref --format=%(refname)%00%(upstream:short)%00%(objectname)%00%(upstream:track)%00%(upstream:remotename)%00%(upstream:remoteref) refs/heads/main refs/remotes/main [5ms]
[2022-08-23T04:07:53.100Z] > git for-each-ref --sort -committerdate --format %(refname) %(objectname) %(*objectname) [31ms]
[2022-08-23T04:07:53.102Z] > git remote --verbose [7ms]
[2022-08-23T04:07:53.140Z] > git config --get commit.template [6ms]
[2022-08-23T04:09:48.475Z] > git status -z -uall [10ms]
[2022-08-23T04:09:48.511Z] > git symbolic-ref --short HEAD [7ms]
[2022-08-23T04:09:48.545Z] > git for-each-ref --format=%(refname)%00%(upstream:short)%00%(objectname)%00%(upstream:track)%00%(upstream:remotename)%00%(upstream:remoteref) refs/heads/main refs/remotes/main [3ms]
[2022-08-23T04:09:48.584Z] > git for-each-ref --sort -committerdate --format %(refname) %(objectname) %(*objectname) [22ms]
[2022-08-23T04:09:48.584Z] > git remote --verbose [2ms]
[2022-08-23T04:09:48.598Z] > git config --get commit.template [2ms]
[2022-08-23T04:09:53.613Z] > git status -z -uall [2ms]
[2022-08-23T04:09:53.619Z] > git symbolic-ref --short HEAD [1ms]
[2022-08-23T04:09:53.625Z] > git for-each-ref --format=%(refname)%00%(upstream:short)%00%(objectname)%00%(upstream:track)%00%(upstream:remotename)%00%(upstream:remoteref) refs/heads/main refs/remotes/main [1ms]
[2022-08-23T04:09:53.636Z] > git for-each-ref --sort -committerdate --format %(refname) %(objectname) %(*objectname) [6ms]
[2022-08-23T04:09:53.636Z] > git remote --verbose [1ms]
[2022-08-23T04:09:53.644Z] > git config --get commit.template [1ms]
[2022-08-23T04:10:00.202Z] > git show --textconv :components/Fretboard.js [14ms]
[2022-08-23T04:10:00.203Z] > git ls-files --stage -- /home/martin/projects/visual-fretboard/components/Fretboard.js [6ms]
[2022-08-23T04:10:02.042Z] > git show --textconv :styles/globals.css [9ms]
[2022-08-23T04:10:02.042Z] > git ls-files --stage -- /home/martin/projects/visual-fretboard/styles/globals.css [2ms]
[2022-08-23T04:10:02.049Z] > git cat-file -s 4f1842163d2220cc7c9df3acbad206328c6648fb [1ms]
[2022-08-23T04:10:05.395Z] > git show --textconv :components/Fretboard.js [9ms]
[2022-08-23T04:10:05.397Z] > git ls-files --stage -- /home/martin/projects/visual-fretboard/components/Fretboard.js [3ms]
[2022-08-23T04:10:11.949Z] > git show --textconv :styles/globals.css [27ms]
[2022-08-23T04:10:11.950Z] > git ls-files --stage -- /home/martin/projects/visual-fretboard/styles/globals.css [2ms]
[2022-08-23T04:10:11.984Z] > git cat-file -s 4f1842163d2220cc7c9df3acbad206328c6648fb [2ms]
[2022-08-23T04:10:12.018Z] > git status -z -uall [2ms]
[2022-08-23T04:10:12.034Z] > git symbolic-ref --short HEAD [2ms]
[2022-08-23T04:10:12.054Z] > git for-each-ref --format=%(refname)%00%(upstream:short)%00%(objectname)%00%(upstream:track)%00%(upstream:remotename)%00%(upstream:remoteref) refs/heads/main refs/remotes/main [1ms]
[2022-08-23T04:10:12.076Z] > git for-each-ref --sort -committerdate --format %(refname) %(objectname) %(*objectname) [12ms]
[2022-08-23T04:10:12.076Z] > git remote --verbose [1ms]
[2022-08-23T04:10:12.093Z] > git config --get commit.template [2ms]
[2022-08-23T04:10:27.513Z] > git status -z -uall [8ms]
[2022-08-23T04:10:27.545Z] > git symbolic-ref --short HEAD [3ms]
[2022-08-23T04:10:27.576Z] > git for-each-ref --format=%(refname)%00%(upstream:short)%00%(objectname)%00%(upstream:track)%00%(upstream:remotename)%00%(upstream:remoteref) refs/heads/main refs/remotes/main [5ms]
[2022-08-23T04:10:27.637Z] > git for-each-ref --sort -committerdate --format %(refname) %(objectname) %(*objectname) [32ms]
[2022-08-23T04:10:27.640Z] > git remote --verbose [6ms]
[2022-08-23T04:10:27.682Z] > git config --get commit.template [3ms]
[2022-08-23T04:10:53.968Z] > git show --textconv :pages/index.js [6ms]
[2022-08-23T04:10:53.968Z] > git ls-files --stage -- /home/martin/projects/visual-fretboard/pages/index.js [2ms]
[2022-08-23T04:10:53.975Z] > git cat-file -s dc4b64035213fbc364af5421d19f9fb2f8249f7c [1ms]
[2022-08-23T04:11:21.785Z] > git show --textconv :components/Fretboard.js [15ms]
[2022-08-23T04:11:21.785Z] > git ls-files --stage -- /home/martin/projects/visual-fretboard/components/Fretboard.js [1ms]
[2022-08-23T04:11:33.792Z] > git status -z -uall [7ms]
[2022-08-23T04:11:33.814Z] > git symbolic-ref --short HEAD [5ms]
[2022-08-23T04:11:33.833Z] > git for-each-ref --format=%(refname)%00%(upstream:short)%00%(objectname)%00%(upstream:track)%00%(upstream:remotename)%00%(upstream:remoteref) refs/heads/main refs/remotes/main [2ms]
[2022-08-23T04:11:33.880Z] > git remote --verbose [6ms]
[2022-08-23T04:11:33.880Z] > git for-each-ref --sort -committerdate --format %(refname) %(objectname) %(*objectname) [36ms]
[2022-08-23T04:11:33.910Z] > git config --get commit.template [5ms]
[2022-08-23T04:27:59.155Z] > git status -z -uall [4ms]
[2022-08-23T04:27:59.168Z] > git symbolic-ref --short HEAD [3ms]
[2022-08-23T04:27:59.188Z] > git for-each-ref --format=%(refname)%00%(upstream:short)%00%(objectname)%00%(upstream:track)%00%(upstream:remotename)%00%(upstream:remoteref) refs/heads/main refs/remotes/main [1ms]
[2022-08-23T04:27:59.227Z] > git for-each-ref --sort -committerdate --format %(refname) %(objectname) %(*objectname) [22ms]
[2022-08-23T04:27:59.228Z] > git remote --verbose [3ms]
[2022-08-23T04:27:59.259Z] > git config --get commit.template [3ms]
