[2022-08-19T20:01:04.746Z] Log level: Info
[2022-08-19T20:01:04.746Z] [info] Validating found git in: git
[2022-08-19T20:01:04.758Z] [info] Using git 2.37.2 from git
[2022-08-19T20:01:04.770Z] > git rev-parse --show-toplevel [4ms]
[2022-08-19T20:01:04.777Z] > git rev-parse --git-dir --git-common-dir [2ms]
[2022-08-19T20:01:04.781Z] [info] Open repository: /home/martin/projects/visual-fretboard
[2022-08-19T20:01:04.802Z] > git status -z -uall [15ms]
[2022-08-19T20:01:04.810Z] > git symbolic-ref --short HEAD [1ms]
[2022-08-19T20:01:05.127Z] > git for-each-ref --format=%(refname)%00%(upstream:short)%00%(objectname)%00%(upstream:track)%00%(upstream:remotename)%00%(upstream:remoteref) refs/heads/master refs/remotes/master [305ms]
[2022-08-19T20:01:05.155Z] > git for-each-ref --sort -committerdate --format %(refname) %(objectname) %(*objectname) [14ms]
[2022-08-19T20:01:05.158Z] > git remote --verbose [8ms]
[2022-08-19T20:01:05.198Z] > git config --get commit.template [25ms]
[2022-08-19T20:01:05.220Z] > git status -z -uall [9ms]
[2022-08-19T20:01:05.225Z] > git symbolic-ref --short HEAD [1ms]
[2022-08-19T20:01:05.229Z] > git for-each-ref --format=%(refname)%00%(upstream:short)%00%(objectname)%00%(upstream:track)%00%(upstream:remotename)%00%(upstream:remoteref) refs/heads/master refs/remotes/master [1ms]
[2022-08-19T20:01:05.238Z] > git for-each-ref --sort -committerdate --format %(refname) %(objectname) %(*objectname) [4ms]
[2022-08-19T20:01:05.239Z] > git remote --verbose [2ms]
[2022-08-19T20:01:05.251Z] > git config --get commit.template [2ms]
[2022-08-19T20:01:05.299Z] > git check-ignore -v -z --stdin [2ms]
[2022-08-19T20:02:06.387Z] > git check-ignore -v -z --stdin [1ms]
[2022-08-19T20:02:08.511Z] > git check-ignore -v -z --stdin [2ms]
[2022-08-19T20:02:11.889Z] > git check-ignore -v -z --stdin [1ms]
[2022-08-19T20:02:14.036Z] > git check-ignore -v -z --stdin [3ms]
[2022-08-19T20:02:18.831Z] > git show --textconv :functions/get-track.js [116ms]
[2022-08-19T20:02:18.831Z] > git ls-files --stage -- /home/martin/projects/visual-fretboard/functions/get-track.js [110ms]
[2022-08-19T20:02:18.844Z] > git cat-file -s 594cff627c3c07481eaea35c2660cfbeb21a13f9 [5ms]
[2022-08-19T20:02:24.326Z] > git show --textconv :functions/new-access-token.js [4ms]
[2022-08-19T20:02:24.327Z] > git ls-files --stage -- /home/martin/projects/visual-fretboard/functions/new-access-token.js [1ms]
[2022-08-19T20:02:24.331Z] > git cat-file -s b37416b4fd4c633b55e97c6f77349aba09966ef4 [1ms]
[2022-08-19T20:02:28.536Z] > git show --textconv :functions/search-track.js [8ms]
[2022-08-19T20:02:28.537Z] > git ls-files --stage -- /home/martin/projects/visual-fretboard/functions/search-track.js [2ms]
[2022-08-19T20:02:28.545Z] > git cat-file -s aa58f117f830b349ffa76134b0ca06b0f67af4b1 [1ms]
[2022-08-19T20:02:29.745Z] > git show --textconv :functions/get-playlist.js [11ms]
[2022-08-19T20:02:29.746Z] > git ls-files --stage -- /home/martin/projects/visual-fretboard/functions/get-playlist.js [4ms]
[2022-08-19T20:02:29.755Z] > git cat-file -s beedf26f67fd45098664fb7196213852c8c498d3 [3ms]
[2022-08-19T20:02:31.972Z] > git check-ignore -v -z --stdin [1ms]
[2022-08-19T20:02:33.911Z] > git show --textconv :package.json [9ms]
[2022-08-19T20:02:33.912Z] > git ls-files --stage -- /home/martin/projects/visual-fretboard/package.json [2ms]
[2022-08-19T20:02:33.918Z] > git cat-file -s a74002522b29814511663c0ae570fda1442d1b99 [3ms]
[2022-08-19T20:03:15.472Z] > git check-ignore -v -z --stdin [1ms]
[2022-08-19T20:03:17.723Z] > git show --textconv :src/components/Fretboard.vue [5ms]
[2022-08-19T20:03:17.724Z] > git ls-files --stage -- /home/martin/projects/visual-fretboard/src/components/Fretboard.vue [2ms]
[2022-08-19T20:03:17.731Z] > git cat-file -s 0653bb24845a69c08ea51f8dff56ee2a3644f072 [2ms]
