[2022-08-19T21:39:24.424Z] Log level: Info
[2022-08-19T21:39:24.425Z] [info] Validating found git in: git
[2022-08-19T21:39:26.073Z] [info] Using git 2.37.2 from git
[2022-08-19T21:39:27.898Z] > git rev-parse --show-toplevel [1769ms]
[2022-08-19T21:39:27.907Z] > git rev-parse --git-dir --git-common-dir [2ms]
[2022-08-19T21:39:27.912Z] [info] Open repository: /home/martin/projects/visual-fretboard
[2022-08-19T21:39:28.375Z] > git show --textconv :components/Fretboard.js [42ms]
[2022-08-19T21:39:28.375Z] > git ls-files --stage -- /home/martin/projects/visual-fretboard/components/Fretboard.js [37ms]
[2022-08-19T21:39:28.544Z] > git status -z -uall [621ms]
[2022-08-19T21:39:28.552Z] > git symbolic-ref --short HEAD [1ms]
[2022-08-19T21:39:28.580Z] > git for-each-ref --format=%(refname)%00%(upstream:short)%00%(objectname)%00%(upstream:track)%00%(upstream:remotename)%00%(upstream:remoteref) refs/heads/main refs/remotes/main [13ms]
[2022-08-19T21:39:28.605Z] > git remote --verbose [4ms]
[2022-08-19T21:39:28.605Z] > git for-each-ref --sort -committerdate --format %(refname) %(objectname) %(*objectname) [18ms]
[2022-08-19T21:39:28.622Z] > git check-ignore -v -z --stdin [7ms]
[2022-08-19T21:39:28.636Z] > git config --get commit.template [16ms]
[2022-08-19T21:39:28.658Z] > git status -z -uall [8ms]
[2022-08-19T21:39:28.677Z] > git symbolic-ref --short HEAD [5ms]
[2022-08-19T21:39:28.702Z] > git for-each-ref --format=%(refname)%00%(upstream:short)%00%(objectname)%00%(upstream:track)%00%(upstream:remotename)%00%(upstream:remoteref) refs/heads/main refs/remotes/main [17ms]
[2022-08-19T21:39:28.742Z] > git remote --verbose [28ms]
[2022-08-19T21:39:28.742Z] > git for-each-ref --sort -committerdate --format %(refname) %(objectname) %(*objectname) [34ms]
[2022-08-19T21:39:28.749Z] > git config --get commit.template [1ms]
[2022-08-19T21:41:16.618Z] > git status -z -uall [2ms]
[2022-08-19T21:41:16.624Z] > git symbolic-ref --short HEAD [2ms]
[2022-08-19T21:41:16.630Z] > git for-each-ref --format=%(refname)%00%(upstream:short)%00%(objectname)%00%(upstream:track)%00%(upstream:remotename)%00%(upstream:remoteref) refs/heads/main refs/remotes/main [2ms]
[2022-08-19T21:41:16.642Z] > git for-each-ref --sort -committerdate --format %(refname) %(objectname) %(*objectname) [6ms]
[2022-08-19T21:41:16.642Z] > git remote --verbose [1ms]
[2022-08-19T21:41:16.651Z] > git config --get commit.template [1ms]
[2022-08-19T21:41:24.903Z] > git status -z -uall [2ms]
[2022-08-19T21:41:24.909Z] > git symbolic-ref --short HEAD [1ms]
[2022-08-19T21:41:24.917Z] > git for-each-ref --format=%(refname)%00%(upstream:short)%00%(objectname)%00%(upstream:track)%00%(upstream:remotename)%00%(upstream:remoteref) refs/heads/main refs/remotes/main [1ms]
[2022-08-19T21:41:24.927Z] > git for-each-ref --sort -committerdate --format %(refname) %(objectname) %(*objectname) [6ms]
[2022-08-19T21:41:24.927Z] > git remote --verbose [1ms]
[2022-08-19T21:41:24.934Z] > git config --get commit.template [1ms]
[2022-08-19T21:41:59.764Z] > git status -z -uall [4ms]
[2022-08-19T21:41:59.770Z] > git symbolic-ref --short HEAD [1ms]
[2022-08-19T21:41:59.777Z] > git for-each-ref --format=%(refname)%00%(upstream:short)%00%(objectname)%00%(upstream:track)%00%(upstream:remotename)%00%(upstream:remoteref) refs/heads/main refs/remotes/main [1ms]
[2022-08-19T21:41:59.790Z] > git for-each-ref --sort -committerdate --format %(refname) %(objectname) %(*objectname) [7ms]
[2022-08-19T21:41:59.790Z] > git remote --verbose [2ms]
[2022-08-19T21:41:59.797Z] > git config --get commit.template [1ms]
[2022-08-19T21:42:04.811Z] > git status -z -uall [2ms]
[2022-08-19T21:42:04.823Z] > git symbolic-ref --short HEAD [3ms]
[2022-08-19T21:42:04.829Z] > git for-each-ref --format=%(refname)%00%(upstream:short)%00%(objectname)%00%(upstream:track)%00%(upstream:remotename)%00%(upstream:remoteref) refs/heads/main refs/remotes/main [1ms]
[2022-08-19T21:42:04.844Z] > git remote --verbose [1ms]
[2022-08-19T21:42:04.844Z] > git for-each-ref --sort -committerdate --format %(refname) %(objectname) %(*objectname) [9ms]
[2022-08-19T21:42:04.852Z] > git config --get commit.template [1ms]
[2022-08-19T21:43:22.977Z] > git status -z -uall [2ms]
[2022-08-19T21:43:22.982Z] > git symbolic-ref --short HEAD [1ms]
[2022-08-19T21:43:22.989Z] > git for-each-ref --format=%(refname)%00%(upstream:short)%00%(objectname)%00%(upstream:track)%00%(upstream:remotename)%00%(upstream:remoteref) refs/heads/main refs/remotes/main [1ms]
[2022-08-19T21:43:22.998Z] > git for-each-ref --sort -committerdate --format %(refname) %(objectname) %(*objectname) [5ms]
[2022-08-19T21:43:22.998Z] > git remote --verbose [1ms]
[2022-08-19T21:43:23.009Z] > git config --get commit.template [3ms]
[2022-08-19T21:43:48.536Z] > git show --textconv :components/String.js [17ms]
[2022-08-19T21:43:48.537Z] > git ls-files --stage -- /home/martin/projects/visual-fretboard/components/String.js [4ms]
[2022-08-19T21:43:48.810Z] > git check-ignore -v -z --stdin [4ms]
[2022-08-19T21:43:49.187Z] > git status -z -uall [2ms]
[2022-08-19T21:43:49.215Z] > git symbolic-ref --short HEAD [3ms]
[2022-08-19T21:43:49.232Z] > git for-each-ref --format=%(refname)%00%(upstream:short)%00%(objectname)%00%(upstream:track)%00%(upstream:remotename)%00%(upstream:remoteref) refs/heads/main refs/remotes/main [2ms]
[2022-08-19T21:43:49.246Z] > git for-each-ref --sort -committerdate --format %(refname) %(objectname) %(*objectname) [10ms]
[2022-08-19T21:43:49.247Z] > git remote --verbose [2ms]
[2022-08-19T21:43:49.255Z] > git config --get commit.template [2ms]
[2022-08-19T21:44:03.013Z] > git status -z -uall [4ms]
[2022-08-19T21:44:03.020Z] > git symbolic-ref --short HEAD [2ms]
[2022-08-19T21:44:03.027Z] > git for-each-ref --format=%(refname)%00%(upstream:short)%00%(objectname)%00%(upstream:track)%00%(upstream:remotename)%00%(upstream:remoteref) refs/heads/main refs/remotes/main [1ms]
[2022-08-19T21:44:03.035Z] > git for-each-ref --sort -committerdate --format %(refname) %(objectname) %(*objectname) [5ms]
[2022-08-19T21:44:03.036Z] > git remote --verbose [2ms]
[2022-08-19T21:44:03.045Z] > git config --get commit.template [2ms]
[2022-08-19T21:44:18.884Z] > git show --textconv :components/Fretboard.js [48ms]
[2022-08-19T21:44:18.888Z] > git ls-files --stage -- /home/martin/projects/visual-fretboard/components/Fretboard.js [9ms]
[2022-08-19T21:44:42.389Z] > git status -z -uall [39ms]
[2022-08-19T21:44:42.396Z] > git symbolic-ref --short HEAD [1ms]
[2022-08-19T21:44:42.402Z] > git for-each-ref --format=%(refname)%00%(upstream:short)%00%(objectname)%00%(upstream:track)%00%(upstream:remotename)%00%(upstream:remoteref) refs/heads/main refs/remotes/main [1ms]
[2022-08-19T21:44:42.411Z] > git for-each-ref --sort -committerdate --format %(refname) %(objectname) %(*objectname) [5ms]
[2022-08-19T21:44:42.411Z] > git remote --verbose [1ms]
[2022-08-19T21:44:42.418Z] > git config --get commit.template [1ms]
