2023-01-11 00:57:48.928 [info] Extension host with pid 2964 started
2023-01-11 00:57:48.928 [info] Skipping acquiring lock for /home/martin/.config/Code/User/workspaceStorage/df3637e13a6232db0d82b41c202c357d.
2023-01-11 00:57:49.570 [info] ExtensionService#_doActivateExtension Vue.volar, startup: false, activationEvent: 'onLanguage:vue'
2023-01-11 00:57:49.573 [info] ExtensionService#_doActivateExtension vscode.microsoft-authentication, startup: false, activationEvent: 'onAuthenticationRequest:microsoft'
2023-01-11 00:57:49.574 [info] ExtensionService#_doActivateExtension vscode.git-base, startup: true, activationEvent: '*', root cause: vscode.git
2023-01-11 00:57:49.574 [info] ExtensionService#_doActivateExtension vscode.npm, startup: true, activationEvent: 'workspaceContains:package.json'
2023-01-11 00:57:51.621 [info] ExtensionService#_doActivateExtension vscode.git, startup: true, activationEvent: '*'
2023-01-11 00:57:51.622 [info] ExtensionService#_doActivateExtension vscode.github, startup: true, activationEvent: '*'
2023-01-11 00:57:52.392 [info] ExtensionService#_doActivateExtension vscode.github-authentication, startup: false, activationEvent: 'onAuthenticationRequest:github'
2023-01-11 00:57:53.113 [info] Eager extensions activated
2023-01-11 00:57:53.120 [info] ExtensionService#_doActivateExtension vscode.debug-auto-launch, startup: false, activationEvent: 'onStartupFinished'
2023-01-11 00:57:53.120 [info] ExtensionService#_doActivateExtension vscode.emmet, startup: false, activationEvent: 'onStartupFinished'
2023-01-11 00:57:53.121 [info] ExtensionService#_doActivateExtension vscode.merge-conflict, startup: false, activationEvent: 'onStartupFinished'
2023-01-11 00:57:53.121 [info] ExtensionService#_doActivateExtension esbenp.prettier-vscode, startup: false, activationEvent: 'onStartupFinished'
2023-01-11 00:59:01.594 [info] ExtensionService#_doActivateExtension vscode.typescript-language-features, startup: false, activationEvent: 'onLanguage:typescript'
2023-01-11 01:43:26.378 [error] [Vue.volar] provider FAILED
2023-01-11 01:43:26.402 [error] Error: DisposableStore is missing...
	at K._convertCompletionItem (/opt/visual-studio-code/resources/app/out/vs/workbench/api/node/extensionHostProcess.js:94:52914)
	at K.resolveCompletionItem (/opt/visual-studio-code/resources/app/out/vs/workbench/api/node/extensionHostProcess.js:94:52692)
2023-01-11 02:26:44.427 [info] ExtensionService#_doActivateExtension vscode.configuration-editing, startup: false, activationEvent: 'onLanguage:jsonc'
2023-01-11 02:26:44.427 [info] ExtensionService#_doActivateExtension vscode.json-language-features, startup: false, activationEvent: 'onLanguage:jsonc'
2023-01-11 03:32:08.606 [info] ExtensionService#_doActivateExtension vscode.html-language-features, startup: false, activationEvent: 'onLanguage:html'
2023-01-11 03:41:26.859 [info] Extension host terminating: received terminate message from renderer
2023-01-11 03:41:26.938 [info] Extension host with pid 2964 exiting with code 0
