2023-01-11 03:57:53.208 [info] Extension host with pid 10648 started
2023-01-11 03:57:53.208 [info] Skipping acquiring lock for /home/martin/.config/Code/User/workspaceStorage/84229dddaab0eaa6374fb025e71706aa.
2023-01-11 03:57:53.480 [info] ExtensionService#_doActivateExtension vscode.configuration-editing, startup: false, activationEvent: 'onLanguage:json'
2023-01-11 03:57:53.481 [info] ExtensionService#_doActivateExtension vscode.extension-editing, startup: false, activationEvent: 'onLanguage:json'
2023-01-11 03:57:53.481 [info] ExtensionService#_doActivateExtension vscode.json-language-features, startup: false, activationEvent: 'onLanguage:json'
2023-01-11 03:57:53.481 [info] ExtensionService#_doActivateExtension vscode.npm, startup: false, activationEvent: 'onLanguage:json'
2023-01-11 03:57:53.482 [info] ExtensionService#_doActivateExtension vscode.microsoft-authentication, startup: false, activationEvent: 'onAuthenticationRequest:microsoft'
2023-01-11 03:57:53.482 [info] ExtensionService#_doActivateExtension vscode.git-base, startup: true, activationEvent: '*', root cause: vscode.git
2023-01-11 03:57:53.642 [info] ExtensionService#_doActivateExtension vscode.git, startup: true, activationEvent: '*'
2023-01-11 03:57:53.643 [info] ExtensionService#_doActivateExtension vscode.github, startup: true, activationEvent: '*'
2023-01-11 03:57:53.958 [info] ExtensionService#_doActivateExtension vscode.github-authentication, startup: false, activationEvent: 'onAuthenticationRequest:github'
2023-01-11 03:57:53.975 [info] Eager extensions activated
2023-01-11 03:57:54.104 [info] ExtensionService#_doActivateExtension vscode.debug-auto-launch, startup: false, activationEvent: 'onStartupFinished'
2023-01-11 03:57:54.104 [info] ExtensionService#_doActivateExtension vscode.emmet, startup: false, activationEvent: 'onStartupFinished'
2023-01-11 03:57:54.105 [info] ExtensionService#_doActivateExtension vscode.merge-conflict, startup: false, activationEvent: 'onStartupFinished'
2023-01-11 03:57:54.105 [info] ExtensionService#_doActivateExtension esbenp.prettier-vscode, startup: false, activationEvent: 'onStartupFinished'
2023-01-11 03:58:17.658 [info] ExtensionService#_doActivateExtension vscode.typescript-language-features, startup: false, activationEvent: 'onLanguage:typescriptreact'
2023-01-11 03:58:17.662 [info] ExtensionService#_doActivateExtension Vue.volar, startup: false, activationEvent: 'onLanguage:typescriptreact'
2023-01-11 03:58:19.168 [info] Extension host terminating: received terminate message from renderer
2023-01-11 03:58:19.214 [info] Extension host with pid 10648 exiting with code 0
