2023-01-10 17:24:18.180 [info] Validating found git in: git
2023-01-10 17:24:18.180 [info] Using git 2.39.0 from git
2023-01-10 17:24:18.180 [info] > git rev-parse --show-toplevel [23ms]
2023-01-10 17:24:18.180 [info] fatal: not a git repository (or any of the parent directories): .git
2023-01-10 17:24:18.183 [info] > git rev-parse --show-toplevel [7ms]
2023-01-10 17:24:18.183 [info] fatal: not a git repository (or any of the parent directories): .git
2023-01-10 17:24:18.237 [info] > git rev-parse --show-toplevel [33ms]
2023-01-10 17:24:18.237 [info] fatal: not a git repository (or any of the parent directories): .git
2023-01-10 17:24:18.389 [info] > git rev-parse --show-toplevel [122ms]
2023-01-10 17:24:18.389 [info] fatal: not a git repository (or any of the parent directories): .git
2023-01-10 17:24:18.613 [info] > git rev-parse --show-toplevel [4ms]
2023-01-10 17:24:18.613 [info] fatal: not a git repository (or any of the parent directories): .git
2023-01-10 17:24:34.667 [info] > git rev-parse --show-toplevel [1ms]
2023-01-10 17:24:34.687 [info] > git rev-parse --git-dir --git-common-dir [12ms]
2023-01-10 17:24:34.705 [info] Log level: Info
2023-01-10 17:24:34.705 [info] Open repository: /home/martin/projects/visual-fretboard
2023-01-10 17:24:35.028 [info] > git status -z -uall [274ms]
2023-01-10 17:24:35.028 [info] > git remote --verbose [282ms]
2023-01-10 17:24:35.028 [info] > git for-each-ref --sort -committerdate --format %(refname) %(objectname) %(*objectname) [306ms]
2023-01-10 17:24:35.034 [info] > git config --get commit.template [6ms]
2023-01-10 17:24:35.101 [info] > git show --textconv :src/components/Fretboard.vue [31ms]
2023-01-10 17:24:35.102 [info] > git for-each-ref --format=%(refname)%00%(upstream:short)%00%(objectname)%00%(upstream:track)%00%(upstream:remotename)%00%(upstream:remoteref) refs/heads/master refs/remotes/master [58ms]
2023-01-10 17:24:35.148 [info] > git status -z -uall [14ms]
2023-01-10 17:24:35.150 [info] > git remote --verbose [24ms]
2023-01-10 17:24:35.151 [info] > git for-each-ref --sort -committerdate --format %(refname) %(objectname) %(*objectname) [34ms]
2023-01-10 17:24:35.151 [info] > git ls-files --stage -- /home/martin/projects/visual-fretboard/src/components/Fretboard.vue [74ms]
2023-01-10 17:24:35.176 [info] > git cat-file -s 0653bb24845a69c08ea51f8dff56ee2a3644f072 [7ms]
2023-01-10 17:24:35.177 [info] > git config --get commit.template [30ms]
2023-01-10 17:24:35.189 [info] > git for-each-ref --format=%(refname)%00%(upstream:short)%00%(objectname)%00%(upstream:track)%00%(upstream:remotename)%00%(upstream:remoteref) refs/heads/master refs/remotes/master [4ms]
2023-01-10 17:24:35.555 [info] > git check-ignore -v -z --stdin [4ms]
2023-01-10 17:24:48.796 [info] > git rev-parse --show-toplevel [8ms]
2023-01-10 17:24:48.816 [info] fatal: not a git repository (or any of the parent directories): .git
2023-01-10 17:25:05.341 [info] > git rev-parse --show-toplevel [5ms]
2023-01-10 17:25:05.342 [info] fatal: not a git repository (or any of the parent directories): .git
2023-01-10 17:25:07.633 [info] > git show --textconv :src/components/Fretboard.vue [10ms]
2023-01-10 17:25:07.635 [info] > git ls-files --stage -- /home/martin/projects/visual-fretboard/src/components/Fretboard.vue [2ms]
2023-01-10 17:25:07.642 [info] > git cat-file -s 0653bb24845a69c08ea51f8dff56ee2a3644f072 [2ms]
2023-01-10 17:25:11.468 [info] > git rev-parse --show-toplevel [9ms]
2023-01-10 17:25:11.468 [info] fatal: not a git repository (or any of the parent directories): .git
2023-01-10 17:25:17.253 [info] > git rev-parse --show-toplevel [8ms]
2023-01-10 17:25:17.253 [info] fatal: not a git repository (or any of the parent directories): .git
2023-01-10 17:26:21.951 [info] > git rev-parse --show-toplevel [12ms]
2023-01-10 17:26:21.951 [info] fatal: not a git repository (or any of the parent directories): .git
2023-01-10 17:26:40.286 [info] > git rev-parse --show-toplevel [17ms]
2023-01-10 17:26:40.286 [info] fatal: not a git repository (or any of the parent directories): .git
2023-01-10 17:26:49.210 [info] > git rev-parse --show-toplevel [6ms]
2023-01-10 17:26:49.210 [info] fatal: not a git repository (or any of the parent directories): .git
2023-01-10 17:26:50.080 [info] > git rev-parse --show-toplevel [24ms]
2023-01-10 17:26:50.080 [info] fatal: not a git repository (or any of the parent directories): .git
2023-01-10 17:26:51.860 [info] > git rev-parse --show-toplevel [5ms]
2023-01-10 17:26:51.860 [info] fatal: not a git repository (or any of the parent directories): .git
2023-01-10 17:27:09.332 [info] > git rev-parse --show-toplevel [4ms]
2023-01-10 17:27:09.332 [info] fatal: not a git repository (or any of the parent directories): .git
2023-01-10 17:27:11.800 [info] > git rev-parse --show-toplevel [3ms]
2023-01-10 17:27:11.800 [info] fatal: not a git repository (or any of the parent directories): .git
2023-01-10 17:27:15.810 [info] > git rev-parse --show-toplevel [6ms]
2023-01-10 17:27:15.810 [info] fatal: not a git repository (or any of the parent directories): .git
2023-01-10 17:27:18.003 [info] > git rev-parse --show-toplevel [3ms]
2023-01-10 17:27:18.003 [info] fatal: not a git repository (or any of the parent directories): .git
2023-01-10 17:27:31.499 [info] > git rev-parse --show-toplevel [10ms]
2023-01-10 17:27:31.499 [info] fatal: not a git repository (or any of the parent directories): .git
2023-01-10 17:27:37.820 [info] > git rev-parse --show-toplevel [4ms]
2023-01-10 17:27:37.820 [info] fatal: not a git repository (or any of the parent directories): .git
2023-01-10 17:27:48.271 [info] > git rev-parse --show-toplevel [5ms]
2023-01-10 17:27:48.272 [info] fatal: not a git repository (or any of the parent directories): .git
2023-01-10 17:29:39.724 [info] > git show --textconv :src/store/index.js [15ms]
2023-01-10 17:29:39.727 [info] > git ls-files --stage -- /home/martin/projects/visual-fretboard/src/store/index.js [8ms]
2023-01-10 17:29:39.736 [info] > git cat-file -s 2105c39865cb70eea09b935ffedaa3cac8fe9be4 [3ms]
2023-01-10 17:29:39.800 [info] > git check-ignore -v -z --stdin [2ms]
2023-01-10 17:29:48.979 [info] > git rev-parse --show-toplevel [9ms]
2023-01-10 17:29:48.979 [info] fatal: not a git repository (or any of the parent directories): .git
2023-01-10 17:29:50.615 [info] > git show --textconv :src/store/index.js [8ms]
2023-01-10 17:29:50.616 [info] > git ls-files --stage -- /home/martin/projects/visual-fretboard/src/store/index.js [2ms]
2023-01-10 17:29:50.621 [info] > git cat-file -s 2105c39865cb70eea09b935ffedaa3cac8fe9be4 [1ms]
2023-01-10 17:29:52.789 [info] > git rev-parse --show-toplevel [12ms]
2023-01-10 17:29:52.789 [info] fatal: not a git repository (or any of the parent directories): .git
2023-01-10 17:30:17.052 [info] > git rev-parse --show-toplevel [6ms]
2023-01-10 17:30:17.052 [info] fatal: not a git repository (or any of the parent directories): .git
2023-01-10 17:30:37.850 [info] > git rev-parse --show-toplevel [4ms]
2023-01-10 17:30:37.850 [info] fatal: not a git repository (or any of the parent directories): .git
2023-01-10 17:35:51.996 [info] > git rev-parse --show-toplevel [6ms]
2023-01-10 17:35:51.996 [info] fatal: not a git repository (or any of the parent directories): .git
2023-01-10 17:36:33.441 [info] > git rev-parse --show-toplevel [6ms]
2023-01-10 17:36:33.441 [info] fatal: not a git repository (or any of the parent directories): .git
2023-01-10 17:36:34.978 [info] > git rev-parse --show-toplevel [20ms]
2023-01-10 17:36:34.978 [info] fatal: not a git repository (or any of the parent directories): .git
2023-01-10 17:36:36.000 [info] > git rev-parse --show-toplevel [13ms]
2023-01-10 17:36:36.001 [info] fatal: not a git repository (or any of the parent directories): .git
2023-01-10 17:36:38.459 [info] > git rev-parse --show-toplevel [13ms]
2023-01-10 17:36:38.459 [info] fatal: not a git repository (or any of the parent directories): .git
2023-01-10 17:42:51.453 [info] > git rev-parse --show-toplevel [4ms]
2023-01-10 17:42:51.453 [info] fatal: not a git repository (or any of the parent directories): .git
2023-01-10 17:42:54.617 [info] > git rev-parse --show-toplevel [13ms]
2023-01-10 17:42:54.617 [info] fatal: not a git repository (or any of the parent directories): .git
2023-01-10 17:42:59.624 [info] > git rev-parse --show-toplevel [6ms]
2023-01-10 17:42:59.624 [info] fatal: not a git repository (or any of the parent directories): .git
2023-01-10 17:44:12.878 [info] > git rev-parse --show-toplevel [464ms]
2023-01-10 17:44:12.908 [info] fatal: not a git repository (or any of the parent directories): .git
2023-01-10 17:45:07.158 [info] > git rev-parse --show-toplevel [3ms]
2023-01-10 17:45:07.158 [info] fatal: not a git repository (or any of the parent directories): .git
2023-01-10 17:46:02.085 [info] > git rev-parse --show-toplevel [597ms]
2023-01-10 17:46:02.085 [info] fatal: not a git repository (or any of the parent directories): .git
2023-01-10 17:46:12.424 [info] > git rev-parse --show-toplevel [16ms]
2023-01-10 17:46:12.424 [info] fatal: not a git repository (or any of the parent directories): .git
2023-01-10 17:46:20.266 [info] > git rev-parse --show-toplevel [6ms]
2023-01-10 17:46:20.266 [info] fatal: not a git repository (or any of the parent directories): .git
2023-01-10 17:46:21.202 [info] > git rev-parse --show-toplevel [7ms]
2023-01-10 17:46:21.202 [info] fatal: not a git repository (or any of the parent directories): .git
2023-01-10 17:46:22.659 [info] > git rev-parse --show-toplevel [7ms]
2023-01-10 17:46:22.659 [info] fatal: not a git repository (or any of the parent directories): .git
2023-01-10 17:46:40.658 [info] > git rev-parse --show-toplevel [10ms]
2023-01-10 17:46:40.658 [info] fatal: not a git repository (or any of the parent directories): .git
2023-01-10 17:49:39.032 [info] > git rev-parse --show-toplevel [32ms]
2023-01-10 17:49:39.032 [info] fatal: not a git repository (or any of the parent directories): .git
2023-01-10 17:49:43.421 [info] > git rev-parse --show-toplevel [10ms]
2023-01-10 17:49:43.421 [info] fatal: not a git repository (or any of the parent directories): .git
2023-01-10 17:49:45.272 [info] > git rev-parse --show-toplevel [4ms]
2023-01-10 17:49:45.272 [info] fatal: not a git repository (or any of the parent directories): .git
2023-01-10 17:49:45.744 [info] > git rev-parse --show-toplevel [5ms]
2023-01-10 17:49:45.744 [info] fatal: not a git repository (or any of the parent directories): .git
2023-01-10 17:50:01.273 [info] > git rev-parse --show-toplevel [14ms]
2023-01-10 17:50:01.273 [info] fatal: not a git repository (or any of the parent directories): .git
2023-01-10 17:50:51.372 [info] > git rev-parse --show-toplevel [9ms]
2023-01-10 17:50:51.372 [info] fatal: not a git repository (or any of the parent directories): .git
2023-01-10 17:52:46.389 [info] > git rev-parse --show-toplevel [21ms]
2023-01-10 17:52:46.389 [info] fatal: not a git repository (or any of the parent directories): .git
2023-01-10 17:52:48.920 [info] > git rev-parse --show-toplevel [4ms]
2023-01-10 17:52:48.920 [info] fatal: not a git repository (or any of the parent directories): .git
2023-01-10 17:52:57.850 [info] > git rev-parse --show-toplevel [4ms]
2023-01-10 17:52:57.850 [info] fatal: not a git repository (or any of the parent directories): .git
2023-01-10 17:53:06.076 [info] > git rev-parse --show-toplevel [10ms]
2023-01-10 17:53:06.076 [info] fatal: not a git repository (or any of the parent directories): .git
2023-01-10 17:53:06.991 [info] > git rev-parse --show-toplevel [3ms]
2023-01-10 17:53:06.991 [info] fatal: not a git repository (or any of the parent directories): .git
2023-01-10 17:53:07.890 [info] > git rev-parse --show-toplevel [3ms]
2023-01-10 17:53:07.890 [info] fatal: not a git repository (or any of the parent directories): .git
2023-01-10 17:53:24.638 [info] > git rev-parse --show-toplevel [4ms]
2023-01-10 17:53:24.639 [info] fatal: not a git repository (or any of the parent directories): .git
2023-01-10 17:53:45.859 [info] > git rev-parse --show-toplevel [7ms]
2023-01-10 17:53:45.859 [info] fatal: not a git repository (or any of the parent directories): .git
2023-01-10 17:54:15.051 [info] > git rev-parse --show-toplevel [8ms]
2023-01-10 17:54:15.051 [info] fatal: not a git repository (or any of the parent directories): .git
2023-01-10 17:54:36.152 [info] > git rev-parse --show-toplevel [2ms]
2023-01-10 17:54:36.152 [info] fatal: not a git repository (or any of the parent directories): .git
2023-01-10 17:54:37.677 [info] > git rev-parse --show-toplevel [9ms]
2023-01-10 17:54:37.677 [info] fatal: not a git repository (or any of the parent directories): .git
2023-01-10 17:54:39.369 [info] > git rev-parse --show-toplevel [5ms]
2023-01-10 17:54:39.369 [info] fatal: not a git repository (or any of the parent directories): .git
2023-01-10 17:55:16.523 [info] > git rev-parse --show-toplevel [5ms]
2023-01-10 17:55:16.523 [info] fatal: not a git repository (or any of the parent directories): .git
2023-01-10 18:00:17.399 [info] > git rev-parse --show-toplevel [10ms]
2023-01-10 18:00:17.399 [info] fatal: not a git repository (or any of the parent directories): .git
2023-01-10 18:00:40.864 [info] > git rev-parse --show-toplevel [10ms]
2023-01-10 18:00:40.864 [info] fatal: not a git repository (or any of the parent directories): .git
2023-01-10 18:00:42.811 [info] > git rev-parse --show-toplevel [18ms]
2023-01-10 18:00:42.811 [info] fatal: not a git repository (or any of the parent directories): .git
2023-01-10 18:00:43.851 [info] > git rev-parse --show-toplevel [2ms]
2023-01-10 18:00:43.851 [info] fatal: not a git repository (or any of the parent directories): .git
2023-01-10 18:00:48.249 [info] > git rev-parse --show-toplevel [4ms]
2023-01-10 18:00:48.249 [info] fatal: not a git repository (or any of the parent directories): .git
2023-01-10 18:00:49.996 [info] > git rev-parse --show-toplevel [3ms]
2023-01-10 18:00:49.996 [info] fatal: not a git repository (or any of the parent directories): .git
2023-01-10 18:01:32.425 [info] > git rev-parse --show-toplevel [4ms]
2023-01-10 18:01:32.425 [info] fatal: not a git repository (or any of the parent directories): .git
2023-01-10 18:01:34.118 [info] > git rev-parse --show-toplevel [5ms]
2023-01-10 18:01:34.119 [info] fatal: not a git repository (or any of the parent directories): .git
2023-01-10 18:03:34.359 [info] > git rev-parse --show-toplevel [4ms]
2023-01-10 18:03:34.359 [info] fatal: not a git repository (or any of the parent directories): .git
2023-01-10 18:03:59.684 [info] > git rev-parse --show-toplevel [3ms]
2023-01-10 18:03:59.684 [info] fatal: not a git repository (or any of the parent directories): .git
2023-01-10 18:04:03.277 [info] > git rev-parse --show-toplevel [5ms]
2023-01-10 18:04:03.277 [info] fatal: not a git repository (or any of the parent directories): .git
2023-01-10 18:04:08.471 [info] > git rev-parse --show-toplevel [11ms]
2023-01-10 18:04:08.471 [info] fatal: not a git repository (or any of the parent directories): .git
2023-01-10 18:04:20.012 [info] > git rev-parse --show-toplevel [4ms]
2023-01-10 18:04:20.012 [info] fatal: not a git repository (or any of the parent directories): .git
2023-01-10 18:04:46.408 [info] > git rev-parse --show-toplevel [14ms]
2023-01-10 18:04:46.408 [info] fatal: not a git repository (or any of the parent directories): .git
2023-01-10 18:05:07.310 [info] > git rev-parse --show-toplevel [2ms]
2023-01-10 18:05:07.311 [info] fatal: not a git repository (or any of the parent directories): .git
2023-01-10 18:05:19.255 [info] > git rev-parse --show-toplevel [3ms]
2023-01-10 18:05:19.255 [info] fatal: not a git repository (or any of the parent directories): .git
2023-01-10 18:05:43.521 [info] > git rev-parse --show-toplevel [7ms]
2023-01-10 18:05:43.522 [info] fatal: not a git repository (or any of the parent directories): .git
2023-01-10 18:05:46.616 [info] > git rev-parse --show-toplevel [3ms]
2023-01-10 18:05:46.616 [info] fatal: not a git repository (or any of the parent directories): .git
2023-01-10 18:06:06.553 [info] > git rev-parse --show-toplevel [10ms]
2023-01-10 18:06:06.553 [info] fatal: not a git repository (or any of the parent directories): .git
2023-01-10 18:06:16.179 [info] > git rev-parse --show-toplevel [5ms]
2023-01-10 18:06:16.179 [info] fatal: not a git repository (or any of the parent directories): .git
2023-01-10 18:06:28.716 [info] > git rev-parse --show-toplevel [4ms]
2023-01-10 18:06:28.717 [info] fatal: not a git repository (or any of the parent directories): .git
2023-01-10 18:06:29.938 [info] > git rev-parse --show-toplevel [4ms]
2023-01-10 18:06:29.938 [info] fatal: not a git repository (or any of the parent directories): .git
2023-01-10 18:09:58.680 [info] > git rev-parse --show-toplevel [8ms]
2023-01-10 18:09:58.680 [info] fatal: not a git repository (or any of the parent directories): .git
2023-01-10 18:10:28.370 [info] > git rev-parse --show-toplevel [16ms]
2023-01-10 18:10:28.370 [info] fatal: not a git repository (or any of the parent directories): .git
2023-01-10 18:10:30.347 [info] > git rev-parse --show-toplevel [6ms]
2023-01-10 18:10:30.347 [info] fatal: not a git repository (or any of the parent directories): .git
2023-01-10 18:10:39.973 [info] > git rev-parse --show-toplevel [8ms]
2023-01-10 18:10:39.973 [info] fatal: not a git repository (or any of the parent directories): .git
2023-01-10 18:16:23.205 [info] > git rev-parse --show-toplevel [28ms]
2023-01-10 18:16:23.206 [info] fatal: not a git repository (or any of the parent directories): .git
2023-01-10 18:16:37.924 [info] > git rev-parse --show-toplevel [5ms]
2023-01-10 18:16:37.924 [info] fatal: not a git repository (or any of the parent directories): .git
2023-01-10 18:16:38.463 [info] > git rev-parse --show-toplevel [18ms]
2023-01-10 18:16:38.463 [info] fatal: not a git repository (or any of the parent directories): .git
2023-01-10 18:16:40.616 [info] > git rev-parse --show-toplevel [17ms]
2023-01-10 18:16:40.616 [info] fatal: not a git repository (or any of the parent directories): .git
2023-01-10 18:23:08.888 [info] > git rev-parse --show-toplevel [147ms]
2023-01-10 18:23:08.894 [info] fatal: not a git repository (or any of the parent directories): .git
2023-01-10 18:23:29.039 [info] > git rev-parse --show-toplevel [2ms]
2023-01-10 18:23:29.039 [info] fatal: not a git repository (or any of the parent directories): .git
2023-01-10 18:25:31.693 [info] > git rev-parse --show-toplevel [8ms]
2023-01-10 18:25:31.693 [info] fatal: not a git repository (or any of the parent directories): .git
2023-01-10 18:30:05.125 [info] > git rev-parse --show-toplevel [3ms]
2023-01-10 18:30:05.125 [info] fatal: not a git repository (or any of the parent directories): .git
2023-01-10 18:30:37.130 [info] > git rev-parse --show-toplevel [16ms]
2023-01-10 18:30:37.130 [info] fatal: not a git repository (or any of the parent directories): .git
2023-01-10 18:30:43.402 [info] > git rev-parse --show-toplevel [24ms]
2023-01-10 18:30:43.402 [info] fatal: not a git repository (or any of the parent directories): .git
2023-01-10 18:31:12.425 [info] > git rev-parse --show-toplevel [6ms]
2023-01-10 18:31:12.425 [info] fatal: not a git repository (or any of the parent directories): .git
2023-01-10 18:33:19.640 [info] > git rev-parse --show-toplevel [15ms]
2023-01-10 18:33:19.640 [info] fatal: not a git repository (or any of the parent directories): .git
2023-01-10 18:33:50.531 [info] > git rev-parse --show-toplevel [5ms]
2023-01-10 18:33:50.532 [info] fatal: not a git repository (or any of the parent directories): .git
2023-01-10 18:37:14.428 [info] > git rev-parse --show-toplevel [8ms]
2023-01-10 18:37:14.428 [info] fatal: not a git repository (or any of the parent directories): .git
2023-01-10 18:55:11.366 [info] > git rev-parse --show-toplevel [6ms]
2023-01-10 18:55:11.366 [info] fatal: not a git repository (or any of the parent directories): .git
2023-01-10 18:55:13.342 [info] > git rev-parse --show-toplevel [9ms]
2023-01-10 18:55:13.342 [info] fatal: not a git repository (or any of the parent directories): .git
2023-01-10 18:56:35.481 [info] > git rev-parse --show-toplevel [4ms]
2023-01-10 18:56:35.481 [info] fatal: not a git repository (or any of the parent directories): .git
2023-01-10 18:56:37.425 [info] > git rev-parse --show-toplevel [3ms]
2023-01-10 18:56:37.425 [info] fatal: not a git repository (or any of the parent directories): .git
2023-01-10 19:01:34.706 [info] > git rev-parse --show-toplevel [2ms]
2023-01-10 19:01:34.706 [info] fatal: not a git repository (or any of the parent directories): .git
2023-01-10 19:01:37.101 [info] > git rev-parse --show-toplevel [12ms]
2023-01-10 19:01:37.101 [info] fatal: not a git repository (or any of the parent directories): .git
2023-01-10 19:04:13.370 [info] > git rev-parse --show-toplevel [3ms]
2023-01-10 19:04:13.370 [info] fatal: not a git repository (or any of the parent directories): .git
2023-01-10 19:04:43.678 [info] > git rev-parse --show-toplevel [16ms]
2023-01-10 19:04:43.678 [info] fatal: not a git repository (or any of the parent directories): .git
2023-01-10 19:05:14.948 [info] > git rev-parse --show-toplevel [11ms]
2023-01-10 19:05:14.948 [info] fatal: not a git repository (or any of the parent directories): .git
2023-01-10 19:05:18.165 [info] > git rev-parse --show-toplevel [3ms]
2023-01-10 19:05:18.166 [info] fatal: not a git repository (or any of the parent directories): .git
2023-01-10 19:05:40.766 [info] > git rev-parse --show-toplevel [7ms]
2023-01-10 19:05:40.766 [info] fatal: not a git repository (or any of the parent directories): .git
2023-01-10 19:06:29.682 [info] > git rev-parse --show-toplevel [4ms]
2023-01-10 19:06:29.682 [info] fatal: not a git repository (or any of the parent directories): .git
2023-01-10 19:07:38.316 [info] > git rev-parse --show-toplevel [10ms]
2023-01-10 19:07:38.316 [info] fatal: not a git repository (or any of the parent directories): .git
2023-01-10 19:07:55.651 [info] > git rev-parse --show-toplevel [26ms]
2023-01-10 19:07:55.651 [info] fatal: not a git repository (or any of the parent directories): .git
2023-01-10 19:09:30.584 [info] > git rev-parse --show-toplevel [7ms]
2023-01-10 19:09:30.584 [info] fatal: not a git repository (or any of the parent directories): .git
2023-01-10 19:10:52.974 [info] > git rev-parse --show-toplevel [4ms]
2023-01-10 19:10:52.974 [info] fatal: not a git repository (or any of the parent directories): .git
2023-01-10 19:11:57.828 [info] > git rev-parse --show-toplevel [12ms]
2023-01-10 19:11:57.828 [info] fatal: not a git repository (or any of the parent directories): .git
2023-01-10 19:13:49.377 [info] > git rev-parse --show-toplevel [45ms]
2023-01-10 19:13:49.378 [info] fatal: not a git repository (or any of the parent directories): .git
2023-01-10 19:13:56.124 [info] > git rev-parse --show-toplevel [8ms]
2023-01-10 19:13:56.124 [info] fatal: not a git repository (or any of the parent directories): .git
2023-01-10 19:16:27.805 [info] > git rev-parse --show-toplevel [16ms]
2023-01-10 19:16:27.805 [info] fatal: not a git repository (or any of the parent directories): .git
2023-01-10 19:16:52.735 [info] > git rev-parse --show-toplevel [7ms]
2023-01-10 19:16:52.735 [info] fatal: not a git repository (or any of the parent directories): .git
2023-01-10 19:18:48.453 [info] > git rev-parse --show-toplevel [8ms]
2023-01-10 19:18:48.453 [info] fatal: not a git repository (or any of the parent directories): .git
2023-01-10 19:18:52.721 [info] > git rev-parse --show-toplevel [16ms]
2023-01-10 19:18:52.721 [info] fatal: not a git repository (or any of the parent directories): .git
2023-01-10 19:19:22.269 [info] > git rev-parse --show-toplevel [7ms]
2023-01-10 19:19:22.270 [info] fatal: not a git repository (or any of the parent directories): .git
2023-01-10 19:19:28.493 [info] > git rev-parse --show-toplevel [7ms]
2023-01-10 19:19:28.494 [info] fatal: not a git repository (or any of the parent directories): .git
2023-01-10 19:19:51.408 [info] > git rev-parse --show-toplevel [11ms]
2023-01-10 19:19:51.409 [info] fatal: not a git repository (or any of the parent directories): .git
2023-01-10 19:19:56.794 [info] > git rev-parse --show-toplevel [6ms]
2023-01-10 19:19:56.794 [info] fatal: not a git repository (or any of the parent directories): .git
2023-01-10 19:21:16.046 [info] > git rev-parse --show-toplevel [11ms]
2023-01-10 19:21:16.047 [info] fatal: not a git repository (or any of the parent directories): .git
2023-01-10 19:21:19.735 [info] > git rev-parse --show-toplevel [9ms]
2023-01-10 19:21:19.735 [info] fatal: not a git repository (or any of the parent directories): .git
2023-01-10 19:21:28.358 [info] > git rev-parse --show-toplevel [9ms]
2023-01-10 19:21:28.358 [info] fatal: not a git repository (or any of the parent directories): .git
2023-01-10 19:21:30.940 [info] > git rev-parse --show-toplevel [6ms]
2023-01-10 19:21:30.940 [info] fatal: not a git repository (or any of the parent directories): .git
2023-01-10 19:21:43.314 [info] > git rev-parse --show-toplevel [9ms]
2023-01-10 19:21:43.314 [info] fatal: not a git repository (or any of the parent directories): .git
2023-01-10 19:21:45.444 [info] > git rev-parse --show-toplevel [8ms]
2023-01-10 19:21:45.444 [info] fatal: not a git repository (or any of the parent directories): .git
2023-01-10 19:21:53.082 [info] > git rev-parse --show-toplevel [9ms]
2023-01-10 19:21:53.082 [info] fatal: not a git repository (or any of the parent directories): .git
2023-01-10 19:22:00.090 [info] > git rev-parse --show-toplevel [4ms]
2023-01-10 19:22:00.090 [info] fatal: not a git repository (or any of the parent directories): .git
2023-01-10 19:22:24.520 [info] > git rev-parse --show-toplevel [15ms]
2023-01-10 19:22:24.520 [info] fatal: not a git repository (or any of the parent directories): .git
2023-01-10 19:22:31.696 [info] > git rev-parse --show-toplevel [2ms]
2023-01-10 19:22:31.696 [info] fatal: not a git repository (or any of the parent directories): .git
2023-01-10 19:33:27.510 [info] > git rev-parse --show-toplevel [5ms]
2023-01-10 19:33:27.510 [info] fatal: not a git repository (or any of the parent directories): .git
2023-01-10 19:33:30.394 [info] > git rev-parse --show-toplevel [4ms]
2023-01-10 19:33:30.394 [info] fatal: not a git repository (or any of the parent directories): .git
2023-01-10 19:33:36.973 [info] > git rev-parse --show-toplevel [10ms]
2023-01-10 19:33:36.973 [info] fatal: not a git repository (or any of the parent directories): .git
2023-01-10 19:33:46.294 [info] > git rev-parse --show-toplevel [4ms]
2023-01-10 19:33:46.294 [info] fatal: not a git repository (or any of the parent directories): .git
2023-01-10 19:33:47.949 [info] > git rev-parse --show-toplevel [12ms]
2023-01-10 19:33:47.950 [info] fatal: not a git repository (or any of the parent directories): .git
2023-01-10 19:33:49.614 [info] > git rev-parse --show-toplevel [3ms]
2023-01-10 19:33:49.614 [info] fatal: not a git repository (or any of the parent directories): .git
2023-01-10 19:33:51.332 [info] > git rev-parse --show-toplevel [4ms]
2023-01-10 19:33:51.332 [info] fatal: not a git repository (or any of the parent directories): .git
2023-01-10 19:33:55.277 [info] > git rev-parse --show-toplevel [5ms]
2023-01-10 19:33:55.277 [info] fatal: not a git repository (or any of the parent directories): .git
2023-01-10 19:36:46.891 [info] > git rev-parse --show-toplevel [9ms]
2023-01-10 19:36:46.892 [info] fatal: not a git repository (or any of the parent directories): .git
2023-01-10 19:39:16.221 [info] > git rev-parse --show-toplevel [2ms]
2023-01-10 19:39:16.222 [info] fatal: not a git repository (or any of the parent directories): .git
2023-01-10 19:39:56.453 [info] > git rev-parse --show-toplevel [4ms]
2023-01-10 19:39:56.453 [info] fatal: not a git repository (or any of the parent directories): .git
2023-01-10 19:40:54.403 [info] > git rev-parse --show-toplevel [15ms]
2023-01-10 19:40:54.404 [info] fatal: not a git repository (or any of the parent directories): .git
2023-01-10 19:40:56.248 [info] > git rev-parse --show-toplevel [7ms]
2023-01-10 19:40:56.248 [info] fatal: not a git repository (or any of the parent directories): .git
2023-01-10 19:40:57.311 [info] > git rev-parse --show-toplevel [12ms]
2023-01-10 19:40:57.311 [info] fatal: not a git repository (or any of the parent directories): .git
2023-01-10 19:40:58.274 [info] > git rev-parse --show-toplevel [28ms]
2023-01-10 19:40:58.274 [info] fatal: not a git repository (or any of the parent directories): .git
2023-01-10 19:40:58.875 [info] > git rev-parse --show-toplevel [5ms]
2023-01-10 19:40:58.875 [info] fatal: not a git repository (or any of the parent directories): .git
2023-01-10 19:43:08.714 [info] > git rev-parse --show-toplevel [11ms]
2023-01-10 19:43:08.714 [info] fatal: not a git repository (or any of the parent directories): .git
2023-01-10 19:44:21.133 [info] > git rev-parse --show-toplevel [4ms]
2023-01-10 19:44:21.133 [info] fatal: not a git repository (or any of the parent directories): .git
2023-01-10 19:48:10.205 [info] > git rev-parse --show-toplevel [9ms]
2023-01-10 19:48:10.205 [info] fatal: not a git repository (or any of the parent directories): .git
2023-01-10 19:48:49.860 [info] > git rev-parse --show-toplevel [3ms]
2023-01-10 19:48:49.860 [info] fatal: not a git repository (or any of the parent directories): .git
2023-01-10 19:53:35.768 [info] > git rev-parse --show-toplevel [3ms]
2023-01-10 19:53:35.768 [info] fatal: not a git repository (or any of the parent directories): .git
2023-01-10 19:55:26.874 [info] > git rev-parse --show-toplevel [4ms]
2023-01-10 19:55:26.874 [info] fatal: not a git repository (or any of the parent directories): .git
2023-01-10 19:56:16.803 [info] > git rev-parse --show-toplevel [2ms]
2023-01-10 19:56:16.803 [info] fatal: not a git repository (or any of the parent directories): .git
2023-01-10 19:56:18.447 [info] > git rev-parse --show-toplevel [6ms]
2023-01-10 19:56:18.447 [info] fatal: not a git repository (or any of the parent directories): .git
2023-01-10 19:56:19.463 [info] > git rev-parse --show-toplevel [20ms]
2023-01-10 19:56:19.463 [info] fatal: not a git repository (or any of the parent directories): .git
2023-01-10 19:56:20.638 [info] > git rev-parse --show-toplevel [7ms]
2023-01-10 19:56:20.638 [info] fatal: not a git repository (or any of the parent directories): .git
2023-01-10 19:56:22.227 [info] > git rev-parse --show-toplevel [4ms]
2023-01-10 19:56:22.228 [info] fatal: not a git repository (or any of the parent directories): .git
2023-01-10 20:02:28.014 [info] > git rev-parse --show-toplevel [2ms]
2023-01-10 20:02:28.077 [info] fatal: not a git repository (or any of the parent directories): .git
2023-01-10 20:02:44.788 [info] > git rev-parse --show-toplevel [46ms]
2023-01-10 20:02:44.788 [info] fatal: not a git repository (or any of the parent directories): .git
2023-01-10 20:05:28.107 [info] > git rev-parse --show-toplevel [8ms]
2023-01-10 20:05:28.107 [info] fatal: not a git repository (or any of the parent directories): .git
2023-01-10 20:12:35.414 [info] > git rev-parse --show-toplevel [133ms]
2023-01-10 20:12:35.414 [info] fatal: not a git repository (or any of the parent directories): .git
2023-01-10 20:12:56.127 [info] > git rev-parse --show-toplevel [8ms]
2023-01-10 20:12:56.127 [info] fatal: not a git repository (or any of the parent directories): .git
2023-01-10 20:17:12.489 [info] > git rev-parse --show-toplevel [7ms]
2023-01-10 20:17:12.490 [info] fatal: not a git repository (or any of the parent directories): .git
2023-01-10 20:19:37.215 [info] > git rev-parse --show-toplevel [12ms]
2023-01-10 20:19:37.215 [info] fatal: not a git repository (or any of the parent directories): .git
2023-01-10 20:19:38.481 [info] > git rev-parse --show-toplevel [20ms]
2023-01-10 20:19:38.481 [info] fatal: not a git repository (or any of the parent directories): .git
2023-01-10 20:19:52.056 [info] > git rev-parse --show-toplevel [8ms]
2023-01-10 20:19:52.057 [info] fatal: not a git repository (or any of the parent directories): .git
2023-01-10 20:20:09.611 [info] > git rev-parse --show-toplevel [8ms]
2023-01-10 20:20:09.611 [info] fatal: not a git repository (or any of the parent directories): .git
2023-01-10 20:20:13.517 [info] > git rev-parse --show-toplevel [5ms]
2023-01-10 20:20:13.518 [info] fatal: not a git repository (or any of the parent directories): .git
2023-01-10 20:20:33.383 [info] > git rev-parse --show-toplevel [7ms]
2023-01-10 20:20:33.383 [info] fatal: not a git repository (or any of the parent directories): .git
2023-01-10 20:20:34.390 [info] > git rev-parse --show-toplevel [6ms]
2023-01-10 20:20:34.390 [info] fatal: not a git repository (or any of the parent directories): .git
2023-01-10 20:20:40.896 [info] > git rev-parse --show-toplevel [9ms]
2023-01-10 20:20:40.896 [info] fatal: not a git repository (or any of the parent directories): .git
2023-01-10 20:25:25.137 [info] > git rev-parse --show-toplevel [7ms]
2023-01-10 20:25:25.137 [info] fatal: not a git repository (or any of the parent directories): .git
2023-01-10 20:25:29.088 [info] > git rev-parse --show-toplevel [14ms]
2023-01-10 20:25:29.088 [info] fatal: not a git repository (or any of the parent directories): .git
2023-01-10 20:27:28.245 [info] > git rev-parse --show-toplevel [4ms]
2023-01-10 20:27:28.245 [info] fatal: not a git repository (or any of the parent directories): .git
2023-01-10 20:27:32.379 [info] > git rev-parse --show-toplevel [5ms]
2023-01-10 20:27:32.379 [info] fatal: not a git repository (or any of the parent directories): .git
2023-01-10 20:28:23.698 [info] > git rev-parse --show-toplevel [3ms]
2023-01-10 20:28:23.698 [info] fatal: not a git repository (or any of the parent directories): .git
2023-01-10 20:43:30.730 [info] > git rev-parse --show-toplevel [984ms]
2023-01-10 20:43:30.775 [info] fatal: not a git repository (or any of the parent directories): .git
2023-01-10 20:43:30.783 [info] > git rev-parse --show-toplevel [1ms]
2023-01-10 20:43:30.783 [info] fatal: not a git repository (or any of the parent directories): .git
2023-01-10 20:43:31.607 [info] > git rev-parse --show-toplevel [6ms]
2023-01-10 20:43:31.607 [info] fatal: not a git repository (or any of the parent directories): .git
2023-01-10 20:44:22.091 [info] > git rev-parse --show-toplevel [3ms]
2023-01-10 20:44:22.091 [info] fatal: not a git repository (or any of the parent directories): .git
2023-01-10 20:44:24.097 [info] > git rev-parse --show-toplevel [5ms]
2023-01-10 20:44:24.097 [info] fatal: not a git repository (or any of the parent directories): .git
2023-01-10 20:44:24.837 [info] > git rev-parse --show-toplevel [7ms]
2023-01-10 20:44:24.837 [info] fatal: not a git repository (or any of the parent directories): .git
2023-01-10 20:44:26.696 [info] > git rev-parse --show-toplevel [8ms]
2023-01-10 20:44:26.696 [info] fatal: not a git repository (or any of the parent directories): .git
2023-01-10 20:44:31.211 [info] > git rev-parse --show-toplevel [17ms]
2023-01-10 20:44:31.211 [info] fatal: not a git repository (or any of the parent directories): .git
2023-01-10 20:46:26.675 [info] > git rev-parse --show-toplevel [6ms]
2023-01-10 20:46:26.675 [info] fatal: not a git repository (or any of the parent directories): .git
2023-01-10 20:46:29.463 [info] > git rev-parse --show-toplevel [11ms]
2023-01-10 20:46:29.463 [info] fatal: not a git repository (or any of the parent directories): .git
2023-01-10 20:48:55.316 [info] > git rev-parse --show-toplevel [17ms]
2023-01-10 20:48:55.316 [info] fatal: not a git repository (or any of the parent directories): .git
2023-01-10 20:48:59.517 [info] > git rev-parse --show-toplevel [9ms]
2023-01-10 20:48:59.517 [info] fatal: not a git repository (or any of the parent directories): .git
2023-01-10 20:49:27.106 [info] > git rev-parse --show-toplevel [7ms]
2023-01-10 20:49:27.106 [info] fatal: not a git repository (or any of the parent directories): .git
2023-01-10 20:49:29.961 [info] > git rev-parse --show-toplevel [5ms]
2023-01-10 20:49:29.961 [info] fatal: not a git repository (or any of the parent directories): .git
2023-01-10 20:53:51.527 [info] > git rev-parse --show-toplevel [5ms]
2023-01-10 20:53:51.527 [info] fatal: not a git repository (or any of the parent directories): .git
2023-01-10 20:53:52.639 [info] > git rev-parse --show-toplevel [9ms]
2023-01-10 20:53:52.640 [info] fatal: not a git repository (or any of the parent directories): .git
2023-01-10 20:53:56.617 [info] > git rev-parse --show-toplevel [6ms]
2023-01-10 20:53:56.617 [info] fatal: not a git repository (or any of the parent directories): .git
2023-01-10 20:53:58.352 [info] > git rev-parse --show-toplevel [4ms]
2023-01-10 20:53:58.352 [info] fatal: not a git repository (or any of the parent directories): .git
2023-01-10 20:54:06.400 [info] > git rev-parse --show-toplevel [2ms]
2023-01-10 20:54:06.400 [info] fatal: not a git repository (or any of the parent directories): .git
2023-01-10 20:54:07.003 [info] > git rev-parse --show-toplevel [13ms]
2023-01-10 20:54:07.004 [info] fatal: not a git repository (or any of the parent directories): .git
2023-01-10 20:54:18.302 [info] > git rev-parse --show-toplevel [8ms]
2023-01-10 20:54:18.302 [info] fatal: not a git repository (or any of the parent directories): .git
2023-01-10 20:54:19.281 [info] > git rev-parse --show-toplevel [3ms]
2023-01-10 20:54:19.281 [info] fatal: not a git repository (or any of the parent directories): .git
2023-01-10 20:54:25.334 [info] > git rev-parse --show-toplevel [4ms]
2023-01-10 20:54:25.334 [info] fatal: not a git repository (or any of the parent directories): .git
2023-01-10 20:54:26.887 [info] > git rev-parse --show-toplevel [11ms]
2023-01-10 20:54:26.888 [info] fatal: not a git repository (or any of the parent directories): .git
2023-01-10 21:08:57.468 [info] > git rev-parse --show-toplevel [97ms]
2023-01-10 21:08:57.490 [info] fatal: not a git repository (or any of the parent directories): .git
2023-01-10 21:08:58.892 [info] > git rev-parse --show-toplevel [2ms]
2023-01-10 21:08:58.893 [info] fatal: not a git repository (or any of the parent directories): .git
2023-01-10 21:09:00.686 [info] > git rev-parse --show-toplevel [3ms]
2023-01-10 21:09:00.687 [info] fatal: not a git repository (or any of the parent directories): .git
2023-01-10 21:09:06.753 [info] > git rev-parse --show-toplevel [8ms]
2023-01-10 21:09:06.754 [info] fatal: not a git repository (or any of the parent directories): .git
2023-01-10 21:11:32.603 [info] > git rev-parse --show-toplevel [5ms]
2023-01-10 21:11:32.603 [info] fatal: not a git repository (or any of the parent directories): .git
2023-01-10 21:11:38.103 [info] > git rev-parse --show-toplevel [13ms]
2023-01-10 21:11:38.104 [info] fatal: not a git repository (or any of the parent directories): .git
2023-01-10 21:12:14.687 [info] > git rev-parse --show-toplevel [6ms]
2023-01-10 21:12:14.687 [info] fatal: not a git repository (or any of the parent directories): .git
2023-01-10 21:12:35.707 [info] > git rev-parse --show-toplevel [4ms]
2023-01-10 21:12:35.707 [info] fatal: not a git repository (or any of the parent directories): .git
2023-01-10 21:12:36.884 [info] > git rev-parse --show-toplevel [3ms]
2023-01-10 21:12:36.884 [info] fatal: not a git repository (or any of the parent directories): .git
2023-01-10 21:13:04.329 [info] > git rev-parse --show-toplevel [14ms]
2023-01-10 21:13:04.329 [info] fatal: not a git repository (or any of the parent directories): .git
2023-01-10 21:13:06.946 [info] > git rev-parse --show-toplevel [19ms]
2023-01-10 21:13:06.946 [info] fatal: not a git repository (or any of the parent directories): .git
2023-01-10 21:14:55.932 [info] > git rev-parse --show-toplevel [10ms]
2023-01-10 21:14:55.932 [info] fatal: not a git repository (or any of the parent directories): .git
2023-01-10 21:15:00.054 [info] > git rev-parse --show-toplevel [20ms]
2023-01-10 21:15:00.054 [info] fatal: not a git repository (or any of the parent directories): .git
2023-01-10 21:17:00.927 [info] > git rev-parse --show-toplevel [52ms]
2023-01-10 21:17:00.927 [info] fatal: not a git repository (or any of the parent directories): .git
2023-01-10 21:17:03.183 [info] > git rev-parse --show-toplevel [3ms]
2023-01-10 21:17:03.183 [info] fatal: not a git repository (or any of the parent directories): .git
2023-01-10 21:17:05.044 [info] > git rev-parse --show-toplevel [3ms]
2023-01-10 21:17:05.045 [info] fatal: not a git repository (or any of the parent directories): .git
2023-01-10 21:17:06.224 [info] > git rev-parse --show-toplevel [15ms]
2023-01-10 21:17:06.224 [info] fatal: not a git repository (or any of the parent directories): .git
2023-01-10 21:17:09.911 [info] > git rev-parse --show-toplevel [5ms]
2023-01-10 21:17:09.911 [info] fatal: not a git repository (or any of the parent directories): .git
2023-01-10 21:18:32.597 [info] > git rev-parse --show-toplevel [7ms]
2023-01-10 21:18:32.597 [info] fatal: not a git repository (or any of the parent directories): .git
2023-01-10 21:19:49.619 [info] > git rev-parse --show-toplevel [6ms]
2023-01-10 21:19:49.620 [info] fatal: not a git repository (or any of the parent directories): .git
2023-01-10 21:20:06.178 [info] > git rev-parse --show-toplevel [3ms]
2023-01-10 21:20:06.178 [info] fatal: not a git repository (or any of the parent directories): .git
2023-01-10 21:20:15.068 [info] > git rev-parse --show-toplevel [3ms]
2023-01-10 21:20:15.068 [info] fatal: not a git repository (or any of the parent directories): .git
2023-01-10 21:20:20.870 [info] > git rev-parse --show-toplevel [4ms]
2023-01-10 21:20:20.870 [info] fatal: not a git repository (or any of the parent directories): .git
2023-01-10 21:20:44.501 [info] > git rev-parse --show-toplevel [17ms]
2023-01-10 21:20:44.501 [info] fatal: not a git repository (or any of the parent directories): .git
2023-01-10 21:20:46.068 [info] > git rev-parse --show-toplevel [8ms]
2023-01-10 21:20:46.068 [info] fatal: not a git repository (or any of the parent directories): .git
2023-01-10 21:20:58.389 [info] > git rev-parse --show-toplevel [13ms]
2023-01-10 21:20:58.389 [info] fatal: not a git repository (or any of the parent directories): .git
2023-01-10 21:21:13.612 [info] > git rev-parse --show-toplevel [9ms]
2023-01-10 21:21:13.612 [info] fatal: not a git repository (or any of the parent directories): .git
2023-01-10 21:25:37.809 [info] > git rev-parse --show-toplevel [6ms]
2023-01-10 21:25:37.809 [info] fatal: not a git repository (or any of the parent directories): .git
2023-01-10 21:25:55.338 [info] > git rev-parse --show-toplevel [8ms]
2023-01-10 21:25:55.339 [info] fatal: not a git repository (or any of the parent directories): .git
2023-01-10 23:34:11.756 [info] > git rev-parse --show-toplevel [294ms]
2023-01-10 23:34:11.931 [info] fatal: not a git repository (or any of the parent directories): .git
2023-01-10 23:34:30.678 [info] > git rev-parse --show-toplevel [5ms]
2023-01-10 23:34:30.678 [info] fatal: not a git repository (or any of the parent directories): .git
2023-01-10 23:34:32.130 [info] > git rev-parse --show-toplevel [7ms]
2023-01-10 23:34:32.130 [info] fatal: not a git repository (or any of the parent directories): .git
2023-01-10 23:35:06.260 [info] > git rev-parse --show-toplevel [5ms]
2023-01-10 23:35:06.260 [info] fatal: not a git repository (or any of the parent directories): .git
2023-01-10 23:35:19.306 [info] > git rev-parse --show-toplevel [8ms]
2023-01-10 23:35:19.306 [info] fatal: not a git repository (or any of the parent directories): .git
2023-01-10 23:39:36.875 [info] > git rev-parse --show-toplevel [4ms]
2023-01-10 23:39:36.875 [info] fatal: not a git repository (or any of the parent directories): .git
2023-01-10 23:39:41.506 [info] > git rev-parse --show-toplevel [10ms]
2023-01-10 23:39:41.506 [info] fatal: not a git repository (or any of the parent directories): .git
2023-01-10 23:39:51.644 [info] > git rev-parse --show-toplevel [9ms]
2023-01-10 23:39:51.644 [info] fatal: not a git repository (or any of the parent directories): .git
2023-01-10 23:39:55.621 [info] > git rev-parse --show-toplevel [3ms]
2023-01-10 23:39:55.621 [info] fatal: not a git repository (or any of the parent directories): .git
2023-01-10 23:39:57.219 [info] > git rev-parse --show-toplevel [16ms]
2023-01-10 23:39:57.219 [info] fatal: not a git repository (or any of the parent directories): .git
2023-01-10 23:39:59.852 [info] > git rev-parse --show-toplevel [3ms]
2023-01-10 23:39:59.852 [info] fatal: not a git repository (or any of the parent directories): .git
2023-01-10 23:40:11.851 [info] > git rev-parse --show-toplevel [6ms]
2023-01-10 23:40:11.851 [info] fatal: not a git repository (or any of the parent directories): .git
2023-01-10 23:42:15.704 [info] > git rev-parse --show-toplevel [5ms]
2023-01-10 23:42:15.704 [info] fatal: not a git repository (or any of the parent directories): .git
2023-01-10 23:42:24.709 [info] > git rev-parse --show-toplevel [9ms]
2023-01-10 23:42:24.709 [info] fatal: not a git repository (or any of the parent directories): .git
2023-01-10 23:42:25.624 [info] > git rev-parse --show-toplevel [7ms]
2023-01-10 23:42:25.624 [info] fatal: not a git repository (or any of the parent directories): .git
2023-01-10 23:42:29.061 [info] > git rev-parse --show-toplevel [7ms]
2023-01-10 23:42:29.061 [info] fatal: not a git repository (or any of the parent directories): .git
2023-01-10 23:43:07.102 [info] > git rev-parse --show-toplevel [6ms]
2023-01-10 23:43:07.103 [info] fatal: not a git repository (or any of the parent directories): .git
2023-01-10 23:43:09.388 [info] > git rev-parse --show-toplevel [2ms]
2023-01-10 23:43:09.389 [info] fatal: not a git repository (or any of the parent directories): .git
2023-01-10 23:43:21.949 [info] > git rev-parse --show-toplevel [4ms]
2023-01-10 23:43:21.950 [info] fatal: not a git repository (or any of the parent directories): .git
2023-01-10 23:43:24.614 [info] > git rev-parse --show-toplevel [6ms]
2023-01-10 23:43:24.614 [info] fatal: not a git repository (or any of the parent directories): .git
2023-01-10 23:47:49.519 [info] > git rev-parse --show-toplevel [9ms]
2023-01-10 23:47:49.519 [info] fatal: not a git repository (or any of the parent directories): .git
2023-01-10 23:47:59.126 [info] > git rev-parse --show-toplevel [4ms]
2023-01-10 23:47:59.126 [info] fatal: not a git repository (or any of the parent directories): .git
2023-01-10 23:48:02.319 [info] > git rev-parse --show-toplevel [4ms]
2023-01-10 23:48:02.319 [info] fatal: not a git repository (or any of the parent directories): .git
2023-01-10 23:48:23.011 [info] > git rev-parse --show-toplevel [8ms]
2023-01-10 23:48:23.012 [info] fatal: not a git repository (or any of the parent directories): .git
2023-01-10 23:51:08.202 [info] > git rev-parse --show-toplevel [4ms]
2023-01-10 23:51:08.202 [info] fatal: not a git repository (or any of the parent directories): .git
2023-01-10 23:51:21.727 [info] > git rev-parse --show-toplevel [19ms]
2023-01-10 23:51:21.727 [info] fatal: not a git repository (or any of the parent directories): .git
2023-01-10 23:51:32.130 [info] > git rev-parse --show-toplevel [8ms]
2023-01-10 23:51:32.130 [info] fatal: not a git repository (or any of the parent directories): .git
2023-01-10 23:51:33.147 [info] > git rev-parse --show-toplevel [13ms]
2023-01-10 23:51:33.148 [info] fatal: not a git repository (or any of the parent directories): .git
2023-01-10 23:52:33.874 [info] > git rev-parse --show-toplevel [6ms]
2023-01-10 23:52:33.874 [info] fatal: not a git repository (or any of the parent directories): .git
2023-01-10 23:52:40.644 [info] > git rev-parse --show-toplevel [18ms]
2023-01-10 23:52:40.644 [info] fatal: not a git repository (or any of the parent directories): .git
2023-01-10 23:52:54.439 [info] > git rev-parse --show-toplevel [6ms]
2023-01-10 23:52:54.440 [info] fatal: not a git repository (or any of the parent directories): .git
2023-01-10 23:52:59.373 [info] > git rev-parse --show-toplevel [7ms]
2023-01-10 23:52:59.374 [info] fatal: not a git repository (or any of the parent directories): .git
2023-01-10 23:53:14.127 [info] > git rev-parse --show-toplevel [6ms]
2023-01-10 23:53:14.128 [info] fatal: not a git repository (or any of the parent directories): .git
2023-01-10 23:53:22.401 [info] > git rev-parse --show-toplevel [4ms]
2023-01-10 23:53:22.401 [info] fatal: not a git repository (or any of the parent directories): .git
2023-01-10 23:53:50.657 [info] > git rev-parse --show-toplevel [4ms]
2023-01-10 23:53:50.657 [info] fatal: not a git repository (or any of the parent directories): .git
2023-01-10 23:54:15.409 [info] > git rev-parse --show-toplevel [12ms]
2023-01-10 23:54:15.409 [info] fatal: not a git repository (or any of the parent directories): .git
2023-01-10 23:54:27.281 [info] > git rev-parse --show-toplevel [7ms]
2023-01-10 23:54:27.281 [info] fatal: not a git repository (or any of the parent directories): .git
2023-01-10 23:54:31.781 [info] > git rev-parse --show-toplevel [9ms]
2023-01-10 23:54:31.782 [info] fatal: not a git repository (or any of the parent directories): .git
2023-01-10 23:55:34.484 [info] > git rev-parse --show-toplevel [36ms]
2023-01-10 23:55:34.484 [info] fatal: not a git repository (or any of the parent directories): .git
2023-01-10 23:56:08.920 [info] > git rev-parse --show-toplevel [18ms]
2023-01-10 23:56:08.920 [info] fatal: not a git repository (or any of the parent directories): .git
2023-01-10 23:56:15.151 [info] > git rev-parse --show-toplevel [2ms]
2023-01-10 23:56:15.151 [info] fatal: not a git repository (or any of the parent directories): .git
2023-01-10 23:56:22.820 [info] > git rev-parse --show-toplevel [45ms]
2023-01-10 23:56:22.821 [info] fatal: not a git repository (or any of the parent directories): .git
2023-01-10 23:56:53.360 [info] > git rev-parse --show-toplevel [3ms]
2023-01-10 23:56:53.360 [info] fatal: not a git repository (or any of the parent directories): .git
2023-01-10 23:56:54.174 [info] > git rev-parse --show-toplevel [23ms]
2023-01-10 23:56:54.174 [info] fatal: not a git repository (or any of the parent directories): .git
2023-01-10 23:57:18.011 [info] > git rev-parse --show-toplevel [3ms]
2023-01-10 23:57:18.011 [info] fatal: not a git repository (or any of the parent directories): .git
2023-01-10 23:57:30.420 [info] > git rev-parse --show-toplevel [6ms]
2023-01-10 23:57:30.421 [info] fatal: not a git repository (or any of the parent directories): .git
2023-01-10 23:59:08.217 [info] > git rev-parse --show-toplevel [8ms]
2023-01-10 23:59:08.217 [info] fatal: not a git repository (or any of the parent directories): .git
2023-01-10 23:59:09.384 [info] > git rev-parse --show-toplevel [9ms]
2023-01-10 23:59:09.384 [info] fatal: not a git repository (or any of the parent directories): .git
2023-01-11 00:00:30.409 [info] > git rev-parse --show-toplevel [8ms]
2023-01-11 00:00:30.409 [info] fatal: not a git repository (or any of the parent directories): .git
2023-01-11 00:01:03.521 [info] > git rev-parse --show-toplevel [23ms]
2023-01-11 00:01:03.521 [info] fatal: not a git repository (or any of the parent directories): .git
